<html>
<head>
<title>TestNG:  Default test</title>
<link href="../testng.css" rel="stylesheet" type="text/css" />
<link href="../my-testng.css" rel="stylesheet" type="text/css" />

<style type="text/css">
.log { display: none;} 
.stack-trace { display: none;} 
</style>
<script type="text/javascript">
<!--
function flip(e) {
  current = e.style.display;
  if (current == 'block') {
    e.style.display = 'none';
    return 0;
  }
  else {
    e.style.display = 'block';
    return 1;
  }
}

function toggleBox(szDivId, elem, msg1, msg2)
{
  var res = -1;  if (document.getElementById) {
    res = flip(document.getElementById(szDivId));
  }
  else if (document.all) {
    // this is the way old msie versions work
    res = flip(document.all[szDivId]);
  }
  if(elem) {
    if(res == 0) elem.innerHTML = msg1; else elem.innerHTML = msg2;
  }

}

function toggleAllBoxes() {
  if (document.getElementsByTagName) {
    d = document.getElementsByTagName('div');
    for (i = 0; i < d.length; i++) {
      if (d[i].className == 'log') {
        flip(d[i]);
      }
    }
  }
}

// -->
</script>

</head>
<body>
<h2 align='center'>Default test</h2><table border='1' align="center">
<tr>
<td>Tests passed/Failed/Skipped:</td><td>0/1/0</td>
</tr><tr>
<td>Started on:</td><td>Thu Nov 09 18:29:45 IST 2023</td>
</tr>
<tr><td>Total time:</td><td>27 seconds (27598 ms)</td>
</tr><tr>
<td>Included groups:</td><td></td>
</tr><tr>
<td>Excluded groups:</td><td></td>
</tr>
</table><p/>
<small><i>(Hover the method name to see the test class name)</i></small><p/>
<table width='100%' border='1' class='invocation-failed'>
<tr><td colspan='4' align='center'><b>FAILED TESTS</b></td></tr>
<tr><td><b>Test method</b></td>
<td width="30%"><b>Exception</b></td>
<td width="10%"><b>Time (seconds)</b></td>
<td><b>Instance</b></td>
</tr>
<tr>
<td title='com.buildpiper.testcases.ServiceCreationTestcases.ServiceOverviewSearch()'><b>ServiceOverviewSearch</b><br>Test class: com.buildpiper.testcases.ServiceCreationTestcases<br/>
<a href="#Output-329481770" onClick='toggleBox("Output-329481770", this, "Show output", "Hide output");'>Show output</a>

<a href="#Output-329481770" onClick="toggleAllBoxes();">Show all outputs</a>
<div class='log' id="Output-329481770">
checking if driver exist<br/>
Open URL:http://122.160.30.218:16680/<br/>
<img src=D:\buildpiper\BP-3.1MajorRelease\Reports\09Nov_182944\ServiceOverviewSearch_chrome\ServiceOverviewSearch_chrome_313_Nov_182947.jpg alt='Lamp' width='500' height='400'><br/>
Executing; ui_launch<br/>
Element : name: email]is displayed on screen<br/>
Setting value on element USER_NAME<br/>
<img src=D:\buildpiper\BP-3.1MajorRelease\Reports\09Nov_182944\ServiceOverviewSearch_chrome\ServiceOverviewSearch_chrome_313_Nov_182950.jpg alt='Lamp' width='500' height='400'><br/>
Element : name: password]is displayed on screen<br/>
Setting value on element PASSWORD<br/>
<img src=D:\buildpiper\BP-3.1MajorRelease\Reports\09Nov_182944\ServiceOverviewSearch_chrome\ServiceOverviewSearch_chrome_313_Nov_182950.jpg alt='Lamp' width='500' height='400'><br/>
Element : xpath: //button[@type='submit']]is displayed on screen<br/>
Clicking on element LOGIN_BTN<br/>
<img src=D:\buildpiper\BP-3.1MajorRelease\Reports\09Nov_182944\ServiceOverviewSearch_chrome\ServiceOverviewSearch_chrome_313_Nov_182951.jpg alt='Lamp' width='500' height='400'><br/>
Successful navigation is validated for LoginPage<br/>
checking if driver exist<br/>
<img src=D:\buildpiper\BP-3.1MajorRelease\Reports\09Nov_182944\ServiceOverviewSearch_chrome\ServiceOverviewSearch_chrome_313_Nov_182951.jpg alt='Lamp' width='500' height='400'><br/>
checking if driver exist<br/>
<img src=D:\buildpiper\BP-3.1MajorRelease\Reports\09Nov_182944\ServiceOverviewSearch_chrome\ServiceOverviewSearch_chrome_313_Nov_182952.jpg alt='Lamp' width='500' height='400'><br/>
Element : xpath: //button[@type='button' and @aria-controls='menu-appbar']//div//div]is displayed on screen<br/>
Clicking on element userMenuAppBar<br/>
<img src=D:\buildpiper\BP-3.1MajorRelease\Reports\09Nov_182944\ServiceOverviewSearch_chrome\ServiceOverviewSearch_chrome_313_Nov_182952.jpg alt='Lamp' width='500' height='400'><br/>
Element : xpath: //button[contains(@class,'btn-link-green')][text()=' Switch to User Portal']]is displayed on screen<br/>
Clicking on element switching to user account<br/>
<img src=D:\buildpiper\BP-3.1MajorRelease\Reports\09Nov_182944\ServiceOverviewSearch_chrome\ServiceOverviewSearch_chrome_313_Nov_182952.jpg alt='Lamp' width='500' height='400'><br/>
checking if driver exist<br/>
<img src=D:\buildpiper\BP-3.1MajorRelease\Reports\09Nov_182944\ServiceOverviewSearch_chrome\ServiceOverviewSearch_chrome_313_Nov_182953.jpg alt='Lamp' width='500' height='400'><br/>
Element : xpath: //li//button[contains(@class,'main-nav-1')]//span[1][@title]]is displayed on screen<br/>
Element is present  xpath: //li//button[contains(@class,'main-nav-1')]//span[1][@title]]<br/>
<img src=D:\buildpiper\BP-3.1MajorRelease\Reports\09Nov_182944\ServiceOverviewSearch_chrome\ServiceOverviewSearch_chrome_313_Nov_182953.jpg alt='Lamp' width='500' height='400'><br/>
Element : xpath: //button//span[2][@class='flaticon-expand-arrow']/../..//div//span[@title='Service Overview']]is displayed on screen<br/>
Element is present  xpath: //button//span[2][@class='flaticon-expand-arrow']/../..//div//span[@title='Service Overview']]<br/>
<img src=D:\buildpiper\BP-3.1MajorRelease\Reports\09Nov_182944\ServiceOverviewSearch_chrome\ServiceOverviewSearch_chrome_313_Nov_182953.jpg alt='Lamp' width='500' height='400'><br/>
Element : xpath: //button//span[2][@class='flaticon-expand-arrow']/../..//div//span[@title='Service Overview']]is displayed on screen<br/>
Clicking on element Poc_QA serviceOverviewLink<br/>
<img src=D:\buildpiper\BP-3.1MajorRelease\Reports\09Nov_182944\ServiceOverviewSearch_chrome\ServiceOverviewSearch_chrome_313_Nov_182953.jpg alt='Lamp' width='500' height='400'><br/>
Element : xpath: //input[@placeholder='Name']]is displayed on screen<br/>
Element is present  xpath: //input[@placeholder='Name']]<br/>
<img src=D:\buildpiper\BP-3.1MajorRelease\Reports\09Nov_182944\ServiceOverviewSearch_chrome\ServiceOverviewSearch_chrome_313_Nov_182957.jpg alt='Lamp' width='500' height='400'><br/>
Element : xpath: //input[@placeholder='Name']]is displayed on screen<br/>
Clicking on element clicks on environment overview tab under applicartion name<br/>
<img src=D:\buildpiper\BP-3.1MajorRelease\Reports\09Nov_182944\ServiceOverviewSearch_chrome\ServiceOverviewSearch_chrome_313_Nov_182957.jpg alt='Lamp' width='500' height='400'><br/>
Element : xpath: //input[@placeholder='Name']]is displayed on screen<br/>
Element : xpath: //input[@placeholder='Name']]is displayed on screen<br/>
Element is present  xpath: //input[@placeholder='Name']]<br/>
<img src=D:\buildpiper\BP-3.1MajorRelease\Reports\09Nov_182944\ServiceOverviewSearch_chrome\ServiceOverviewSearch_chrome_313_Nov_183000.jpg alt='Lamp' width='500' height='400'><br/>
Element : xpath: //input[@placeholder='Name']]is displayed on screen<br/>
Clicking on element clicks on environment overview tab under applicartion name<br/>
<img src=D:\buildpiper\BP-3.1MajorRelease\Reports\09Nov_182944\ServiceOverviewSearch_chrome\ServiceOverviewSearch_chrome_313_Nov_183001.jpg alt='Lamp' width='500' height='400'><br/>
Element : xpath: //input[@placeholder='Name']]is displayed on screen<br/>
Element : xpath: //button[text()='Check Status']]is displayed on screen<br/>
Clicking on element Click on statusCheck<br/>
<img src=D:\buildpiper\BP-3.1MajorRelease\Reports\09Nov_182944\ServiceOverviewSearch_chrome\ServiceOverviewSearch_chrome_313_Nov_183004.jpg alt='Lamp' width='500' height='400'><br/>
Element is present  xpath: //button[@title='Build']]<br/>
<img src=D:\buildpiper\BP-3.1MajorRelease\Reports\09Nov_182944\ServiceOverviewSearch_chrome\ServiceOverviewSearch_chrome_313_Nov_183009.jpg alt='Lamp' width='500' height='400'><br/>
Element is present  xpath: //button[@title='Deploy']]<br/>
<img src=D:\buildpiper\BP-3.1MajorRelease\Reports\09Nov_182944\ServiceOverviewSearch_chrome\ServiceOverviewSearch_chrome_313_Nov_183010.jpg alt='Lamp' width='500' height='400'><br/>
Element is present  xpath: //button/span[@class='flaticon-forward-arrow']]<br/>
<img src=D:\buildpiper\BP-3.1MajorRelease\Reports\09Nov_182944\ServiceOverviewSearch_chrome\ServiceOverviewSearch_chrome_313_Nov_183010.jpg alt='Lamp' width='500' height='400'><br/>
Element is present  xpath: //button[@title='History']]<br/>
<img src=D:\buildpiper\BP-3.1MajorRelease\Reports\09Nov_182944\ServiceOverviewSearch_chrome\ServiceOverviewSearch_chrome_313_Nov_183010.jpg alt='Lamp' width='500' height='400'><br/>
Element is present  xpath: //button[@title='Monitoring']]<br/>
<img src=D:\buildpiper\BP-3.1MajorRelease\Reports\09Nov_182944\ServiceOverviewSearch_chrome\ServiceOverviewSearch_chrome_313_Nov_183010.jpg alt='Lamp' width='500' height='400'><br/>
Element : xpath: //button[@title='History']]is displayed on screen<br/>
 Element [[ChromeDriver: chrome on WINDOWS (e704ed96993883ca9f8169e5a9130bba)] -> xpath: //button[@title='History']] is not clickable using selenium click<br/>
<img src=D:\buildpiper\BP-3.1MajorRelease\Reports\09Nov_182944\ServiceOverviewSearch_chrome\ServiceOverviewSearch_chrome_313_Nov_183012.jpg alt='Lamp' width='500' height='400'><br/>
Clicking on element Click on History Icon<br/>
<img src=D:\buildpiper\BP-3.1MajorRelease\Reports\09Nov_182944\ServiceOverviewSearch_chrome\ServiceOverviewSearch_chrome_313_Nov_183012.jpg alt='Lamp' width='500' height='400'><br/>
Element : xpath: //ul[@class='headerul']/li[text()='Deploy']]is displayed on screen<br/>
Clicking on element Select ServiceType Tab<br/>
<img src=D:\buildpiper\BP-3.1MajorRelease\Reports\09Nov_182944\ServiceOverviewSearch_chrome\ServiceOverviewSearch_chrome_313_Nov_183012.jpg alt='Lamp' width='500' height='400'><br/>
Element : xpath: //ul[@class='headerul']/li[text()='Promote']]is displayed on screen<br/>
Clicking on element Select ServiceType Tab<br/>
<img src=D:\buildpiper\BP-3.1MajorRelease\Reports\09Nov_182944\ServiceOverviewSearch_chrome\ServiceOverviewSearch_chrome_313_Nov_183012.jpg alt='Lamp' width='500' height='400'><br/>
Result upload to testlink is disabled, Please ensure you have 'UpdateTestLink=Yes' in project.properties <br/>
####### End of Test Case: ServiceOverviewSearch #######<br/>
</div>
</td>
<td><div><pre>org.openqa.selenium.NoSuchElementException: no such element: Unable to locate element: {&quot;method&quot;:&quot;xpath&quot;,&quot;selector&quot;:&quot;//div[@class=&apos;history-body&apos;]/div/a&quot;}
  (Session info: chrome=119.0.6045.123)
For documentation on this error, please visit: https://www.seleniumhq.org/exceptions/no_such_element.html
Build info: version: &apos;3.141.59&apos;, revision: &apos;e82be7d358&apos;, time: &apos;2018-11-14T08:17:03&apos;
System info: host: &apos;DESKTOP-PTF1H2O&apos;, ip: &apos;192.168.1.9&apos;, os.name: &apos;Windows 10&apos;, os.arch: &apos;amd64&apos;, os.version: &apos;10.0&apos;, java.version: &apos;19.0.1&apos;
Driver info: org.openqa.selenium.chrome.ChromeDriver
Capabilities {acceptInsecureCerts: false, browserName: chrome, browserVersion: 119.0.6045.123, chrome: {chromedriverVersion: 119.0.6045.105 (38c72552c5e..., userDataDir: C:\Users\Rahul\AppData\Loca...}, fedcm:accounts: true, goog:chromeOptions: {debuggerAddress: localhost:63983}, javascriptEnabled: true, networkConnectionEnabled: false, pageLoadStrategy: normal, platform: WINDOWS, platformName: WINDOWS, proxy: Proxy(), setWindowRect: true, strictFileInteractability: false, timeouts: {implicit: 0, pageLoad: 300000, script: 30000}, unhandledPromptBehavior: dismiss and notify, webauthn:extension:credBlob: true, webauthn:extension:largeBlob: true, webauthn:extension:minPinLength: true, webauthn:extension:prf: true, webauthn:virtualAuthenticators: true}
Session ID: e704ed96993883ca9f8169e5a9130bba
*** Element info: {Using=xpath, value=//div[@class=&apos;history-body&apos;]/div/a}
	at java.base/jdk.internal.reflect.DirectConstructorHandleAccessor.newInstance(DirectConstructorHandleAccessor.java:67)
	at java.base/java.lang.reflect.Constructor.newInstanceWithCaller(Constructor.java:500)
	at java.base/java.lang.reflect.Constructor.newInstance(Constructor.java:484)
	at org.openqa.selenium.remote.http.W3CHttpResponseCodec.createException(W3CHttpResponseCodec.java:187)
	at org.openqa.selenium.remote.http.W3CHttpResponseCodec.decode(W3CHttpResponseCodec.java:122)
	at org.openqa.selenium.remote.http.W3CHttpResponseCodec.decode(W3CHttpResponseCodec.java:49)
	at org.openqa.selenium.remote.HttpCommandExecutor.execute(HttpCommandExecutor.java:158)
	at org.openqa.selenium.remote.service.DriverCommandExecutor.execute(DriverCommandExecutor.java:83)
	at org.openqa.selenium.remote.RemoteWebDriver.execute(RemoteWebDriver.java:552)
	at org.openqa.selenium.remote.RemoteWebDriver.findElement(RemoteWebDriver.java:323)
	at org.openqa.selenium.remote.RemoteWebDriver.findElementByXPath(RemoteWebDriver.java:428)
	at org.openqa.selenium.By$ByXPath.findElement(By.java:353)
	at org.openqa.selenium.remote.RemoteWebDriver.findElement(RemoteWebDriver.java:315)
	at org.openqa.selenium.support.pagefactory.DefaultElementLocator.findElement(DefaultElementLocator.java:69)
	at org.openqa.selenium.support.pagefactory.internal.LocatingElementHandler.invoke(LocatingElementHandler.java:38)
	at jdk.proxy2/jdk.proxy2.$Proxy25.getText(Unknown Source)
	at com.buildpiper.pages.ServiceCreationPage.SearchService(ServiceCreationPage.java:1415)
	at com.buildpiper.testcases.ServiceCreationTestcases.ServiceOverviewSearch(ServiceCreationTestcases.java:138)
	at java.base/jdk.internal.reflect.DirectMethodHandleAccessor.invoke(DirectMethodHandleAccessor.java:104)
	at java.base/java.lang.reflect.Method.invoke(Method.java:578)
	at org.testng.internal.MethodInvocationHelper.invokeMethod(MethodInvocationHelper.java:134)
	at org.testng.internal.TestInvoker.invokeMethod(TestInvoker.java:597)
	at org.testng.internal.TestInvoker.invokeTestMethod(TestInvoker.java:173)
	at org.testng.internal.MethodRunner.runInSequence(MethodRunner.java:46)
	at org.testng.internal.TestInvoker$MethodInvocationAgent.invoke(TestInvoker.java:816)
	at org.testng.internal.TestInvoker.invokeTestMethods(TestInvoker.java:146)
	at org.testng.internal.TestMethodWorker.invokeTestMethods(TestMethodWorker.java:146)
	at org.testng.internal.TestMethodWorker.run(TestMethodWorker.java:128)
	at java.base/java.util.ArrayList.forEach(ArrayList.java:1511)
	at org.testng.TestRunner.privateRun(TestRunner.java:766)
	at org.testng.TestRunner.run(TestRunner.java:587)
	at org.testng.SuiteRunner.runTest(SuiteRunner.java:384)
	at org.testng.SuiteRunner.runSequentially(SuiteRunner.java:378)
	at org.testng.SuiteRunner.privateRun(SuiteRunner.java:337)
	at org.testng.SuiteRunner.run(SuiteRunner.java:286)
	at org.testng.SuiteRunnerWorker.runSuite(SuiteRunnerWorker.java:53)
	at org.testng.SuiteRunnerWorker.run(SuiteRunnerWorker.java:96)
	at org.testng.TestNG.runSuitesSequentially(TestNG.java:1187)
	at org.testng.TestNG.runSuitesLocally(TestNG.java:1109)
	at org.testng.TestNG.runSuites(TestNG.java:1039)
	at org.testng.TestNG.run(TestNG.java:1007)
	at org.testng.remote.AbstractRemoteTestNG.run(AbstractRemoteTestNG.java:115)
	at org.testng.remote.RemoteTestNG.initAndRun(RemoteTestNG.java:251)
	at org.testng.remote.RemoteTestNG.main(RemoteTestNG.java:77)
</pre></div><a href='#' onClick='toggleBox("stack-trace329481770", this, "Click to show all stack frames", "Click to hide stack frames")'>Click to show all stack frames</a>
<div class='stack-trace' id='stack-trace329481770'><pre>org.openqa.selenium.NoSuchElementException: no such element: Unable to locate element: {&quot;method&quot;:&quot;xpath&quot;,&quot;selector&quot;:&quot;//div[@class=&apos;history-body&apos;]/div/a&quot;}
  (Session info: chrome=119.0.6045.123)
For documentation on this error, please visit: https://www.seleniumhq.org/exceptions/no_such_element.html
Build info: version: &apos;3.141.59&apos;, revision: &apos;e82be7d358&apos;, time: &apos;2018-11-14T08:17:03&apos;
System info: host: &apos;DESKTOP-PTF1H2O&apos;, ip: &apos;192.168.1.9&apos;, os.name: &apos;Windows 10&apos;, os.arch: &apos;amd64&apos;, os.version: &apos;10.0&apos;, java.version: &apos;19.0.1&apos;
Driver info: org.openqa.selenium.chrome.ChromeDriver
Capabilities {acceptInsecureCerts: false, browserName: chrome, browserVersion: 119.0.6045.123, chrome: {chromedriverVersion: 119.0.6045.105 (38c72552c5e..., userDataDir: C:\Users\Rahul\AppData\Loca...}, fedcm:accounts: true, goog:chromeOptions: {debuggerAddress: localhost:63983}, javascriptEnabled: true, networkConnectionEnabled: false, pageLoadStrategy: normal, platform: WINDOWS, platformName: WINDOWS, proxy: Proxy(), setWindowRect: true, strictFileInteractability: false, timeouts: {implicit: 0, pageLoad: 300000, script: 30000}, unhandledPromptBehavior: dismiss and notify, webauthn:extension:credBlob: true, webauthn:extension:largeBlob: true, webauthn:extension:minPinLength: true, webauthn:extension:prf: true, webauthn:virtualAuthenticators: true}
Session ID: e704ed96993883ca9f8169e5a9130bba
*** Element info: {Using=xpath, value=//div[@class=&apos;history-body&apos;]/div/a}
	at java.base/jdk.internal.reflect.DirectConstructorHandleAccessor.newInstance(DirectConstructorHandleAccessor.java:67)
	at java.base/java.lang.reflect.Constructor.newInstanceWithCaller(Constructor.java:500)
	at java.base/java.lang.reflect.Constructor.newInstance(Constructor.java:484)
	at org.openqa.selenium.remote.http.W3CHttpResponseCodec.createException(W3CHttpResponseCodec.java:187)
	at org.openqa.selenium.remote.http.W3CHttpResponseCodec.decode(W3CHttpResponseCodec.java:122)
	at org.openqa.selenium.remote.http.W3CHttpResponseCodec.decode(W3CHttpResponseCodec.java:49)
	at org.openqa.selenium.remote.HttpCommandExecutor.execute(HttpCommandExecutor.java:158)
	at org.openqa.selenium.remote.service.DriverCommandExecutor.execute(DriverCommandExecutor.java:83)
	at org.openqa.selenium.remote.RemoteWebDriver.execute(RemoteWebDriver.java:552)
	at org.openqa.selenium.remote.RemoteWebDriver.findElement(RemoteWebDriver.java:323)
	at org.openqa.selenium.remote.RemoteWebDriver.findElementByXPath(RemoteWebDriver.java:428)
	at org.openqa.selenium.By$ByXPath.findElement(By.java:353)
	at org.openqa.selenium.remote.RemoteWebDriver.findElement(RemoteWebDriver.java:315)
	at org.openqa.selenium.support.pagefactory.DefaultElementLocator.findElement(DefaultElementLocator.java:69)
	at org.openqa.selenium.support.pagefactory.internal.LocatingElementHandler.invoke(LocatingElementHandler.java:38)
	at jdk.proxy2/jdk.proxy2.$Proxy25.getText(Unknown Source)
	at com.buildpiper.pages.ServiceCreationPage.SearchService(ServiceCreationPage.java:1415)
	at com.buildpiper.testcases.ServiceCreationTestcases.ServiceOverviewSearch(ServiceCreationTestcases.java:138)
	at java.base/jdk.internal.reflect.DirectMethodHandleAccessor.invoke(DirectMethodHandleAccessor.java:104)
	at java.base/java.lang.reflect.Method.invoke(Method.java:578)
	at org.testng.internal.MethodInvocationHelper.invokeMethod(MethodInvocationHelper.java:134)
	at org.testng.internal.TestInvoker.invokeMethod(TestInvoker.java:597)
	at org.testng.internal.TestInvoker.invokeTestMethod(TestInvoker.java:173)
	at org.testng.internal.MethodRunner.runInSequence(MethodRunner.java:46)
	at org.testng.internal.TestInvoker$MethodInvocationAgent.invoke(TestInvoker.java:816)
	at org.testng.internal.TestInvoker.invokeTestMethods(TestInvoker.java:146)
	at org.testng.internal.TestMethodWorker.invokeTestMethods(TestMethodWorker.java:146)
	at org.testng.internal.TestMethodWorker.run(TestMethodWorker.java:128)
	at java.base/java.util.ArrayList.forEach(ArrayList.java:1511)
	at org.testng.TestRunner.privateRun(TestRunner.java:766)
	at org.testng.TestRunner.run(TestRunner.java:587)
	at org.testng.SuiteRunner.runTest(SuiteRunner.java:384)
	at org.testng.SuiteRunner.runSequentially(SuiteRunner.java:378)
	at org.testng.SuiteRunner.privateRun(SuiteRunner.java:337)
	at org.testng.SuiteRunner.run(SuiteRunner.java:286)
	at org.testng.SuiteRunnerWorker.runSuite(SuiteRunnerWorker.java:53)
	at org.testng.SuiteRunnerWorker.run(SuiteRunnerWorker.java:96)
	at org.testng.TestNG.runSuitesSequentially(TestNG.java:1187)
	at org.testng.TestNG.runSuitesLocally(TestNG.java:1109)
	at org.testng.TestNG.runSuites(TestNG.java:1039)
	at org.testng.TestNG.run(TestNG.java:1007)
	at org.testng.remote.AbstractRemoteTestNG.run(AbstractRemoteTestNG.java:115)
	at org.testng.remote.RemoteTestNG.initAndRun(RemoteTestNG.java:251)
	at org.testng.remote.RemoteTestNG.main(RemoteTestNG.java:77)
</pre></div></td>
<td>27</td>
<td>com.buildpiper.testcases.ServiceCreationTestcases@5eefa415</td></tr>
</table><p>
</body>
</html>