<?xml version="1.0" encoding="UTF-8"?>
<testng-results ignored="2" total="3" passed="0" failed="1" skipped="0">
  <reporter-output>
    <line>
      <![CDATA[Test Execution ID : 05Jan_161925]]>
    </line>
    <line>
      <![CDATA[####### Starting  Test Case: AddNewStep #######]]>
    </line>
    <line>
      <![CDATA[Getting test data for AddNewStep]]>
    </line>
    <line>
      <![CDATA[No testdata found for Test Case: AddNewStep]]>
    </line>
    <line>
      <![CDATA[checking if driver exist]]>
    </line>
    <line>
      <![CDATA[Open URL:http://122.160.30.218:16680/]]>
    </line>
    <line>
      <![CDATA[<img src=D:\BuildPiper_Rahul\Reports\05Jan_161925\AddNewStep_chrome\AddNewStep_chrome_05_Jan_161928.jpg alt='Lamp' width='500' height='400'>]]>
    </line>
    <line>
      <![CDATA[Executing; ui_launch]]>
    </line>
    <line>
      <![CDATA[Element : name: email]is displayed on screen]]>
    </line>
    <line>
      <![CDATA[Setting value on element USER_NAME]]>
    </line>
    <line>
      <![CDATA[<img src=D:\BuildPiper_Rahul\Reports\05Jan_161925\AddNewStep_chrome\AddNewStep_chrome_05_Jan_162023.jpg alt='Lamp' width='500' height='400'>]]>
    </line>
    <line>
      <![CDATA[Element : name: password]is displayed on screen]]>
    </line>
    <line>
      <![CDATA[Setting value on element PASSWORD]]>
    </line>
    <line>
      <![CDATA[<img src=D:\BuildPiper_Rahul\Reports\05Jan_161925\AddNewStep_chrome\AddNewStep_chrome_05_Jan_162023.jpg alt='Lamp' width='500' height='400'>]]>
    </line>
    <line>
      <![CDATA[Element : xpath: //button[@type='submit']]is displayed on screen]]>
    </line>
    <line>
      <![CDATA[Clicking on element LOGIN_BTN]]>
    </line>
    <line>
      <![CDATA[<img src=D:\BuildPiper_Rahul\Reports\05Jan_161925\AddNewStep_chrome\AddNewStep_chrome_05_Jan_162024.jpg alt='Lamp' width='500' height='400'>]]>
    </line>
    <line>
      <![CDATA[Successful navigation is validated for LoginPage]]>
    </line>
    <line>
      <![CDATA[checking if driver exist]]>
    </line>
    <line>
      <![CDATA[<img src=D:\BuildPiper_Rahul\Reports\05Jan_161925\AddNewStep_chrome\AddNewStep_chrome_05_Jan_162024.jpg alt='Lamp' width='500' height='400'>]]>
    </line>
    <line>
      <![CDATA[checking if driver exist]]>
    </line>
    <line>
      <![CDATA[<img src=D:\BuildPiper_Rahul\Reports\05Jan_161925\AddNewStep_chrome\AddNewStep_chrome_05_Jan_162030.jpg alt='Lamp' width='500' height='400'>]]>
    </line>
    <line>
      <![CDATA[Exception while scroll to view of element: ]]>
    </line>
    <line>
      <![CDATA[Exception while scroll to view of element: ]]>
    </line>
    <line>
      <![CDATA[Result upload to testlink is disabled, Please ensure you have 'UpdateTestLink=Yes' in project.properties ]]>
    </line>
    <line>
      <![CDATA[####### End of Test Case: AddNewStep #######]]>
    </line>
  </reporter-output>
  <suite started-at="2024-01-05T16:19:26 IST" name="Default suite" finished-at="2024-01-05T16:25:01 IST" duration-ms="335415">
    <groups>
      <group name="Regression">
        <method signature="JobTemplatetestCases.AddNewStep()[pri:0, instance:com.buildpiper.testcases.JobTemplatetestCases@718607eb]" name="AddNewStep" class="com.buildpiper.testcases.JobTemplatetestCases"/>
      </group> <!-- Regression -->
    </groups>
    <test started-at="2024-01-05T16:19:26 IST" name="Default test" finished-at="2024-01-05T16:25:01 IST" duration-ms="335415">
      <class name="com.buildpiper.testcases.JobTemplatetestCases">
        <test-method is-config="true" signature="setUp(org.testng.ITestContext)[pri:0, instance:com.buildpiper.testcases.JobTemplatetestCases@718607eb]" started-at="2024-01-05T16:19:26 IST" name="setUp" finished-at="2024-01-05T16:19:26 IST" duration-ms="15" status="PASS">
          <params>
            <param index="0">
              <value>
                <![CDATA[org.testng.TestRunner@7f4596d0]]>
              </value>
            </param>
          </params>
          <reporter-output>
          </reporter-output>
        </test-method> <!-- setUp -->
        <test-method is-config="true" signature="Reportsetup()[pri:0, instance:com.buildpiper.testcases.JobTemplatetestCases@718607eb]" started-at="2024-01-05T16:19:26 IST" name="Reportsetup" finished-at="2024-01-05T16:19:26 IST" duration-ms="2" status="PASS">
          <reporter-output>
          </reporter-output>
        </test-method> <!-- Reportsetup -->
        <test-method is-config="true" signature="testName(org.testng.ITestContext, java.lang.reflect.Method)[pri:0, instance:com.buildpiper.testcases.JobTemplatetestCases@718607eb]" started-at="2024-01-05T16:19:26 IST" name="testName" finished-at="2024-01-05T16:19:26 IST" duration-ms="381" status="PASS">
          <params>
            <param index="0">
              <value>
                <![CDATA[org.testng.TestRunner@7f4596d0]]>
              </value>
            </param>
            <param index="1">
              <value>
                <![CDATA[public void com.buildpiper.testcases.JobTemplatetestCases.AddNewStep()]]>
              </value>
            </param>
          </params>
          <reporter-output>
            <line>
              <![CDATA[####### Starting  Test Case: AddNewStep #######]]>
            </line>
            <line>
              <![CDATA[Getting test data for AddNewStep]]>
            </line>
            <line>
              <![CDATA[No testdata found for Test Case: AddNewStep]]>
            </line>
          </reporter-output>
        </test-method> <!-- testName -->
        <test-method is-config="true" signature="StartDriver()[pri:0, instance:com.buildpiper.testcases.JobTemplatetestCases@718607eb]" started-at="2024-01-05T16:19:26 IST" name="StartDriver" finished-at="2024-01-05T16:20:30 IST" duration-ms="63606" status="PASS">
          <reporter-output>
            <line>
              <![CDATA[checking if driver exist]]>
            </line>
            <line>
              <![CDATA[Open URL:http://122.160.30.218:16680/]]>
            </line>
            <line>
              <![CDATA[<img src=D:\BuildPiper_Rahul\Reports\05Jan_161925\AddNewStep_chrome\AddNewStep_chrome_05_Jan_161928.jpg alt='Lamp' width='500' height='400'>]]>
            </line>
            <line>
              <![CDATA[Executing; ui_launch]]>
            </line>
            <line>
              <![CDATA[Element : name: email]is displayed on screen]]>
            </line>
            <line>
              <![CDATA[Setting value on element USER_NAME]]>
            </line>
            <line>
              <![CDATA[<img src=D:\BuildPiper_Rahul\Reports\05Jan_161925\AddNewStep_chrome\AddNewStep_chrome_05_Jan_162023.jpg alt='Lamp' width='500' height='400'>]]>
            </line>
            <line>
              <![CDATA[Element : name: password]is displayed on screen]]>
            </line>
            <line>
              <![CDATA[Setting value on element PASSWORD]]>
            </line>
            <line>
              <![CDATA[<img src=D:\BuildPiper_Rahul\Reports\05Jan_161925\AddNewStep_chrome\AddNewStep_chrome_05_Jan_162023.jpg alt='Lamp' width='500' height='400'>]]>
            </line>
            <line>
              <![CDATA[Element : xpath: //button[@type='submit']]is displayed on screen]]>
            </line>
            <line>
              <![CDATA[Clicking on element LOGIN_BTN]]>
            </line>
            <line>
              <![CDATA[<img src=D:\BuildPiper_Rahul\Reports\05Jan_161925\AddNewStep_chrome\AddNewStep_chrome_05_Jan_162024.jpg alt='Lamp' width='500' height='400'>]]>
            </line>
            <line>
              <![CDATA[Successful navigation is validated for LoginPage]]>
            </line>
            <line>
              <![CDATA[checking if driver exist]]>
            </line>
            <line>
              <![CDATA[<img src=D:\BuildPiper_Rahul\Reports\05Jan_161925\AddNewStep_chrome\AddNewStep_chrome_05_Jan_162024.jpg alt='Lamp' width='500' height='400'>]]>
            </line>
          </reporter-output>
        </test-method> <!-- StartDriver -->
        <test-method signature="AddNewStep()[pri:0, instance:com.buildpiper.testcases.JobTemplatetestCases@718607eb]" started-at="2024-01-05T16:20:30 IST" name="AddNewStep" finished-at="2024-01-05T16:25:01 IST" duration-ms="270902" status="FAIL">
          <exception class="org.openqa.selenium.NoSuchElementException">
            <message>
              <![CDATA[no such element: Unable to locate element: {"method":"xpath","selector":"//button[@type='button' and @aria-controls='menu-appbar']//div//div"}
  (Session info: chrome=120.0.6099.131)
For documentation on this error, please visit: https://www.seleniumhq.org/exceptions/no_such_element.html
Build info: version: '3.141.59', revision: 'e82be7d358', time: '2018-11-14T08:17:03'
System info: host: 'DESKTOP-PTF1H2O', ip: '192.168.27.201', os.name: 'Windows 10', os.arch: 'amd64', os.version: '10.0', java.version: '19.0.1'
Driver info: org.openqa.selenium.chrome.ChromeDriver
Capabilities {acceptInsecureCerts: false, browserName: chrome, browserVersion: 120.0.6099.131, chrome: {chromedriverVersion: 120.0.6099.109 (3419140ab66..., userDataDir: C:\Users\Rahul\AppData\Loca...}, fedcm:accounts: true, goog:chromeOptions: {debuggerAddress: localhost:61660}, javascriptEnabled: true, networkConnectionEnabled: false, pageLoadStrategy: normal, platform: WINDOWS, platformName: WINDOWS, proxy: Proxy(), setWindowRect: true, strictFileInteractability: false, timeouts: {implicit: 0, pageLoad: 300000, script: 30000}, unhandledPromptBehavior: dismiss and notify, webauthn:extension:credBlob: true, webauthn:extension:largeBlob: true, webauthn:extension:minPinLength: true, webauthn:extension:prf: true, webauthn:virtualAuthenticators: true}
Session ID: bc47f09e08043da62a3e1c9bf5f1b616
*** Element info: {Using=xpath, value=//button[@type='button' and @aria-controls='menu-appbar']//div//div}]]>
            </message>
            <full-stacktrace>
              <![CDATA[org.openqa.selenium.NoSuchElementException: no such element: Unable to locate element: {"method":"xpath","selector":"//button[@type='button' and @aria-controls='menu-appbar']//div//div"}
  (Session info: chrome=120.0.6099.131)
For documentation on this error, please visit: https://www.seleniumhq.org/exceptions/no_such_element.html
Build info: version: '3.141.59', revision: 'e82be7d358', time: '2018-11-14T08:17:03'
System info: host: 'DESKTOP-PTF1H2O', ip: '192.168.27.201', os.name: 'Windows 10', os.arch: 'amd64', os.version: '10.0', java.version: '19.0.1'
Driver info: org.openqa.selenium.chrome.ChromeDriver
Capabilities {acceptInsecureCerts: false, browserName: chrome, browserVersion: 120.0.6099.131, chrome: {chromedriverVersion: 120.0.6099.109 (3419140ab66..., userDataDir: C:\Users\Rahul\AppData\Loca...}, fedcm:accounts: true, goog:chromeOptions: {debuggerAddress: localhost:61660}, javascriptEnabled: true, networkConnectionEnabled: false, pageLoadStrategy: normal, platform: WINDOWS, platformName: WINDOWS, proxy: Proxy(), setWindowRect: true, strictFileInteractability: false, timeouts: {implicit: 0, pageLoad: 300000, script: 30000}, unhandledPromptBehavior: dismiss and notify, webauthn:extension:credBlob: true, webauthn:extension:largeBlob: true, webauthn:extension:minPinLength: true, webauthn:extension:prf: true, webauthn:virtualAuthenticators: true}
Session ID: bc47f09e08043da62a3e1c9bf5f1b616
*** Element info: {Using=xpath, value=//button[@type='button' and @aria-controls='menu-appbar']//div//div}
at java.base/jdk.internal.reflect.DirectConstructorHandleAccessor.newInstance(DirectConstructorHandleAccessor.java:67)
at java.base/java.lang.reflect.Constructor.newInstanceWithCaller(Constructor.java:500)
at java.base/java.lang.reflect.Constructor.newInstance(Constructor.java:484)
at org.openqa.selenium.remote.http.W3CHttpResponseCodec.createException(W3CHttpResponseCodec.java:187)
at org.openqa.selenium.remote.http.W3CHttpResponseCodec.decode(W3CHttpResponseCodec.java:122)
at org.openqa.selenium.remote.http.W3CHttpResponseCodec.decode(W3CHttpResponseCodec.java:49)
at org.openqa.selenium.remote.HttpCommandExecutor.execute(HttpCommandExecutor.java:158)
at org.openqa.selenium.remote.service.DriverCommandExecutor.execute(DriverCommandExecutor.java:83)
at org.openqa.selenium.remote.RemoteWebDriver.execute(RemoteWebDriver.java:552)
at org.openqa.selenium.remote.RemoteWebDriver.findElement(RemoteWebDriver.java:323)
at org.openqa.selenium.remote.RemoteWebDriver.findElementByXPath(RemoteWebDriver.java:428)
at org.openqa.selenium.By$ByXPath.findElement(By.java:353)
at org.openqa.selenium.remote.RemoteWebDriver.findElement(RemoteWebDriver.java:315)
at org.openqa.selenium.support.pagefactory.DefaultElementLocator.findElement(DefaultElementLocator.java:69)
at org.openqa.selenium.support.pagefactory.internal.LocatingElementHandler.invoke(LocatingElementHandler.java:38)
at jdk.proxy2/jdk.proxy2.$Proxy25.isDisplayed(Unknown Source)
at com.buildpiper.capabilities.UICapability.ui_IsElementDisplay(UICapability.java:193)
at com.buildpiper.capabilities.UICapability.ui_click(UICapability.java:68)
at com.buildpiper.base.Capability.ui_click(Capability.java:69)
at com.buildpiper.pages.PreRequisitesPage.switchUser(PreRequisitesPage.java:70)
at com.buildpiper.testcases.JobTemplatetestCases.AddNewStep(JobTemplatetestCases.java:76)
at java.base/jdk.internal.reflect.DirectMethodHandleAccessor.invoke(DirectMethodHandleAccessor.java:104)
at java.base/java.lang.reflect.Method.invoke(Method.java:578)
at org.testng.internal.MethodInvocationHelper.invokeMethod(MethodInvocationHelper.java:134)
at org.testng.internal.TestInvoker.invokeMethod(TestInvoker.java:597)
at org.testng.internal.TestInvoker.invokeTestMethod(TestInvoker.java:173)
at org.testng.internal.MethodRunner.runInSequence(MethodRunner.java:46)
at org.testng.internal.TestInvoker$MethodInvocationAgent.invoke(TestInvoker.java:816)
at org.testng.internal.TestInvoker.invokeTestMethods(TestInvoker.java:146)
at org.testng.internal.TestMethodWorker.invokeTestMethods(TestMethodWorker.java:146)
at org.testng.internal.TestMethodWorker.run(TestMethodWorker.java:128)
at java.base/java.util.ArrayList.forEach(ArrayList.java:1511)
at org.testng.TestRunner.privateRun(TestRunner.java:766)
at org.testng.TestRunner.run(TestRunner.java:587)
at org.testng.SuiteRunner.runTest(SuiteRunner.java:384)
at org.testng.SuiteRunner.runSequentially(SuiteRunner.java:378)
at org.testng.SuiteRunner.privateRun(SuiteRunner.java:337)
at org.testng.SuiteRunner.run(SuiteRunner.java:286)
at org.testng.SuiteRunnerWorker.runSuite(SuiteRunnerWorker.java:53)
at org.testng.SuiteRunnerWorker.run(SuiteRunnerWorker.java:96)
at org.testng.TestNG.runSuitesSequentially(TestNG.java:1187)
at org.testng.TestNG.runSuitesLocally(TestNG.java:1109)
at org.testng.TestNG.runSuites(TestNG.java:1039)
at org.testng.TestNG.run(TestNG.java:1007)
at org.testng.remote.AbstractRemoteTestNG.run(AbstractRemoteTestNG.java:115)
at org.testng.remote.RemoteTestNG.initAndRun(RemoteTestNG.java:251)
at org.testng.remote.RemoteTestNG.main(RemoteTestNG.java:77)
]]>
            </full-stacktrace>
          </exception> <!-- org.openqa.selenium.NoSuchElementException -->
          <reporter-output>
            <line>
              <![CDATA[checking if driver exist]]>
            </line>
            <line>
              <![CDATA[<img src=D:\BuildPiper_Rahul\Reports\05Jan_161925\AddNewStep_chrome\AddNewStep_chrome_05_Jan_162030.jpg alt='Lamp' width='500' height='400'>]]>
            </line>
            <line>
              <![CDATA[Exception while scroll to view of element: ]]>
            </line>
            <line>
              <![CDATA[Exception while scroll to view of element: ]]>
            </line>
            <line>
              <![CDATA[Result upload to testlink is disabled, Please ensure you have 'UpdateTestLink=Yes' in project.properties ]]>
            </line>
            <line>
              <![CDATA[####### End of Test Case: AddNewStep #######]]>
            </line>
          </reporter-output>
        </test-method> <!-- AddNewStep -->
        <test-method is-config="true" signature="StopDriver()[pri:0, instance:com.buildpiper.testcases.JobTemplatetestCases@718607eb]" started-at="2024-01-05T16:25:01 IST" name="StopDriver" finished-at="2024-01-05T16:25:01 IST" duration-ms="233" status="PASS">
          <reporter-output>
          </reporter-output>
        </test-method> <!-- StopDriver -->
        <test-method is-config="true" signature="getResult(org.testng.ITestResult)[pri:0, instance:com.buildpiper.testcases.JobTemplatetestCases@718607eb]" started-at="2024-01-05T16:25:01 IST" name="getResult" finished-at="2024-01-05T16:25:01 IST" duration-ms="249" status="PASS">
          <params>
            <param index="0">
              <value>
                <![CDATA[[TestResult name=AddNewStep status=FAILURE method=JobTemplatetestCases.AddNewStep()[pri:0, instance:com.buildpiper.testcases.JobTemplatetestCases@718607eb] output=checking if driver exist]]]>
              </value>
            </param>
          </params>
          <reporter-output>
          </reporter-output>
        </test-method> <!-- getResult -->
        <test-method is-config="true" signature="tearDown()[pri:0, instance:com.buildpiper.testcases.JobTemplatetestCases@718607eb]" started-at="2024-01-05T16:25:01 IST" name="tearDown" finished-at="2024-01-05T16:25:01 IST" duration-ms="0" status="PASS">
          <reporter-output>
          </reporter-output>
        </test-method> <!-- tearDown -->
      </class> <!-- com.buildpiper.testcases.JobTemplatetestCases -->
    </test> <!-- Default test -->
  </suite> <!-- Default suite -->
</testng-results>
