<?xml version="1.0" encoding="UTF-8"?>
<!-- Generated by org.testng.reporters.JUnitReportReporter -->
<testsuite hostname="DESKTOP-PTF1H2O" failures="0" tests="1" name="com.buildpiper.testcases.ServiceCreationComprehensiveTestCases" time="230.729" errors="1" timestamp="2024-01-03T21:49:19 IST" skipped="0">
  <testcase classname="com.buildpiper.testcases.ServiceCreationComprehensiveTestCases" name="serviceOverview_Promote" time="230.729">
    <error message="no such element: Unable to locate element: {&quot;method&quot;:&quot;xpath&quot;,&quot;selector&quot;:&quot;//h1[@class=&#039;h1&#039; and contains(.,&#039;Create a Environment&#039;)]&quot;}
  (Session info: chrome-headless-shell=120.0.6099.130)
For documentation on this error, please visit: https://www.seleniumhq.org/exceptions/no_such_element.html
Build info: version: &#039;3.141.59&#039;, revision: &#039;e82be7d358&#039;, time: &#039;2018-11-14T08:17:03&#039;
System info: host: &#039;DESKTOP-PTF1H2O&#039;, ip: &#039;192.168.43.163&#039;, os.name: &#039;Windows 10&#039;, os.arch: &#039;amd64&#039;, os.version: &#039;10.0&#039;, java.version: &#039;19.0.1&#039;
Driver info: org.openqa.selenium.chrome.ChromeDriver
Capabilities {acceptInsecureCerts: false, browserName: chrome-headless-shell, browserVersion: 120.0.6099.130, chrome: {chromedriverVersion: 120.0.6099.109 (3419140ab66..., userDataDir: C:\Users\Rahul\AppData\Loca...}, fedcm:accounts: true, goog:chromeOptions: {debuggerAddress: localhost:53631}, javascriptEnabled: true, networkConnectionEnabled: false, pageLoadStrategy: normal, platform: WINDOWS, platformName: WINDOWS, proxy: Proxy(), setWindowRect: true, strictFileInteractability: false, timeouts: {implicit: 0, pageLoad: 300000, script: 30000}, unhandledPromptBehavior: dismiss and notify, webauthn:extension:credBlob: true, webauthn:extension:largeBlob: true, webauthn:extension:minPinLength: true, webauthn:extension:prf: true, webauthn:virtualAuthenticators: true}
Session ID: ee9dad78c4ee9fe2c5e4ae758dbd1bfa
*** Element info: {Using=xpath, value=//h1[@class=&#039;h1&#039; and contains(.,&#039;Create a Environment&#039;)]}" type="org.openqa.selenium.NoSuchElementException">
      <![CDATA[org.openqa.selenium.NoSuchElementException: no such element: Unable to locate element: {"method":"xpath","selector":"//h1[@class='h1' and contains(.,'Create a Environment')]"}
  (Session info: chrome-headless-shell=120.0.6099.130)
For documentation on this error, please visit: https://www.seleniumhq.org/exceptions/no_such_element.html
Build info: version: '3.141.59', revision: 'e82be7d358', time: '2018-11-14T08:17:03'
System info: host: 'DESKTOP-PTF1H2O', ip: '192.168.43.163', os.name: 'Windows 10', os.arch: 'amd64', os.version: '10.0', java.version: '19.0.1'
Driver info: org.openqa.selenium.chrome.ChromeDriver
Capabilities {acceptInsecureCerts: false, browserName: chrome-headless-shell, browserVersion: 120.0.6099.130, chrome: {chromedriverVersion: 120.0.6099.109 (3419140ab66..., userDataDir: C:\Users\Rahul\AppData\Loca...}, fedcm:accounts: true, goog:chromeOptions: {debuggerAddress: localhost:53631}, javascriptEnabled: true, networkConnectionEnabled: false, pageLoadStrategy: normal, platform: WINDOWS, platformName: WINDOWS, proxy: Proxy(), setWindowRect: true, strictFileInteractability: false, timeouts: {implicit: 0, pageLoad: 300000, script: 30000}, unhandledPromptBehavior: dismiss and notify, webauthn:extension:credBlob: true, webauthn:extension:largeBlob: true, webauthn:extension:minPinLength: true, webauthn:extension:prf: true, webauthn:virtualAuthenticators: true}
Session ID: ee9dad78c4ee9fe2c5e4ae758dbd1bfa
*** Element info: {Using=xpath, value=//h1[@class='h1' and contains(.,'Create a Environment')]}
at java.base/jdk.internal.reflect.DirectConstructorHandleAccessor.newInstance(DirectConstructorHandleAccessor.java:67)
at java.base/java.lang.reflect.Constructor.newInstanceWithCaller(Constructor.java:500)
at java.base/java.lang.reflect.Constructor.newInstance(Constructor.java:484)
at org.openqa.selenium.remote.http.W3CHttpResponseCodec.createException(W3CHttpResponseCodec.java:187)
at org.openqa.selenium.remote.http.W3CHttpResponseCodec.decode(W3CHttpResponseCodec.java:122)
at org.openqa.selenium.remote.http.W3CHttpResponseCodec.decode(W3CHttpResponseCodec.java:49)
at org.openqa.selenium.remote.HttpCommandExecutor.execute(HttpCommandExecutor.java:158)
at org.openqa.selenium.remote.service.DriverCommandExecutor.execute(DriverCommandExecutor.java:83)
at org.openqa.selenium.remote.RemoteWebDriver.execute(RemoteWebDriver.java:552)
at org.openqa.selenium.remote.RemoteWebDriver.findElement(RemoteWebDriver.java:323)
at org.openqa.selenium.remote.RemoteWebDriver.findElementByXPath(RemoteWebDriver.java:428)
at org.openqa.selenium.By$ByXPath.findElement(By.java:353)
at org.openqa.selenium.remote.RemoteWebDriver.findElement(RemoteWebDriver.java:315)
at org.openqa.selenium.support.pagefactory.DefaultElementLocator.findElement(DefaultElementLocator.java:69)
at org.openqa.selenium.support.pagefactory.internal.LocatingElementHandler.invoke(LocatingElementHandler.java:38)
at jdk.proxy2/jdk.proxy2.$Proxy26.isDisplayed(Unknown Source)
at com.buildpiper.capabilities.UICapability.ui_IsElementDisplay(UICapability.java:193)
at com.buildpiper.base.Capability.ui_IsElementDisplay(Capability.java:267)
at com.buildpiper.pages.ServiceCreationPage.buildAndValidateService(ServiceCreationPage.java:586)
at com.buildpiper.testcases.ServiceCreationComprehensiveTestCases.serviceOverview_Promote(ServiceCreationComprehensiveTestCases.java:222)
at java.base/jdk.internal.reflect.DirectMethodHandleAccessor.invoke(DirectMethodHandleAccessor.java:104)
at java.base/java.lang.reflect.Method.invoke(Method.java:578)
at org.testng.internal.MethodInvocationHelper.invokeMethod(MethodInvocationHelper.java:134)
at org.testng.internal.TestInvoker.invokeMethod(TestInvoker.java:597)
at org.testng.internal.TestInvoker.invokeTestMethod(TestInvoker.java:173)
at org.testng.internal.MethodRunner.runInSequence(MethodRunner.java:46)
at org.testng.internal.TestInvoker$MethodInvocationAgent.invoke(TestInvoker.java:816)
at org.testng.internal.TestInvoker.invokeTestMethods(TestInvoker.java:146)
at org.testng.internal.TestMethodWorker.invokeTestMethods(TestMethodWorker.java:146)
at org.testng.internal.TestMethodWorker.run(TestMethodWorker.java:128)
at java.base/java.util.ArrayList.forEach(ArrayList.java:1511)
at org.testng.TestRunner.privateRun(TestRunner.java:766)
at org.testng.TestRunner.run(TestRunner.java:587)
at org.testng.SuiteRunner.runTest(SuiteRunner.java:384)
at org.testng.SuiteRunner.runSequentially(SuiteRunner.java:378)
at org.testng.SuiteRunner.privateRun(SuiteRunner.java:337)
at org.testng.SuiteRunner.run(SuiteRunner.java:286)
at org.testng.SuiteRunnerWorker.runSuite(SuiteRunnerWorker.java:53)
at org.testng.SuiteRunnerWorker.run(SuiteRunnerWorker.java:96)
at org.testng.TestNG.runSuitesSequentially(TestNG.java:1187)
at org.testng.TestNG.runSuitesLocally(TestNG.java:1109)
at org.testng.TestNG.runSuites(TestNG.java:1039)
at org.testng.TestNG.run(TestNG.java:1007)
at org.testng.remote.AbstractRemoteTestNG.run(AbstractRemoteTestNG.java:115)
at org.testng.remote.RemoteTestNG.initAndRun(RemoteTestNG.java:251)
at org.testng.remote.RemoteTestNG.main(RemoteTestNG.java:77)
]]>
    </error>
  </testcase> <!-- serviceOverview_Promote -->
  <system-out>
checking if driver exist <img src=D:\BuildPiper_Rahul\Reports\03Jan_210314\serviceOverview_Promote_chrome\serviceOverview_Promote_chrome_03_Jan_211545.jpg alt='Lamp' width='500' height='400'> checking if driver exist <img src=D:\BuildPiper_Rahul\Reports\03Jan_210314\serviceOverview_Promote_chrome\serviceOverview_Promote_chrome_03_Jan_211545.jpg alt='Lamp' width='500' height='400'> checking if driver exist <img src=D:\BuildPiper_Rahul\Reports\03Jan_210314\serviceOverview_Promote_chrome\serviceOverview_Promote_chrome_03_Jan_211546.jpg alt='Lamp' width='500' height='400'> checking if driver exist <img src=D:\BuildPiper_Rahul\Reports\03Jan_210314\serviceOverview_Promote_chrome\serviceOverview_Promote_chrome_03_Jan_211546.jpg alt='Lamp' width='500' height='400'> Clicking on element userMenuAppBar <img src=D:\BuildPiper_Rahul\Reports\03Jan_210314\serviceOverview_Promote_chrome\serviceOverview_Promote_chrome_03_Jan_211547.jpg alt='Lamp' width='500' height='400'> Clicking on element switching to user account <img src=D:\BuildPiper_Rahul\Reports\03Jan_210314\serviceOverview_Promote_chrome\serviceOverview_Promote_chrome_03_Jan_211547.jpg alt='Lamp' width='500' height='400'> Element is present  xpath: //li//button[contains(@class,'main-nav-1')]//span[1][@title]] <img src=D:\BuildPiper_Rahul\Reports\03Jan_210314\serviceOverview_Promote_chrome\serviceOverview_Promote_chrome_03_Jan_211557.jpg alt='Lamp' width='500' height='400'> Element is present  xpath: //button//span[2][@class='flaticon-expand-arrow']/../..//div//span[@title='Service Overview']/span] <img src=D:\BuildPiper_Rahul\Reports\03Jan_210314\serviceOverview_Promote_chrome\serviceOverview_Promote_chrome_03_Jan_211601.jpg alt='Lamp' width='500' height='400'> Element is present  xpath: //a[@class='btn btn-submit']] <img src=D:\BuildPiper_Rahul\Reports\03Jan_210314\serviceOverview_Promote_chrome\serviceOverview_Promote_chrome_03_Jan_211601.jpg alt='Lamp' width='500' height='400'>  Element Proxy element for: DefaultElementLocator 'By.xpath: //a[@class='btn btn-submit']' is not clickable using selenium click <img src=D:\BuildPiper_Rahul\Reports\03Jan_210314\serviceOverview_Promote_chrome\serviceOverview_Promote_chrome_03_Jan_211633.jpg alt='Lamp' width='500' height='400'> Clicking on element Poc_QA addServiceBtn <img src=D:\BuildPiper_Rahul\Reports\03Jan_210314\serviceOverview_Promote_chrome\serviceOverview_Promote_chrome_03_Jan_211633.jpg alt='Lamp' width='500' height='400'> Element is present  xpath: //h1[@class='main-heading']] <img src=D:\BuildPiper_Rahul\Reports\03Jan_210314\serviceOverview_Promote_chrome\serviceOverview_Promote_chrome_03_Jan_211633.jpg alt='Lamp' width='500' height='400'> Element is present  xpath: //p[(@class='hint-text-main-heading')]] <img src=D:\BuildPiper_Rahul\Reports\03Jan_210314\serviceOverview_Promote_chrome\serviceOverview_Promote_chrome_03_Jan_211634.jpg alt='Lamp' width='500' height='400'> Setting value on element sets service name <img src=D:\BuildPiper_Rahul\Reports\03Jan_210314\serviceOverview_Promote_chrome\serviceOverview_Promote_chrome_03_Jan_211634.jpg alt='Lamp' width='500' height='400'> Setting value on element sets external name <img src=D:\BuildPiper_Rahul\Reports\03Jan_210314\serviceOverview_Promote_chrome\serviceOverview_Promote_chrome_03_Jan_211637.jpg alt='Lamp' width='500' height='400'> Clicking on element Poc_QA selectEveryRadioBtn <img src=D:\BuildPiper_Rahul\Reports\03Jan_210314\serviceOverview_Promote_chrome\serviceOverview_Promote_chrome_03_Jan_211638.jpg alt='Lamp' width='500' height='400'> Clicking on element Poc_QA SubmitCreatePage <img src=D:\BuildPiper_Rahul\Reports\03Jan_210314\serviceOverview_Promote_chrome\serviceOverview_Promote_chrome_03_Jan_211638.jpg alt='Lamp' width='500' height='400'> ####### End of Test Case: serviceOverview_Promote #######  </system-out>
</testsuite> <!-- com.buildpiper.testcases.ServiceCreationComprehensiveTestCases -->
