<?xml version="1.0" encoding="UTF-8"?>
<!-- Generated by org.testng.reporters.JUnitReportReporter -->
<testsuite hostname="DESKTOP-PTF1H2O" failures="0" tests="1" name="com.buildpiper.testcases.BuildPiperTestcasesExecution" time="145.849" errors="1" timestamp="2023-12-08T13:42:04 IST" skipped="0">
  <testcase classname="com.buildpiper.testcases.BuildPiperTestcasesExecution" name="createSchedulePipeline" time="145.849">
    <error message="no such element: Unable to locate element: {&quot;method&quot;:&quot;xpath&quot;,&quot;selector&quot;:&quot;//button//div[@class=&#039;text-btn&#039;][text()=&#039;Add New Stage&#039;]&quot;}
  (Session info: chrome=120.0.6099.71)
For documentation on this error, please visit: https://www.seleniumhq.org/exceptions/no_such_element.html
Build info: version: &#039;3.141.59&#039;, revision: &#039;e82be7d358&#039;, time: &#039;2018-11-14T08:17:03&#039;
System info: host: &#039;DESKTOP-PTF1H2O&#039;, ip: &#039;192.168.1.9&#039;, os.name: &#039;Windows 10&#039;, os.arch: &#039;amd64&#039;, os.version: &#039;10.0&#039;, java.version: &#039;19.0.1&#039;
Driver info: org.openqa.selenium.chrome.ChromeDriver
Capabilities {acceptInsecureCerts: false, browserName: chrome, browserVersion: 120.0.6099.71, chrome: {chromedriverVersion: 120.0.6099.71 (9729082fe617..., userDataDir: C:\Users\Rahul\AppData\Loca...}, fedcm:accounts: true, goog:chromeOptions: {debuggerAddress: localhost:50903}, javascriptEnabled: true, networkConnectionEnabled: false, pageLoadStrategy: normal, platform: WINDOWS, platformName: WINDOWS, proxy: Proxy(), setWindowRect: true, strictFileInteractability: false, timeouts: {implicit: 0, pageLoad: 300000, script: 30000}, unhandledPromptBehavior: dismiss and notify, webauthn:extension:credBlob: true, webauthn:extension:largeBlob: true, webauthn:extension:minPinLength: true, webauthn:extension:prf: true, webauthn:virtualAuthenticators: true}
Session ID: 0c703398653b0818a61cadc3a865516d
*** Element info: {Using=xpath, value=//button//div[@class=&#039;text-btn&#039;][text()=&#039;Add New Stage&#039;]}" type="org.openqa.selenium.NoSuchElementException">
      <![CDATA[org.openqa.selenium.NoSuchElementException: no such element: Unable to locate element: {"method":"xpath","selector":"//button//div[@class='text-btn'][text()='Add New Stage']"}
  (Session info: chrome=120.0.6099.71)
For documentation on this error, please visit: https://www.seleniumhq.org/exceptions/no_such_element.html
Build info: version: '3.141.59', revision: 'e82be7d358', time: '2018-11-14T08:17:03'
System info: host: 'DESKTOP-PTF1H2O', ip: '192.168.1.9', os.name: 'Windows 10', os.arch: 'amd64', os.version: '10.0', java.version: '19.0.1'
Driver info: org.openqa.selenium.chrome.ChromeDriver
Capabilities {acceptInsecureCerts: false, browserName: chrome, browserVersion: 120.0.6099.71, chrome: {chromedriverVersion: 120.0.6099.71 (9729082fe617..., userDataDir: C:\Users\Rahul\AppData\Loca...}, fedcm:accounts: true, goog:chromeOptions: {debuggerAddress: localhost:50903}, javascriptEnabled: true, networkConnectionEnabled: false, pageLoadStrategy: normal, platform: WINDOWS, platformName: WINDOWS, proxy: Proxy(), setWindowRect: true, strictFileInteractability: false, timeouts: {implicit: 0, pageLoad: 300000, script: 30000}, unhandledPromptBehavior: dismiss and notify, webauthn:extension:credBlob: true, webauthn:extension:largeBlob: true, webauthn:extension:minPinLength: true, webauthn:extension:prf: true, webauthn:virtualAuthenticators: true}
Session ID: 0c703398653b0818a61cadc3a865516d
*** Element info: {Using=xpath, value=//button//div[@class='text-btn'][text()='Add New Stage']}
at java.base/jdk.internal.reflect.DirectConstructorHandleAccessor.newInstance(DirectConstructorHandleAccessor.java:67)
at java.base/java.lang.reflect.Constructor.newInstanceWithCaller(Constructor.java:500)
at java.base/java.lang.reflect.Constructor.newInstance(Constructor.java:484)
at org.openqa.selenium.remote.http.W3CHttpResponseCodec.createException(W3CHttpResponseCodec.java:187)
at org.openqa.selenium.remote.http.W3CHttpResponseCodec.decode(W3CHttpResponseCodec.java:122)
at org.openqa.selenium.remote.http.W3CHttpResponseCodec.decode(W3CHttpResponseCodec.java:49)
at org.openqa.selenium.remote.HttpCommandExecutor.execute(HttpCommandExecutor.java:158)
at org.openqa.selenium.remote.service.DriverCommandExecutor.execute(DriverCommandExecutor.java:83)
at org.openqa.selenium.remote.RemoteWebDriver.execute(RemoteWebDriver.java:552)
at org.openqa.selenium.remote.RemoteWebDriver.findElement(RemoteWebDriver.java:323)
at org.openqa.selenium.remote.RemoteWebDriver.findElementByXPath(RemoteWebDriver.java:428)
at org.openqa.selenium.By$ByXPath.findElement(By.java:353)
at org.openqa.selenium.remote.RemoteWebDriver.findElement(RemoteWebDriver.java:315)
at org.openqa.selenium.support.pagefactory.DefaultElementLocator.findElement(DefaultElementLocator.java:69)
at org.openqa.selenium.support.pagefactory.internal.LocatingElementHandler.invoke(LocatingElementHandler.java:38)
at jdk.proxy2/jdk.proxy2.$Proxy26.isDisplayed(Unknown Source)
at com.buildpiper.capabilities.UICapability.ui_IsElementDisplay(UICapability.java:193)
at com.buildpiper.capabilities.UICapability.ui_click(UICapability.java:68)
at com.buildpiper.base.Capability.ui_click(Capability.java:69)
at com.buildpiper.pages.BuildPipeLinePage.createSchedulePipeline(BuildPipeLinePage.java:1191)
at com.buildpiper.testcases.BuildPiperTestcasesExecution.createSchedulePipeline(BuildPiperTestcasesExecution.java:181)
at java.base/jdk.internal.reflect.DirectMethodHandleAccessor.invoke(DirectMethodHandleAccessor.java:104)
at java.base/java.lang.reflect.Method.invoke(Method.java:578)
at org.testng.internal.MethodInvocationHelper.invokeMethod(MethodInvocationHelper.java:134)
at org.testng.internal.TestInvoker.invokeMethod(TestInvoker.java:597)
at org.testng.internal.TestInvoker.invokeTestMethod(TestInvoker.java:173)
at org.testng.internal.MethodRunner.runInSequence(MethodRunner.java:46)
at org.testng.internal.TestInvoker$MethodInvocationAgent.invoke(TestInvoker.java:816)
at org.testng.internal.TestInvoker.invokeTestMethods(TestInvoker.java:146)
at org.testng.internal.TestMethodWorker.invokeTestMethods(TestMethodWorker.java:146)
at org.testng.internal.TestMethodWorker.run(TestMethodWorker.java:128)
at java.base/java.util.ArrayList.forEach(ArrayList.java:1511)
at org.testng.TestRunner.privateRun(TestRunner.java:766)
at org.testng.TestRunner.run(TestRunner.java:587)
at org.testng.SuiteRunner.runTest(SuiteRunner.java:384)
at org.testng.SuiteRunner.runSequentially(SuiteRunner.java:378)
at org.testng.SuiteRunner.privateRun(SuiteRunner.java:337)
at org.testng.SuiteRunner.run(SuiteRunner.java:286)
at org.testng.SuiteRunnerWorker.runSuite(SuiteRunnerWorker.java:53)
at org.testng.SuiteRunnerWorker.run(SuiteRunnerWorker.java:96)
at org.testng.TestNG.runSuitesSequentially(TestNG.java:1187)
at org.testng.TestNG.runSuitesLocally(TestNG.java:1109)
at org.testng.TestNG.runSuites(TestNG.java:1039)
at org.testng.TestNG.run(TestNG.java:1007)
at org.testng.remote.AbstractRemoteTestNG.run(AbstractRemoteTestNG.java:115)
at org.testng.remote.RemoteTestNG.initAndRun(RemoteTestNG.java:251)
at org.testng.remote.RemoteTestNG.main(RemoteTestNG.java:77)
]]>
    </error>
  </testcase> <!-- createSchedulePipeline -->
  <system-out>
checking if driver exist <img src=D:\BuildPiper_Rahul\Reports\08Dec_133937\createSchedulePipeline_chrome\createSchedulePipeline_chrome_342_Dec_133951.jpg alt='Lamp' width='500' height='400'> Element : xpath: //button[@type='button' and @aria-controls='menu-appbar']//div//div]is displayed on screen Clicking on element userMenuAppBar <img src=D:\BuildPiper_Rahul\Reports\08Dec_133937\createSchedulePipeline_chrome\createSchedulePipeline_chrome_342_Dec_133951.jpg alt='Lamp' width='500' height='400'> Element : xpath: //button[contains(@class,'btn-link-green')][text()=' Switch to User Portal']]is displayed on screen Clicking on element switching to user account <img src=D:\BuildPiper_Rahul\Reports\08Dec_133937\createSchedulePipeline_chrome\createSchedulePipeline_chrome_342_Dec_133951.jpg alt='Lamp' width='500' height='400'> checking if driver exist <img src=D:\BuildPiper_Rahul\Reports\08Dec_133937\createSchedulePipeline_chrome\createSchedulePipeline_chrome_342_Dec_133956.jpg alt='Lamp' width='500' height='400'> Element : xpath: //li//button[contains(@class,'main-nav-1')]//span[@title]]is displayed on screen Element is present  xpath: //li//button[contains(@class,'main-nav-1')]//span[@title]] <img src=D:\BuildPiper_Rahul\Reports\08Dec_133937\createSchedulePipeline_chrome\createSchedulePipeline_chrome_342_Dec_134001.jpg alt='Lamp' width='500' height='400'> Element : xpath: //button//span[2][@class='flaticon-expand-arrow']/../..//li//span[contains(.,'Pipeline Overview')]]is displayed on screen Clicking on element Poc_QA pipelineOverviewLink <img src=D:\BuildPiper_Rahul\Reports\08Dec_133937\createSchedulePipeline_chrome\createSchedulePipeline_chrome_342_Dec_134001.jpg alt='Lamp' width='500' height='400'> Element : xpath: //a[@class='btn btn-submit' and text()='Add Pipeline']]is displayed on screen  Element Proxy element for: DefaultElementLocator 'By.xpath: //a[@class='btn btn-submit' and text()='Add Pipeline']' is not clickable using selenium click <img src=D:\BuildPiper_Rahul\Reports\08Dec_133937\createSchedulePipeline_chrome\createSchedulePipeline_chrome_342_Dec_134003.jpg alt='Lamp' width='500' height='400'> Clicking on element clicks on add pipeline button <img src=D:\BuildPiper_Rahul\Reports\08Dec_133937\createSchedulePipeline_chrome\createSchedulePipeline_chrome_342_Dec_134003.jpg alt='Lamp' width='500' height='400'> Element : xpath: //div//input[@name='name' and @placeholder='Give a name to the pipeline']]is displayed on screen Setting value on element Gives unique name to pipeline <img src=D:\BuildPiper_Rahul\Reports\08Dec_133937\createSchedulePipeline_chrome\createSchedulePipeline_chrome_342_Dec_134005.jpg alt='Lamp' width='500' height='400'> Element : xpath: //input[@name='retention_execution_count' and @placeholder='Retention Count']]is displayed on screen Clicking on element Selecting the Radio button named as -SCHEDULE <img src=D:\BuildPiper_Rahul\Reports\08Dec_133937\createSchedulePipeline_chrome\createSchedulePipeline_chrome_342_Dec_134035.jpg alt='Lamp' width='500' height='400'> Element : xpath: //input[@name='cron_regex' and @placeholder='Enter cron pattern only']]is displayed on screen Setting value on element Chron Pattern <img src=D:\BuildPiper_Rahul\Reports\08Dec_133937\createSchedulePipeline_chrome\createSchedulePipeline_chrome_342_Dec_134046.jpg alt='Lamp' width='500' height='400'> Element : xpath: //button[contains(@class,'btn-save btn')][text()='Save']]is displayed on screen  Element [[ChromeDriver: chrome on WINDOWS (0c703398653b0818a61cadc3a865516d)] -> xpath: //button[contains(@class,'btn-save btn')][text()='Save']] is not clickable using selenium click <img src=D:\BuildPiper_Rahul\Reports\08Dec_133937\createSchedulePipeline_chrome\createSchedulePipeline_chrome_342_Dec_134047.jpg alt='Lamp' width='500' height='400'> Clicking on element clicks on save pipeline button <img src=D:\BuildPiper_Rahul\Reports\08Dec_133937\createSchedulePipeline_chrome\createSchedulePipeline_chrome_342_Dec_134047.jpg alt='Lamp' width='500' height='400'> Element : xpath: //input[@name='cron_regex' and @placeholder='Enter cron pattern only' ]/following-sibling::div[@class='error-message']]is displayed on screen Element is present  xpath: //input[@name='cron_regex' and @placeholder='Enter cron pattern only' ]/following-sibling::div[@class='error-message']] <img src=D:\BuildPiper_Rahul\Reports\08Dec_133937\createSchedulePipeline_chrome\createSchedulePipeline_chrome_342_Dec_134048.jpg alt='Lamp' width='500' height='400'> Element : xpath: //input[@name='cron_regex' and @placeholder='Enter cron pattern only']]is displayed on screen Element : xpath: //input[@name='manual_deploy_tag_select']/following-sibling::span[2]]is displayed on screen Clicking on element Click on Tag <img src=D:\BuildPiper_Rahul\Reports\08Dec_133937\createSchedulePipeline_chrome\createSchedulePipeline_chrome_342_Dec_134050.jpg alt='Lamp' width='500' height='400'> Element : xpath: //button[contains(@class,'btn-save btn')][text()='Save']]is displayed on screen Clicking on element clicks on save pipeline button <img src=D:\BuildPiper_Rahul\Reports\08Dec_133937\createSchedulePipeline_chrome\createSchedulePipeline_chrome_342_Dec_134050.jpg alt='Lamp' width='500' height='400'> Element : xpath: //button//span[2][@class='flaticon-expand-arrow']/../..//li//span[contains(.,'Pipeline Overview')]]is displayed on screen  Element [[ChromeDriver: chrome on WINDOWS (0c703398653b0818a61cadc3a865516d)] -> xpath: //button//span[2][@class='flaticon-expand-arrow']/../..//li//span[contains(.,'Pipeline Overview')]] is not clickable using selenium click <img src=D:\BuildPiper_Rahul\Reports\08Dec_133937\createSchedulePipeline_chrome\createSchedulePipeline_chrome_342_Dec_134052.jpg alt='Lamp' width='500' height='400'> Clicking on element Poc_QA pipelineOverviewLink <img src=D:\BuildPiper_Rahul\Reports\08Dec_133937\createSchedulePipeline_chrome\createSchedulePipeline_chrome_342_Dec_134052.jpg alt='Lamp' width='500' height='400'> Element : xpath: //div[@class='input-component']//input[@name='name' and @placeholder='Name']]is displayed on screen Element is present  xpath: //div[@class='input-component']//input[@name='name' and @placeholder='Name']] <img src=D:\BuildPiper_Rahul\Reports\08Dec_133937\createSchedulePipeline_chrome\createSchedulePipeline_chrome_342_Dec_134052.jpg alt='Lamp' width='500' height='400'> Element : xpath: //div[@class='input-component']//input[@name='name' and @placeholder='Name']]is displayed on screen Element : xpath: //span[@title='Edit Pipeline']/a]is displayed on screen Clicking on element clicks on edit pipeline Link <img src=D:\BuildPiper_Rahul\Reports\08Dec_133937\createSchedulePipeline_chrome\createSchedulePipeline_chrome_342_Dec_134103.jpg alt='Lamp' width='500' height='400'> Exception while scroll to view of element:  Exception while scroll to view of element:  Result upload to testlink is disabled, Please ensure you have 'UpdateTestLink=Yes' in project.properties  ####### End of Test Case: createSchedulePipeline #######  </system-out>
</testsuite> <!-- com.buildpiper.testcases.BuildPiperTestcasesExecution -->
