<?xml version="1.0" encoding="UTF-8"?>
<!-- Generated by org.testng.reporters.JUnitReportReporter -->
<testsuite hostname="DESKTOP-PTF1H2O" failures="0" tests="3" name="com.buildpiper.testcases.JobExecutionActivityTestcases" time="274.672" errors="2" timestamp="2023-12-05T19:48:15 IST" skipped="0">
  <testcase classname="com.buildpiper.testcases.JobExecutionActivityTestcases" name="ActivityFilterby_Status" time="96.364">
    <error message="Index 0 out of bounds for length 0" type="java.lang.IndexOutOfBoundsException">
      <![CDATA[java.lang.IndexOutOfBoundsException: Index 0 out of bounds for length 0
at java.base/jdk.internal.util.Preconditions.outOfBounds(Preconditions.java:100)
at java.base/jdk.internal.util.Preconditions.outOfBoundsCheckIndex(Preconditions.java:106)
at java.base/jdk.internal.util.Preconditions.checkIndex(Preconditions.java:302)
at java.base/java.util.Objects.checkIndex(Objects.java:385)
at java.base/java.util.ArrayList.get(ArrayList.java:427)
at java.base/jdk.internal.reflect.DirectMethodHandleAccessor.invoke(DirectMethodHandleAccessor.java:104)
at java.base/java.lang.reflect.Method.invoke(Method.java:578)
at org.openqa.selenium.support.pagefactory.internal.LocatingElementListHandler.invoke(LocatingElementListHandler.java:39)
at jdk.proxy2/jdk.proxy2.$Proxy27.get(Unknown Source)
at com.buildpiper.pages.JobExecutionActivity.VerifyActivityStatusList(JobExecutionActivity.java:269)
at com.buildpiper.pages.JobExecutionActivity.ActivityFilterby_Status(JobExecutionActivity.java:287)
at com.buildpiper.testcases.JobExecutionActivityTestcases.ActivityFilterby_Status(JobExecutionActivityTestcases.java:69)
at java.base/jdk.internal.reflect.DirectMethodHandleAccessor.invoke(DirectMethodHandleAccessor.java:104)
at java.base/java.lang.reflect.Method.invoke(Method.java:578)
at org.testng.internal.MethodInvocationHelper.invokeMethod(MethodInvocationHelper.java:134)
at org.testng.internal.TestInvoker.invokeMethod(TestInvoker.java:597)
at org.testng.internal.TestInvoker.invokeTestMethod(TestInvoker.java:173)
at org.testng.internal.MethodRunner.runInSequence(MethodRunner.java:46)
at org.testng.internal.TestInvoker$MethodInvocationAgent.invoke(TestInvoker.java:816)
at org.testng.internal.TestInvoker.invokeTestMethods(TestInvoker.java:146)
at org.testng.internal.TestMethodWorker.invokeTestMethods(TestMethodWorker.java:146)
at org.testng.internal.TestMethodWorker.run(TestMethodWorker.java:128)
at java.base/java.util.ArrayList.forEach(ArrayList.java:1511)
at org.testng.TestRunner.privateRun(TestRunner.java:766)
at org.testng.TestRunner.run(TestRunner.java:587)
at org.testng.SuiteRunner.runTest(SuiteRunner.java:384)
at org.testng.SuiteRunner.runSequentially(SuiteRunner.java:378)
at org.testng.SuiteRunner.privateRun(SuiteRunner.java:337)
at org.testng.SuiteRunner.run(SuiteRunner.java:286)
at org.testng.SuiteRunnerWorker.runSuite(SuiteRunnerWorker.java:53)
at org.testng.SuiteRunnerWorker.run(SuiteRunnerWorker.java:96)
at org.testng.TestNG.runSuitesSequentially(TestNG.java:1187)
at org.testng.TestNG.runSuitesLocally(TestNG.java:1109)
at org.testng.TestNG.runSuites(TestNG.java:1039)
at org.testng.TestNG.run(TestNG.java:1007)
at org.testng.remote.AbstractRemoteTestNG.run(AbstractRemoteTestNG.java:115)
at org.testng.remote.RemoteTestNG.initAndRun(RemoteTestNG.java:251)
at org.testng.remote.RemoteTestNG.main(RemoteTestNG.java:77)
]]>
    </error>
  </testcase> <!-- ActivityFilterby_Status -->
  <system-out>
checking if driver exist <img src=D:\BuildPiper_Rahul\Reports\05Dec_191310\ActivityFilterby_Status_chrome\ActivityFilterby_Status_chrome_339_Dec_193951.jpg alt='Lamp' width='500' height='400'>  Element [[ChromeDriver: chrome on WINDOWS (6b27dd2bb4540ff853bb51dbc88eba84)] -> xpath: //button[@type='button' and @aria-controls='menu-appbar']//div//div] is not clickable using selenium click <img src=D:\BuildPiper_Rahul\Reports\05Dec_191310\ActivityFilterby_Status_chrome\ActivityFilterby_Status_chrome_339_Dec_193955.jpg alt='Lamp' width='500' height='400'> Clicking on element userMenuAppBar <img src=D:\BuildPiper_Rahul\Reports\05Dec_191310\ActivityFilterby_Status_chrome\ActivityFilterby_Status_chrome_339_Dec_193956.jpg alt='Lamp' width='500' height='400'> Clicking on element select Job Execution Activity Menu <img src=D:\BuildPiper_Rahul\Reports\05Dec_191310\ActivityFilterby_Status_chrome\ActivityFilterby_Status_chrome_339_Dec_193956.jpg alt='Lamp' width='500' height='400'> checking if driver exist <img src=D:\BuildPiper_Rahul\Reports\05Dec_191310\ActivityFilterby_Status_chrome\ActivityFilterby_Status_chrome_339_Dec_193959.jpg alt='Lamp' width='500' height='400'> Element is present  xpath: //li//button[contains(@class,'main-nav-1')]//span[1][@title]] <img src=D:\BuildPiper_Rahul\Reports\05Dec_191310\ActivityFilterby_Status_chrome\ActivityFilterby_Status_chrome_339_Dec_194005.jpg alt='Lamp' width='500' height='400'> Element is present  xpath: //button[@class='MuiButtonBase-root MuiIconButton-root']//span[text()='More']] <img src=D:\BuildPiper_Rahul\Reports\05Dec_191310\ActivityFilterby_Status_chrome\ActivityFilterby_Status_chrome_339_Dec_194005.jpg alt='Lamp' width='500' height='400'> Clicking on element More Button <img src=D:\BuildPiper_Rahul\Reports\05Dec_191310\ActivityFilterby_Status_chrome\ActivityFilterby_Status_chrome_339_Dec_194005.jpg alt='Lamp' width='500' height='400'> Clicking on element Status Checkbox <img src=D:\BuildPiper_Rahul\Reports\05Dec_191310\ActivityFilterby_Status_chrome\ActivityFilterby_Status_chrome_339_Dec_194037.jpg alt='Lamp' width='500' height='400'> Clicking on element statusDropDown <img src=D:\BuildPiper_Rahul\Reports\05Dec_191310\ActivityFilterby_Status_chrome\ActivityFilterby_Status_chrome_339_Dec_194038.jpg alt='Lamp' width='500' height='400'> Clicking on element statusSuccessCheckbox <img src=D:\BuildPiper_Rahul\Reports\05Dec_191310\ActivityFilterby_Status_chrome\ActivityFilterby_Status_chrome_339_Dec_194109.jpg alt='Lamp' width='500' height='400'> ####### End of Test Case: ActivityFilterby_Status #######  </system-out>
  <testcase classname="com.buildpiper.testcases.JobExecutionActivityTestcases" name="PaginationCheck" time="55.824"/>
  <system-out>
checking if driver exist <img src=D:\BuildPiper_Rahul\Reports\05Dec_191310\PaginationCheck_chrome\PaginationCheck_chrome_339_Dec_194328.jpg alt='Lamp' width='500' height='400'>  Element [[ChromeDriver: chrome on WINDOWS (94148f815211a0b55bde6db3bef5ba01)] -> xpath: //button[@type='button' and @aria-controls='menu-appbar']//div//div] is not clickable using selenium click <img src=D:\BuildPiper_Rahul\Reports\05Dec_191310\PaginationCheck_chrome\PaginationCheck_chrome_339_Dec_194334.jpg alt='Lamp' width='500' height='400'> Clicking on element userMenuAppBar <img src=D:\BuildPiper_Rahul\Reports\05Dec_191310\PaginationCheck_chrome\PaginationCheck_chrome_339_Dec_194335.jpg alt='Lamp' width='500' height='400'> Clicking on element select Job Execution Activity Menu <img src=D:\BuildPiper_Rahul\Reports\05Dec_191310\PaginationCheck_chrome\PaginationCheck_chrome_339_Dec_194335.jpg alt='Lamp' width='500' height='400'> checking if driver exist <img src=D:\BuildPiper_Rahul\Reports\05Dec_191310\PaginationCheck_chrome\PaginationCheck_chrome_339_Dec_194338.jpg alt='Lamp' width='500' height='400'> Element is present  xpath: //li//button[contains(@class,'main-nav-1')]//span[1][@title]] <img src=D:\BuildPiper_Rahul\Reports\05Dec_191310\PaginationCheck_chrome\PaginationCheck_chrome_339_Dec_194343.jpg alt='Lamp' width='500' height='400'> Element is present  xpath: //button[contains(@class,'btn btn-with-icon pagination-btn btn-not-allowed btn-round cursor-not-allowed text-grey-')]] <img src=D:\BuildPiper_Rahul\Reports\05Dec_191310\PaginationCheck_chrome\PaginationCheck_chrome_339_Dec_194344.jpg alt='Lamp' width='500' height='400'> Element is present  xpath: //input[@name='page_number']] <img src=D:\BuildPiper_Rahul\Reports\05Dec_191310\PaginationCheck_chrome\PaginationCheck_chrome_339_Dec_194349.jpg alt='Lamp' width='500' height='400'> Element is present  xpath: //button[contains(@class,'btn btn-with-icon pagination-btn btn-not-allowed btn-round cursor-not-allowed text-grey-')]] <img src=D:\BuildPiper_Rahul\Reports\05Dec_191310\PaginationCheck_chrome\PaginationCheck_chrome_339_Dec_194405.jpg alt='Lamp' width='500' height='400'> ####### End of Test Case: PaginationCheck #######  </system-out>
  <testcase classname="com.buildpiper.testcases.JobExecutionActivityTestcases" name="ActivityFilterby_Users" time="122.484">
    <error message="no such element: Unable to locate element: {&quot;method&quot;:&quot;xpath&quot;,&quot;selector&quot;:&quot;//input[@name=&#039;1&#039;]&quot;}
  (Session info: chrome=119.0.6045.200)
For documentation on this error, please visit: https://www.seleniumhq.org/exceptions/no_such_element.html
Build info: version: &#039;3.141.59&#039;, revision: &#039;e82be7d358&#039;, time: &#039;2018-11-14T08:17:03&#039;
System info: host: &#039;DESKTOP-PTF1H2O&#039;, ip: &#039;10.8.0.88&#039;, os.name: &#039;Windows 10&#039;, os.arch: &#039;amd64&#039;, os.version: &#039;10.0&#039;, java.version: &#039;19.0.1&#039;
Driver info: org.openqa.selenium.chrome.ChromeDriver
Capabilities {acceptInsecureCerts: false, browserName: chrome, browserVersion: 119.0.6045.200, chrome: {chromedriverVersion: 119.0.6045.105 (38c72552c5e..., userDataDir: C:\Users\Rahul\AppData\Loca...}, fedcm:accounts: true, goog:chromeOptions: {debuggerAddress: localhost:60321}, javascriptEnabled: true, networkConnectionEnabled: false, pageLoadStrategy: normal, platform: WINDOWS, platformName: WINDOWS, proxy: Proxy(), setWindowRect: true, strictFileInteractability: false, timeouts: {implicit: 0, pageLoad: 300000, script: 30000}, unhandledPromptBehavior: dismiss and notify, webauthn:extension:credBlob: true, webauthn:extension:largeBlob: true, webauthn:extension:minPinLength: true, webauthn:extension:prf: true, webauthn:virtualAuthenticators: true}
Session ID: 59b44cdaa4339866e0c6ccd1aa383591
*** Element info: {Using=xpath, value=//input[@name=&#039;1&#039;]}" type="org.openqa.selenium.NoSuchElementException">
      <![CDATA[org.openqa.selenium.NoSuchElementException: no such element: Unable to locate element: {"method":"xpath","selector":"//input[@name='1']"}
  (Session info: chrome=119.0.6045.200)
For documentation on this error, please visit: https://www.seleniumhq.org/exceptions/no_such_element.html
Build info: version: '3.141.59', revision: 'e82be7d358', time: '2018-11-14T08:17:03'
System info: host: 'DESKTOP-PTF1H2O', ip: '10.8.0.88', os.name: 'Windows 10', os.arch: 'amd64', os.version: '10.0', java.version: '19.0.1'
Driver info: org.openqa.selenium.chrome.ChromeDriver
Capabilities {acceptInsecureCerts: false, browserName: chrome, browserVersion: 119.0.6045.200, chrome: {chromedriverVersion: 119.0.6045.105 (38c72552c5e..., userDataDir: C:\Users\Rahul\AppData\Loca...}, fedcm:accounts: true, goog:chromeOptions: {debuggerAddress: localhost:60321}, javascriptEnabled: true, networkConnectionEnabled: false, pageLoadStrategy: normal, platform: WINDOWS, platformName: WINDOWS, proxy: Proxy(), setWindowRect: true, strictFileInteractability: false, timeouts: {implicit: 0, pageLoad: 300000, script: 30000}, unhandledPromptBehavior: dismiss and notify, webauthn:extension:credBlob: true, webauthn:extension:largeBlob: true, webauthn:extension:minPinLength: true, webauthn:extension:prf: true, webauthn:virtualAuthenticators: true}
Session ID: 59b44cdaa4339866e0c6ccd1aa383591
*** Element info: {Using=xpath, value=//input[@name='1']}
at java.base/jdk.internal.reflect.DirectConstructorHandleAccessor.newInstance(DirectConstructorHandleAccessor.java:67)
at java.base/java.lang.reflect.Constructor.newInstanceWithCaller(Constructor.java:500)
at java.base/java.lang.reflect.Constructor.newInstance(Constructor.java:484)
at org.openqa.selenium.remote.http.W3CHttpResponseCodec.createException(W3CHttpResponseCodec.java:187)
at org.openqa.selenium.remote.http.W3CHttpResponseCodec.decode(W3CHttpResponseCodec.java:122)
at org.openqa.selenium.remote.http.W3CHttpResponseCodec.decode(W3CHttpResponseCodec.java:49)
at org.openqa.selenium.remote.HttpCommandExecutor.execute(HttpCommandExecutor.java:158)
at org.openqa.selenium.remote.service.DriverCommandExecutor.execute(DriverCommandExecutor.java:83)
at org.openqa.selenium.remote.RemoteWebDriver.execute(RemoteWebDriver.java:552)
at org.openqa.selenium.remote.RemoteWebDriver.findElement(RemoteWebDriver.java:323)
at org.openqa.selenium.remote.RemoteWebDriver.findElementByXPath(RemoteWebDriver.java:428)
at org.openqa.selenium.By$ByXPath.findElement(By.java:353)
at org.openqa.selenium.remote.RemoteWebDriver.findElement(RemoteWebDriver.java:315)
at org.openqa.selenium.support.pagefactory.DefaultElementLocator.findElement(DefaultElementLocator.java:69)
at org.openqa.selenium.support.pagefactory.internal.LocatingElementHandler.invoke(LocatingElementHandler.java:38)
at jdk.proxy2/jdk.proxy2.$Proxy26.isDisplayed(Unknown Source)
at com.buildpiper.capabilities.UICapability.ui_IsElementDisplay(UICapability.java:191)
at com.buildpiper.capabilities.UICapability.ui_click(UICapability.java:66)
at com.buildpiper.base.Capability.ui_click(Capability.java:69)
at com.buildpiper.pages.JobExecutionActivity.ActivityFilterby_Users(JobExecutionActivity.java:383)
at com.buildpiper.testcases.JobExecutionActivityTestcases.ActivityFilterby_Users(JobExecutionActivityTestcases.java:107)
at java.base/jdk.internal.reflect.DirectMethodHandleAccessor.invoke(DirectMethodHandleAccessor.java:104)
at java.base/java.lang.reflect.Method.invoke(Method.java:578)
at org.testng.internal.MethodInvocationHelper.invokeMethod(MethodInvocationHelper.java:134)
at org.testng.internal.TestInvoker.invokeMethod(TestInvoker.java:597)
at org.testng.internal.TestInvoker.invokeTestMethod(TestInvoker.java:173)
at org.testng.internal.MethodRunner.runInSequence(MethodRunner.java:46)
at org.testng.internal.TestInvoker$MethodInvocationAgent.invoke(TestInvoker.java:816)
at org.testng.internal.TestInvoker.invokeTestMethods(TestInvoker.java:146)
at org.testng.internal.TestMethodWorker.invokeTestMethods(TestMethodWorker.java:146)
at org.testng.internal.TestMethodWorker.run(TestMethodWorker.java:128)
at java.base/java.util.ArrayList.forEach(ArrayList.java:1511)
at org.testng.TestRunner.privateRun(TestRunner.java:766)
at org.testng.TestRunner.run(TestRunner.java:587)
at org.testng.SuiteRunner.runTest(SuiteRunner.java:384)
at org.testng.SuiteRunner.runSequentially(SuiteRunner.java:378)
at org.testng.SuiteRunner.privateRun(SuiteRunner.java:337)
at org.testng.SuiteRunner.run(SuiteRunner.java:286)
at org.testng.SuiteRunnerWorker.runSuite(SuiteRunnerWorker.java:53)
at org.testng.SuiteRunnerWorker.run(SuiteRunnerWorker.java:96)
at org.testng.TestNG.runSuitesSequentially(TestNG.java:1187)
at org.testng.TestNG.runSuitesLocally(TestNG.java:1109)
at org.testng.TestNG.runSuites(TestNG.java:1039)
at org.testng.TestNG.run(TestNG.java:1007)
at org.testng.remote.AbstractRemoteTestNG.run(AbstractRemoteTestNG.java:115)
at org.testng.remote.RemoteTestNG.initAndRun(RemoteTestNG.java:251)
at org.testng.remote.RemoteTestNG.main(RemoteTestNG.java:77)
]]>
    </error>
  </testcase> <!-- ActivityFilterby_Users -->
  <system-out>
checking if driver exist <img src=D:\BuildPiper_Rahul\Reports\05Dec_191310\ActivityFilterby_Users_chrome\ActivityFilterby_Users_chrome_339_Dec_194126.jpg alt='Lamp' width='500' height='400'>  Element [[ChromeDriver: chrome on WINDOWS (59b44cdaa4339866e0c6ccd1aa383591)] -> xpath: //button[@type='button' and @aria-controls='menu-appbar']//div//div] is not clickable using selenium click <img src=D:\BuildPiper_Rahul\Reports\05Dec_191310\ActivityFilterby_Users_chrome\ActivityFilterby_Users_chrome_339_Dec_194130.jpg alt='Lamp' width='500' height='400'> Clicking on element userMenuAppBar <img src=D:\BuildPiper_Rahul\Reports\05Dec_191310\ActivityFilterby_Users_chrome\ActivityFilterby_Users_chrome_339_Dec_194130.jpg alt='Lamp' width='500' height='400'> Clicking on element select Job Execution Activity Menu <img src=D:\BuildPiper_Rahul\Reports\05Dec_191310\ActivityFilterby_Users_chrome\ActivityFilterby_Users_chrome_339_Dec_194131.jpg alt='Lamp' width='500' height='400'> checking if driver exist <img src=D:\BuildPiper_Rahul\Reports\05Dec_191310\ActivityFilterby_Users_chrome\ActivityFilterby_Users_chrome_339_Dec_194134.jpg alt='Lamp' width='500' height='400'> Element is present  xpath: //li//button[contains(@class,'main-nav-1')]//span[1][@title]] <img src=D:\BuildPiper_Rahul\Reports\05Dec_191310\ActivityFilterby_Users_chrome\ActivityFilterby_Users_chrome_339_Dec_194139.jpg alt='Lamp' width='500' height='400'> Element is present  xpath: //button[@class='MuiButtonBase-root MuiIconButton-root']//span[text()='More']] <img src=D:\BuildPiper_Rahul\Reports\05Dec_191310\ActivityFilterby_Users_chrome\ActivityFilterby_Users_chrome_339_Dec_194140.jpg alt='Lamp' width='500' height='400'> Clicking on element More Button <img src=D:\BuildPiper_Rahul\Reports\05Dec_191310\ActivityFilterby_Users_chrome\ActivityFilterby_Users_chrome_339_Dec_194140.jpg alt='Lamp' width='500' height='400'> Clicking on element UserName Checkbox <img src=D:\BuildPiper_Rahul\Reports\05Dec_191310\ActivityFilterby_Users_chrome\ActivityFilterby_Users_chrome_339_Dec_194211.jpg alt='Lamp' width='500' height='400'> Clicking on element User DropDown <img src=D:\BuildPiper_Rahul\Reports\05Dec_191310\ActivityFilterby_Users_chrome\ActivityFilterby_Users_chrome_339_Dec_194213.jpg alt='Lamp' width='500' height='400'> Exception while scroll to view of element:  Exception while scroll to view of element:  ####### End of Test Case: ActivityFilterby_Users #######  </system-out>
</testsuite> <!-- com.buildpiper.testcases.JobExecutionActivityTestcases -->
