<?xml version="1.0" encoding="UTF-8"?>
<!-- Generated by org.testng.reporters.JUnitReportReporter -->
<testsuite hostname="Val" failures="0" tests="1" name="com.buildpiper.testcases.BuildPiperTestcasesExecutionComprehensiveTests" time="59.228" errors="1" timestamp="2023-10-11T02:33:25 IST" skipped="0">
  <testcase classname="com.buildpiper.testcases.BuildPiperTestcasesExecutionComprehensiveTests" name="CreateBasicPipeLine" time="59.228">
    <error message="no such element: Unable to locate element: {&quot;method&quot;:&quot;xpath&quot;,&quot;selector&quot;:&quot;//p[@class=&#039;pipeline-name&#039;]&quot;}
  (Session info: chrome=117.0.5938.149)
For documentation on this error, please visit: https://www.seleniumhq.org/exceptions/no_such_element.html
Build info: version: &#039;3.141.59&#039;, revision: &#039;e82be7d358&#039;, time: &#039;2018-11-14T08:17:03&#039;
System info: host: &#039;VAL&#039;, ip: &#039;192.168.1.4&#039;, os.name: &#039;Windows 11&#039;, os.arch: &#039;amd64&#039;, os.version: &#039;10.0&#039;, java.version: &#039;18.0.1.1&#039;
Driver info: org.openqa.selenium.chrome.ChromeDriver
Capabilities {acceptInsecureCerts: false, browserName: chrome, browserVersion: 117.0.5938.149, chrome: {chromedriverVersion: 117.0.5938.149 (e3344ddefa1..., userDataDir: C:\Users\sagar\AppData\Loca...}, fedcm:accounts: true, goog:chromeOptions: {debuggerAddress: localhost:51136}, javascriptEnabled: true, networkConnectionEnabled: false, pageLoadStrategy: normal, platform: WINDOWS, platformName: WINDOWS, proxy: Proxy(), setWindowRect: true, strictFileInteractability: false, timeouts: {implicit: 0, pageLoad: 300000, script: 30000}, unhandledPromptBehavior: dismiss and notify, webauthn:extension:credBlob: true, webauthn:extension:largeBlob: true, webauthn:extension:minPinLength: true, webauthn:extension:prf: true, webauthn:virtualAuthenticators: true}
Session ID: c6c2a038603bbd4f9dbbfcb6ff48dacf
*** Element info: {Using=xpath, value=//p[@class=&#039;pipeline-name&#039;]}" type="org.openqa.selenium.NoSuchElementException">
      <![CDATA[org.openqa.selenium.NoSuchElementException: no such element: Unable to locate element: {"method":"xpath","selector":"//p[@class='pipeline-name']"}
  (Session info: chrome=117.0.5938.149)
For documentation on this error, please visit: https://www.seleniumhq.org/exceptions/no_such_element.html
Build info: version: '3.141.59', revision: 'e82be7d358', time: '2018-11-14T08:17:03'
System info: host: 'VAL', ip: '192.168.1.4', os.name: 'Windows 11', os.arch: 'amd64', os.version: '10.0', java.version: '18.0.1.1'
Driver info: org.openqa.selenium.chrome.ChromeDriver
Capabilities {acceptInsecureCerts: false, browserName: chrome, browserVersion: 117.0.5938.149, chrome: {chromedriverVersion: 117.0.5938.149 (e3344ddefa1..., userDataDir: C:\Users\sagar\AppData\Loca...}, fedcm:accounts: true, goog:chromeOptions: {debuggerAddress: localhost:51136}, javascriptEnabled: true, networkConnectionEnabled: false, pageLoadStrategy: normal, platform: WINDOWS, platformName: WINDOWS, proxy: Proxy(), setWindowRect: true, strictFileInteractability: false, timeouts: {implicit: 0, pageLoad: 300000, script: 30000}, unhandledPromptBehavior: dismiss and notify, webauthn:extension:credBlob: true, webauthn:extension:largeBlob: true, webauthn:extension:minPinLength: true, webauthn:extension:prf: true, webauthn:virtualAuthenticators: true}
Session ID: c6c2a038603bbd4f9dbbfcb6ff48dacf
*** Element info: {Using=xpath, value=//p[@class='pipeline-name']}
at java.base/jdk.internal.reflect.DirectConstructorHandleAccessor.newInstance(DirectConstructorHandleAccessor.java:67)
at java.base/java.lang.reflect.Constructor.newInstanceWithCaller(Constructor.java:499)
at java.base/java.lang.reflect.Constructor.newInstance(Constructor.java:483)
at org.openqa.selenium.remote.http.W3CHttpResponseCodec.createException(W3CHttpResponseCodec.java:187)
at org.openqa.selenium.remote.http.W3CHttpResponseCodec.decode(W3CHttpResponseCodec.java:122)
at org.openqa.selenium.remote.http.W3CHttpResponseCodec.decode(W3CHttpResponseCodec.java:49)
at org.openqa.selenium.remote.HttpCommandExecutor.execute(HttpCommandExecutor.java:158)
at org.openqa.selenium.remote.service.DriverCommandExecutor.execute(DriverCommandExecutor.java:83)
at org.openqa.selenium.remote.RemoteWebDriver.execute(RemoteWebDriver.java:552)
at org.openqa.selenium.remote.RemoteWebDriver.findElement(RemoteWebDriver.java:323)
at org.openqa.selenium.remote.RemoteWebDriver.findElementByXPath(RemoteWebDriver.java:428)
at org.openqa.selenium.By$ByXPath.findElement(By.java:353)
at org.openqa.selenium.remote.RemoteWebDriver.findElement(RemoteWebDriver.java:315)
at org.openqa.selenium.support.pagefactory.DefaultElementLocator.findElement(DefaultElementLocator.java:69)
at org.openqa.selenium.support.pagefactory.internal.LocatingElementHandler.invoke(LocatingElementHandler.java:38)
at jdk.proxy2/jdk.proxy2.$Proxy26.isDisplayed(Unknown Source)
at com.buildpiper.capabilities.UICapability.ui_IsElementDisplay(UICapability.java:187)
at com.buildpiper.base.Capability.ui_IsElementDisplay(Capability.java:264)
at com.buildpiper.pages.BuildPipeLinePage.createBasicPipeline(BuildPipeLinePage.java:278)
at com.buildpiper.testcases.BuildPiperTestcasesExecutionComprehensiveTests.CreateBasicPipeLine(BuildPiperTestcasesExecutionComprehensiveTests.java:45)
at java.base/jdk.internal.reflect.DirectMethodHandleAccessor.invoke(DirectMethodHandleAccessor.java:104)
at java.base/java.lang.reflect.Method.invoke(Method.java:577)
at org.testng.internal.MethodInvocationHelper.invokeMethod(MethodInvocationHelper.java:134)
at org.testng.internal.TestInvoker.invokeMethod(TestInvoker.java:597)
at org.testng.internal.TestInvoker.invokeTestMethod(TestInvoker.java:173)
at org.testng.internal.MethodRunner.runInSequence(MethodRunner.java:46)
at org.testng.internal.TestInvoker$MethodInvocationAgent.invoke(TestInvoker.java:816)
at org.testng.internal.TestInvoker.invokeTestMethods(TestInvoker.java:146)
at org.testng.internal.TestMethodWorker.invokeTestMethods(TestMethodWorker.java:146)
at org.testng.internal.TestMethodWorker.run(TestMethodWorker.java:128)
at java.base/java.util.ArrayList.forEach(ArrayList.java:1511)
at org.testng.TestRunner.privateRun(TestRunner.java:766)
at org.testng.TestRunner.run(TestRunner.java:587)
at org.testng.SuiteRunner.runTest(SuiteRunner.java:384)
at org.testng.SuiteRunner.runSequentially(SuiteRunner.java:378)
at org.testng.SuiteRunner.privateRun(SuiteRunner.java:337)
at org.testng.SuiteRunner.run(SuiteRunner.java:286)
at org.testng.SuiteRunnerWorker.runSuite(SuiteRunnerWorker.java:53)
at org.testng.SuiteRunnerWorker.run(SuiteRunnerWorker.java:96)
at org.testng.TestNG.runSuitesSequentially(TestNG.java:1187)
at org.testng.TestNG.runSuitesLocally(TestNG.java:1109)
at org.testng.TestNG.runSuites(TestNG.java:1039)
at org.testng.TestNG.run(TestNG.java:1007)
at org.testng.remote.AbstractRemoteTestNG.run(AbstractRemoteTestNG.java:115)
at org.testng.remote.RemoteTestNG.initAndRun(RemoteTestNG.java:251)
at org.testng.remote.RemoteTestNG.main(RemoteTestNG.java:77)
]]>
    </error>
  </testcase> <!-- CreateBasicPipeLine -->
  <system-out>
checking if driver exist Getting driver  Getting driver  Getting driver  Setting driver C:\Users\sagar\Java_Workspace\BP-3.1MajorRelease\Reports\11Oct_023225\CreateBasicPipeLine_chrome\CreateBasicPipeLine_chrome_284_Oct_023227.jpg <a href=C:\Users\sagar\Java_Workspace\BP-3.1MajorRelease\Reports\11Oct_023225\CreateBasicPipeLine_chrome\CreateBasicPipeLine_chrome_284_Oct_023227.jpg alt='alternative text'>Step</a> Getting driver  C:\Users\sagar\Java_Workspace\BP-3.1MajorRelease\Reports\11Oct_023225\CreateBasicPipeLine_chrome\CreateBasicPipeLine_chrome_284_Oct_023227.jpg <a href=C:\Users\sagar\Java_Workspace\BP-3.1MajorRelease\Reports\11Oct_023225\CreateBasicPipeLine_chrome\CreateBasicPipeLine_chrome_284_Oct_023227.jpg alt='alternative text'>Step</a> Launching driver C:\Users\sagar\Java_Workspace\BP-3.1MajorRelease\Reports\11Oct_023225\CreateBasicPipeLine_chrome\CreateBasicPipeLine_chrome_284_Oct_023227.jpg <a href=C:\Users\sagar\Java_Workspace\BP-3.1MajorRelease\Reports\11Oct_023225\CreateBasicPipeLine_chrome\CreateBasicPipeLine_chrome_284_Oct_023227.jpg alt='alternative text'>Step</a> Executing; ui_launch Element [[ChromeDriver: chrome on WINDOWS (c6c2a038603bbd4f9dbbfcb6ff48dacf)] -> name: email]is displayed on screen Setting value on element USER_NAME C:\Users\sagar\Java_Workspace\BP-3.1MajorRelease\Reports\11Oct_023225\CreateBasicPipeLine_chrome\CreateBasicPipeLine_chrome_284_Oct_023229.jpg <a href=C:\Users\sagar\Java_Workspace\BP-3.1MajorRelease\Reports\11Oct_023225\CreateBasicPipeLine_chrome\CreateBasicPipeLine_chrome_284_Oct_023229.jpg alt='alternative text'>Step</a> Element [[ChromeDriver: chrome on WINDOWS (c6c2a038603bbd4f9dbbfcb6ff48dacf)] -> name: password]is displayed on screen Setting value on element PASSWORD C:\Users\sagar\Java_Workspace\BP-3.1MajorRelease\Reports\11Oct_023225\CreateBasicPipeLine_chrome\CreateBasicPipeLine_chrome_284_Oct_023229.jpg <a href=C:\Users\sagar\Java_Workspace\BP-3.1MajorRelease\Reports\11Oct_023225\CreateBasicPipeLine_chrome\CreateBasicPipeLine_chrome_284_Oct_023229.jpg alt='alternative text'>Step</a> Element [[ChromeDriver: chrome on WINDOWS (c6c2a038603bbd4f9dbbfcb6ff48dacf)] -> xpath: //button[@type='submit']]is displayed on screen Clicking on element LOGIN_BTN C:\Users\sagar\Java_Workspace\BP-3.1MajorRelease\Reports\11Oct_023225\CreateBasicPipeLine_chrome\CreateBasicPipeLine_chrome_284_Oct_023230.jpg <a href=C:\Users\sagar\Java_Workspace\BP-3.1MajorRelease\Reports\11Oct_023225\CreateBasicPipeLine_chrome\CreateBasicPipeLine_chrome_284_Oct_023230.jpg alt='alternative text'>Step</a> Successful navigation is validated for LoginPage Getting driver  C:\Users\sagar\Java_Workspace\BP-3.1MajorRelease\Reports\11Oct_023225\CreateBasicPipeLine_chrome\CreateBasicPipeLine_chrome_284_Oct_023230.jpg <a href=C:\Users\sagar\Java_Workspace\BP-3.1MajorRelease\Reports\11Oct_023225\CreateBasicPipeLine_chrome\CreateBasicPipeLine_chrome_284_Oct_023230.jpg alt='alternative text'>Step</a> checking if driver exist C:\Users\sagar\Java_Workspace\BP-3.1MajorRelease\Reports\11Oct_023225\CreateBasicPipeLine_chrome\CreateBasicPipeLine_chrome_284_Oct_023230.jpg <a href=C:\Users\sagar\Java_Workspace\BP-3.1MajorRelease\Reports\11Oct_023225\CreateBasicPipeLine_chrome\CreateBasicPipeLine_chrome_284_Oct_023230.jpg alt='alternative text'>Step</a> Getting driver  C:\Users\sagar\Java_Workspace\BP-3.1MajorRelease\Reports\11Oct_023225\CreateBasicPipeLine_chrome\CreateBasicPipeLine_chrome_284_Oct_023231.jpg <a href=C:\Users\sagar\Java_Workspace\BP-3.1MajorRelease\Reports\11Oct_023225\CreateBasicPipeLine_chrome\CreateBasicPipeLine_chrome_284_Oct_023231.jpg alt='alternative text'>Step</a> Getting driver  C:\Users\sagar\Java_Workspace\BP-3.1MajorRelease\Reports\11Oct_023225\CreateBasicPipeLine_chrome\CreateBasicPipeLine_chrome_284_Oct_023231.jpg <a href=C:\Users\sagar\Java_Workspace\BP-3.1MajorRelease\Reports\11Oct_023225\CreateBasicPipeLine_chrome\CreateBasicPipeLine_chrome_284_Oct_023231.jpg alt='alternative text'>Step</a> checking if driver exist C:\Users\sagar\Java_Workspace\BP-3.1MajorRelease\Reports\11Oct_023225\CreateBasicPipeLine_chrome\CreateBasicPipeLine_chrome_284_Oct_023231.jpg <a href=C:\Users\sagar\Java_Workspace\BP-3.1MajorRelease\Reports\11Oct_023225\CreateBasicPipeLine_chrome\CreateBasicPipeLine_chrome_284_Oct_023231.jpg alt='alternative text'>Step</a> Getting driver  C:\Users\sagar\Java_Workspace\BP-3.1MajorRelease\Reports\11Oct_023225\CreateBasicPipeLine_chrome\CreateBasicPipeLine_chrome_284_Oct_023231.jpg <a href=C:\Users\sagar\Java_Workspace\BP-3.1MajorRelease\Reports\11Oct_023225\CreateBasicPipeLine_chrome\CreateBasicPipeLine_chrome_284_Oct_023231.jpg alt='alternative text'>Step</a> Getting driver  C:\Users\sagar\Java_Workspace\BP-3.1MajorRelease\Reports\11Oct_023225\CreateBasicPipeLine_chrome\CreateBasicPipeLine_chrome_284_Oct_023231.jpg <a href=C:\Users\sagar\Java_Workspace\BP-3.1MajorRelease\Reports\11Oct_023225\CreateBasicPipeLine_chrome\CreateBasicPipeLine_chrome_284_Oct_023231.jpg alt='alternative text'>Step</a> Element [[ChromeDriver: chrome on WINDOWS (c6c2a038603bbd4f9dbbfcb6ff48dacf)] -> xpath: //button[@type='button' and @aria-controls='menu-appbar']//div//div]is displayed on screen  Element +[[ChromeDriver: chrome on WINDOWS (c6c2a038603bbd4f9dbbfcb6ff48dacf)] -> xpath: //button[@type='button' and @aria-controls='menu-appbar']//div//div] is not clickable using selenium click C:\Users\sagar\Java_Workspace\BP-3.1MajorRelease\Reports\11Oct_023225\CreateBasicPipeLine_chrome\CreateBasicPipeLine_chrome_284_Oct_023233.jpg <a href=C:\Users\sagar\Java_Workspace\BP-3.1MajorRelease\Reports\11Oct_023225\CreateBasicPipeLine_chrome\CreateBasicPipeLine_chrome_284_Oct_023233.jpg alt='alternative text'>Step</a> Clicking on element userMenuAppBar C:\Users\sagar\Java_Workspace\BP-3.1MajorRelease\Reports\11Oct_023225\CreateBasicPipeLine_chrome\CreateBasicPipeLine_chrome_284_Oct_023233.jpg <a href=C:\Users\sagar\Java_Workspace\BP-3.1MajorRelease\Reports\11Oct_023225\CreateBasicPipeLine_chrome\CreateBasicPipeLine_chrome_284_Oct_023233.jpg alt='alternative text'>Step</a> Element [[ChromeDriver: chrome on WINDOWS (c6c2a038603bbd4f9dbbfcb6ff48dacf)] -> xpath: //a[@href='/integration/containerRegistries']]is displayed on screen Clicking on element clicks on container registry C:\Users\sagar\Java_Workspace\BP-3.1MajorRelease\Reports\11Oct_023225\CreateBasicPipeLine_chrome\CreateBasicPipeLine_chrome_284_Oct_023233.jpg <a href=C:\Users\sagar\Java_Workspace\BP-3.1MajorRelease\Reports\11Oct_023225\CreateBasicPipeLine_chrome\CreateBasicPipeLine_chrome_284_Oct_023233.jpg alt='alternative text'>Step</a> Element [[ChromeDriver: chrome on WINDOWS (c6c2a038603bbd4f9dbbfcb6ff48dacf)] -> xpath: (//button[@class='test-btn'])[1]]is displayed on screen Clicking on element clicks on first container registry test C:\Users\sagar\Java_Workspace\BP-3.1MajorRelease\Reports\11Oct_023225\CreateBasicPipeLine_chrome\CreateBasicPipeLine_chrome_284_Oct_023233.jpg <a href=C:\Users\sagar\Java_Workspace\BP-3.1MajorRelease\Reports\11Oct_023225\CreateBasicPipeLine_chrome\CreateBasicPipeLine_chrome_284_Oct_023233.jpg alt='alternative text'>Step</a> Element [[ChromeDriver: chrome on WINDOWS (c6c2a038603bbd4f9dbbfcb6ff48dacf)] -> xpath: //div[contains(@class,'connected text connected')]]is displayed on screen Element is present [[ChromeDriver: chrome on WINDOWS (c6c2a038603bbd4f9dbbfcb6ff48dacf)] -> xpath: //div[contains(@class,'connected text connected')]] C:\Users\sagar\Java_Workspace\BP-3.1MajorRelease\Reports\11Oct_023225\CreateBasicPipeLine_chrome\CreateBasicPipeLine_chrome_284_Oct_023234.jpg <a href=C:\Users\sagar\Java_Workspace\BP-3.1MajorRelease\Reports\11Oct_023225\CreateBasicPipeLine_chrome\CreateBasicPipeLine_chrome_284_Oct_023234.jpg alt='alternative text'>Step</a> Element [[ChromeDriver: chrome on WINDOWS (c6c2a038603bbd4f9dbbfcb6ff48dacf)] -> xpath: //button[@type='button' and @aria-controls='menu-appbar']//div//div]is displayed on screen  Element +[[ChromeDriver: chrome on WINDOWS (c6c2a038603bbd4f9dbbfcb6ff48dacf)] -> xpath: //button[@type='button' and @aria-controls='menu-appbar']//div//div] is not clickable using selenium click C:\Users\sagar\Java_Workspace\BP-3.1MajorRelease\Reports\11Oct_023225\CreateBasicPipeLine_chrome\CreateBasicPipeLine_chrome_284_Oct_023240.jpg <a href=C:\Users\sagar\Java_Workspace\BP-3.1MajorRelease\Reports\11Oct_023225\CreateBasicPipeLine_chrome\CreateBasicPipeLine_chrome_284_Oct_023240.jpg alt='alternative text'>Step</a> Clicking on element userMenuAppBar C:\Users\sagar\Java_Workspace\BP-3.1MajorRelease\Reports\11Oct_023225\CreateBasicPipeLine_chrome\CreateBasicPipeLine_chrome_284_Oct_023240.jpg <a href=C:\Users\sagar\Java_Workspace\BP-3.1MajorRelease\Reports\11Oct_023225\CreateBasicPipeLine_chrome\CreateBasicPipeLine_chrome_284_Oct_023240.jpg alt='alternative text'>Step</a> Element [[ChromeDriver: chrome on WINDOWS (c6c2a038603bbd4f9dbbfcb6ff48dacf)] -> xpath: //button[contains(@class,'btn-link-green')][text()=' Switch to User Portal']]is displayed on screen Clicking on element switching to user account C:\Users\sagar\Java_Workspace\BP-3.1MajorRelease\Reports\11Oct_023225\CreateBasicPipeLine_chrome\CreateBasicPipeLine_chrome_284_Oct_023240.jpg <a href=C:\Users\sagar\Java_Workspace\BP-3.1MajorRelease\Reports\11Oct_023225\CreateBasicPipeLine_chrome\CreateBasicPipeLine_chrome_284_Oct_023240.jpg alt='alternative text'>Step</a> checking if driver exist C:\Users\sagar\Java_Workspace\BP-3.1MajorRelease\Reports\11Oct_023225\CreateBasicPipeLine_chrome\CreateBasicPipeLine_chrome_284_Oct_023241.jpg <a href=C:\Users\sagar\Java_Workspace\BP-3.1MajorRelease\Reports\11Oct_023225\CreateBasicPipeLine_chrome\CreateBasicPipeLine_chrome_284_Oct_023241.jpg alt='alternative text'>Step</a> Getting driver  C:\Users\sagar\Java_Workspace\BP-3.1MajorRelease\Reports\11Oct_023225\CreateBasicPipeLine_chrome\CreateBasicPipeLine_chrome_284_Oct_023241.jpg <a href=C:\Users\sagar\Java_Workspace\BP-3.1MajorRelease\Reports\11Oct_023225\CreateBasicPipeLine_chrome\CreateBasicPipeLine_chrome_284_Oct_023241.jpg alt='alternative text'>Step</a> Getting driver  C:\Users\sagar\Java_Workspace\BP-3.1MajorRelease\Reports\11Oct_023225\CreateBasicPipeLine_chrome\CreateBasicPipeLine_chrome_284_Oct_023241.jpg <a href=C:\Users\sagar\Java_Workspace\BP-3.1MajorRelease\Reports\11Oct_023225\CreateBasicPipeLine_chrome\CreateBasicPipeLine_chrome_284_Oct_023241.jpg alt='alternative text'>Step</a> Element [[ChromeDriver: chrome on WINDOWS (c6c2a038603bbd4f9dbbfcb6ff48dacf)] -> xpath: //li//button[contains(@class,'main-nav-1')]//span[@title]]is displayed on screen Element is present [[ChromeDriver: chrome on WINDOWS (c6c2a038603bbd4f9dbbfcb6ff48dacf)] -> xpath: //li//button[contains(@class,'main-nav-1')]//span[@title]] C:\Users\sagar\Java_Workspace\BP-3.1MajorRelease\Reports\11Oct_023225\CreateBasicPipeLine_chrome\CreateBasicPipeLine_chrome_284_Oct_023246.jpg <a href=C:\Users\sagar\Java_Workspace\BP-3.1MajorRelease\Reports\11Oct_023225\CreateBasicPipeLine_chrome\CreateBasicPipeLine_chrome_284_Oct_023246.jpg alt='alternative text'>Step</a> Element [[ChromeDriver: chrome on WINDOWS (c6c2a038603bbd4f9dbbfcb6ff48dacf)] -> xpath: //button//span[2][@class='flaticon-expand-arrow']/../..//li//span[contains(.,'Pipeline Overview')]]is displayed on screen Clicking on element Poc_QA pipelineOverviewLink C:\Users\sagar\Java_Workspace\BP-3.1MajorRelease\Reports\11Oct_023225\CreateBasicPipeLine_chrome\CreateBasicPipeLine_chrome_284_Oct_023247.jpg <a href=C:\Users\sagar\Java_Workspace\BP-3.1MajorRelease\Reports\11Oct_023225\CreateBasicPipeLine_chrome\CreateBasicPipeLine_chrome_284_Oct_023247.jpg alt='alternative text'>Step</a> Element [[ChromeDriver: chrome on WINDOWS (c6c2a038603bbd4f9dbbfcb6ff48dacf)] -> xpath: //a[@class='btn btn-submit' and text()='Add Pipeline']]is displayed on screen Clicking on element clicks on add pipeline button C:\Users\sagar\Java_Workspace\BP-3.1MajorRelease\Reports\11Oct_023225\CreateBasicPipeLine_chrome\CreateBasicPipeLine_chrome_284_Oct_023247.jpg <a href=C:\Users\sagar\Java_Workspace\BP-3.1MajorRelease\Reports\11Oct_023225\CreateBasicPipeLine_chrome\CreateBasicPipeLine_chrome_284_Oct_023247.jpg alt='alternative text'>Step</a> Element [[ChromeDriver: chrome on WINDOWS (c6c2a038603bbd4f9dbbfcb6ff48dacf)] -> xpath: //div//input[@name='name' and @placeholder='Give a name to the pipeline']]is displayed on screen Setting value on element Gives unique name to pipeline C:\Users\sagar\Java_Workspace\BP-3.1MajorRelease\Reports\11Oct_023225\CreateBasicPipeLine_chrome\CreateBasicPipeLine_chrome_284_Oct_023248.jpg <a href=C:\Users\sagar\Java_Workspace\BP-3.1MajorRelease\Reports\11Oct_023225\CreateBasicPipeLine_chrome\CreateBasicPipeLine_chrome_284_Oct_023248.jpg alt='alternative text'>Step</a> Element [[ChromeDriver: chrome on WINDOWS (c6c2a038603bbd4f9dbbfcb6ff48dacf)] -> xpath: //input[@name='retention_execution_count' and @placeholder='Retention Count']]is displayed on screen Element [[ChromeDriver: chrome on WINDOWS (c6c2a038603bbd4f9dbbfcb6ff48dacf)] -> xpath: //button[contains(@class,'btn-save btn')][text()='Save']]is displayed on screen  Element +Proxy element for: DefaultElementLocator 'By.xpath: //button[contains(@class,'btn-save btn')][text()='Save']' is not clickable using selenium click C:\Users\sagar\Java_Workspace\BP-3.1MajorRelease\Reports\11Oct_023225\CreateBasicPipeLine_chrome\CreateBasicPipeLine_chrome_284_Oct_023253.jpg <a href=C:\Users\sagar\Java_Workspace\BP-3.1MajorRelease\Reports\11Oct_023225\CreateBasicPipeLine_chrome\CreateBasicPipeLine_chrome_284_Oct_023253.jpg alt='alternative text'>Step</a> Clicking on element clicks on save pipeline button C:\Users\sagar\Java_Workspace\BP-3.1MajorRelease\Reports\11Oct_023225\CreateBasicPipeLine_chrome\CreateBasicPipeLine_chrome_284_Oct_023253.jpg <a href=C:\Users\sagar\Java_Workspace\BP-3.1MajorRelease\Reports\11Oct_023225\CreateBasicPipeLine_chrome\CreateBasicPipeLine_chrome_284_Oct_023253.jpg alt='alternative text'>Step</a> Result upload to testlink is disabled, Please ensure you have 'UpdateTestLink=Yes' in project.properties  ####### End of Test Case: CreateBasicPipeLine #######  </system-out>
</testsuite> <!-- com.buildpiper.testcases.BuildPiperTestcasesExecutionComprehensiveTests -->
