<html>
<head>
<title>TestNG:  RegressionSuite</title>
<link href="../testng.css" rel="stylesheet" type="text/css" />
<link href="../my-testng.css" rel="stylesheet" type="text/css" />

<style type="text/css">
.log { display: none;} 
.stack-trace { display: none;} 
</style>
<script type="text/javascript">
<!--
function flip(e) {
  current = e.style.display;
  if (current == 'block') {
    e.style.display = 'none';
    return 0;
  }
  else {
    e.style.display = 'block';
    return 1;
  }
}

function toggleBox(szDivId, elem, msg1, msg2)
{
  var res = -1;  if (document.getElementById) {
    res = flip(document.getElementById(szDivId));
  }
  else if (document.all) {
    // this is the way old msie versions work
    res = flip(document.all[szDivId]);
  }
  if(elem) {
    if(res == 0) elem.innerHTML = msg1; else elem.innerHTML = msg2;
  }

}

function toggleAllBoxes() {
  if (document.getElementsByTagName) {
    d = document.getElementsByTagName('div');
    for (i = 0; i < d.length; i++) {
      if (d[i].className == 'log') {
        flip(d[i]);
      }
    }
  }
}

// -->
</script>

</head>
<body>
<h2 align='center'>RegressionSuite</h2><table border='1' align="center">
<tr>
<td>Tests passed/Failed/Skipped:</td><td>5/11/0</td>
</tr><tr>
<td>Started on:</td><td>Wed Jan 03 21:03:17 IST 2024</td>
</tr>
<tr><td>Total time:</td><td>2761 seconds (2761712 ms)</td>
</tr><tr>
<td>Included groups:</td><td></td>
</tr><tr>
<td>Excluded groups:</td><td></td>
</tr>
</table><p/>
<small><i>(Hover the method name to see the test class name)</i></small><p/>
<table width='100%' border='1' class='invocation-failed'>
<tr><td colspan='4' align='center'><b>FAILED TESTS</b></td></tr>
<tr><td><b>Test method</b></td>
<td width="30%"><b>Exception</b></td>
<td width="10%"><b>Time (seconds)</b></td>
<td><b>Instance</b></td>
</tr>
<tr>
<td title='com.buildpiper.testcases.JobExecutionActivityTestcases.ActivityFilterby_Status()'><b>ActivityFilterby_Status</b><br>Test class: com.buildpiper.testcases.JobExecutionActivityTestcases<br/>
<a href="#Output-606816495" onClick='toggleBox("Output-606816495", this, "Show output", "Hide output");'>Show output</a>

<a href="#Output-606816495" onClick="toggleAllBoxes();">Show all outputs</a>
<div class='log' id="Output-606816495">
checking if driver exist<br/>
<img src=D:\BuildPiper_Rahul\Reports\03Jan_210314\ActivityFilterby_Status_chrome\ActivityFilterby_Status_chrome_03_Jan_214503.jpg alt='Lamp' width='500' height='400'><br/>
Clicking on element userMenuAppBar<br/>
<img src=D:\BuildPiper_Rahul\Reports\03Jan_210314\ActivityFilterby_Status_chrome\ActivityFilterby_Status_chrome_03_Jan_214503.jpg alt='Lamp' width='500' height='400'><br/>
Clicking on element select Job Execution Activity Menu<br/>
<img src=D:\BuildPiper_Rahul\Reports\03Jan_210314\ActivityFilterby_Status_chrome\ActivityFilterby_Status_chrome_03_Jan_214504.jpg alt='Lamp' width='500' height='400'><br/>
checking if driver exist<br/>
<img src=D:\BuildPiper_Rahul\Reports\03Jan_210314\ActivityFilterby_Status_chrome\ActivityFilterby_Status_chrome_03_Jan_214507.jpg alt='Lamp' width='500' height='400'><br/>
Element is present  xpath: //li//button[contains(@class,'main-nav-1')]//span[1][@title]]<br/>
<img src=D:\BuildPiper_Rahul\Reports\03Jan_210314\ActivityFilterby_Status_chrome\ActivityFilterby_Status_chrome_03_Jan_214512.jpg alt='Lamp' width='500' height='400'><br/>
Element is present  xpath: //button[@class='MuiButtonBase-root MuiIconButton-root']//span[text()='More']]<br/>
<img src=D:\BuildPiper_Rahul\Reports\03Jan_210314\ActivityFilterby_Status_chrome\ActivityFilterby_Status_chrome_03_Jan_214512.jpg alt='Lamp' width='500' height='400'><br/>
Clicking on element More Button<br/>
<img src=D:\BuildPiper_Rahul\Reports\03Jan_210314\ActivityFilterby_Status_chrome\ActivityFilterby_Status_chrome_03_Jan_214513.jpg alt='Lamp' width='500' height='400'><br/>
Clicking on element Status Checkbox<br/>
<img src=D:\BuildPiper_Rahul\Reports\03Jan_210314\ActivityFilterby_Status_chrome\ActivityFilterby_Status_chrome_03_Jan_214545.jpg alt='Lamp' width='500' height='400'><br/>
Clicking on element statusDropDown<br/>
<img src=D:\BuildPiper_Rahul\Reports\03Jan_210314\ActivityFilterby_Status_chrome\ActivityFilterby_Status_chrome_03_Jan_214546.jpg alt='Lamp' width='500' height='400'><br/>
Clicking on element statusSuccessCheckbox<br/>
<img src=D:\BuildPiper_Rahul\Reports\03Jan_210314\ActivityFilterby_Status_chrome\ActivityFilterby_Status_chrome_03_Jan_214617.jpg alt='Lamp' width='500' height='400'><br/>
Element is present  xpath: //div[@class='single-row-item-four']//span/span]<br/>
<img src=D:\BuildPiper_Rahul\Reports\03Jan_210314\ActivityFilterby_Status_chrome\ActivityFilterby_Status_chrome_03_Jan_214627.jpg alt='Lamp' width='500' height='400'><br/>
####### End of Test Case: ActivityFilterby_Status #######<br/>
</div>
</td>
<td><div><pre>java.lang.AssertionError: expected [Success] but found []
	at com.buildpiper.pages.JobExecutionActivity.VerifyActivityStatusList(JobExecutionActivity.java:272)
	at com.buildpiper.pages.JobExecutionActivity.ActivityFilterby_Status(JobExecutionActivity.java:287)
	at com.buildpiper.testcases.JobExecutionActivityTestcases.ActivityFilterby_Status(JobExecutionActivityTestcases.java:69)
	at java.base/java.util.ArrayList.forEach(ArrayList.java:1511)
... Removed 30 stack frames</pre></div><a href='#' onClick='toggleBox("stack-trace606816495", this, "Click to show all stack frames", "Click to hide stack frames")'>Click to show all stack frames</a>
<div class='stack-trace' id='stack-trace606816495'><pre>java.lang.AssertionError: expected [Success] but found []
	at org.testng.Assert.fail(Assert.java:97)
	at org.testng.Assert.assertEqualsImpl(Assert.java:136)
	at org.testng.Assert.assertEquals(Assert.java:118)
	at org.testng.Assert.assertEquals(Assert.java:575)
	at org.testng.Assert.assertEquals(Assert.java:585)
	at com.buildpiper.pages.JobExecutionActivity.VerifyActivityStatusList(JobExecutionActivity.java:272)
	at com.buildpiper.pages.JobExecutionActivity.ActivityFilterby_Status(JobExecutionActivity.java:287)
	at com.buildpiper.testcases.JobExecutionActivityTestcases.ActivityFilterby_Status(JobExecutionActivityTestcases.java:69)
	at java.base/jdk.internal.reflect.DirectMethodHandleAccessor.invoke(DirectMethodHandleAccessor.java:104)
	at java.base/java.lang.reflect.Method.invoke(Method.java:578)
	at org.testng.internal.MethodInvocationHelper.invokeMethod(MethodInvocationHelper.java:134)
	at org.testng.internal.TestInvoker.invokeMethod(TestInvoker.java:597)
	at org.testng.internal.TestInvoker.invokeTestMethod(TestInvoker.java:173)
	at org.testng.internal.MethodRunner.runInSequence(MethodRunner.java:46)
	at org.testng.internal.TestInvoker$MethodInvocationAgent.invoke(TestInvoker.java:816)
	at org.testng.internal.TestInvoker.invokeTestMethods(TestInvoker.java:146)
	at org.testng.internal.TestMethodWorker.invokeTestMethods(TestMethodWorker.java:146)
	at org.testng.internal.TestMethodWorker.run(TestMethodWorker.java:128)
	at java.base/java.util.ArrayList.forEach(ArrayList.java:1511)
	at org.testng.TestRunner.privateRun(TestRunner.java:766)
	at org.testng.TestRunner.run(TestRunner.java:587)
	at org.testng.SuiteRunner.runTest(SuiteRunner.java:384)
	at org.testng.SuiteRunner.runSequentially(SuiteRunner.java:378)
	at org.testng.SuiteRunner.privateRun(SuiteRunner.java:337)
	at org.testng.SuiteRunner.run(SuiteRunner.java:286)
	at org.testng.SuiteRunnerWorker.runSuite(SuiteRunnerWorker.java:53)
	at org.testng.SuiteRunnerWorker.run(SuiteRunnerWorker.java:96)
	at org.testng.TestNG.runSuitesSequentially(TestNG.java:1187)
	at org.testng.TestNG.runSuitesLocally(TestNG.java:1109)
	at org.testng.TestNG.runSuites(TestNG.java:1039)
	at org.testng.TestNG.run(TestNG.java:1007)
	at org.testng.remote.AbstractRemoteTestNG.run(AbstractRemoteTestNG.java:115)
	at org.testng.remote.RemoteTestNG.initAndRun(RemoteTestNG.java:251)
	at org.testng.remote.RemoteTestNG.main(RemoteTestNG.java:77)
</pre></div></td>
<td>84</td>
<td>com.buildpiper.testcases.JobExecutionActivityTestcases@56f2bbea</td></tr>
<tr>
<td title='com.buildpiper.testcases.RepoIntegrationTestCases.AddRepo()'><b>AddRepo</b><br>Test class: com.buildpiper.testcases.RepoIntegrationTestCases<br/>
<a href="#Output-1399992769" onClick='toggleBox("Output-1399992769", this, "Show output", "Hide output");'>Show output</a>

<a href="#Output-1399992769" onClick="toggleAllBoxes();">Show all outputs</a>
<div class='log' id="Output-1399992769">
checking if driver exist<br/>
<img src=D:\BuildPiper_Rahul\Reports\03Jan_210314\AddRepo_chrome\AddRepo_chrome_03_Jan_213847.jpg alt='Lamp' width='500' height='400'><br/>
Clicking on element Integration button under side bar<br/>
<img src=D:\BuildPiper_Rahul\Reports\03Jan_210314\AddRepo_chrome\AddRepo_chrome_03_Jan_213850.jpg alt='Lamp' width='500' height='400'><br/>
Clicking on element Repo Integration button under Integration button<br/>
<img src=D:\BuildPiper_Rahul\Reports\03Jan_210314\AddRepo_chrome\AddRepo_chrome_03_Jan_213850.jpg alt='Lamp' width='500' height='400'><br/>
Element is present  xpath: //button[contains(@class,'btn btn-primary-v2')][text()=' Add Repo']]<br/>
<img src=D:\BuildPiper_Rahul\Reports\03Jan_210314\AddRepo_chrome\AddRepo_chrome_03_Jan_213852.jpg alt='Lamp' width='500' height='400'><br/>
Clicking on element clicks on add repo button<br/>
<img src=D:\BuildPiper_Rahul\Reports\03Jan_210314\AddRepo_chrome\AddRepo_chrome_03_Jan_213852.jpg alt='Lamp' width='500' height='400'><br/>
Element is present  xpath: //input[@name='git_url' and @placeholder='https://bitbucket.buildpiper.in']]<br/>
<img src=D:\BuildPiper_Rahul\Reports\03Jan_210314\AddRepo_chrome\AddRepo_chrome_03_Jan_213924.jpg alt='Lamp' width='500' height='400'><br/>
Clicking on element clicks on test connection button after entering URL<br/>
<img src=D:\BuildPiper_Rahul\Reports\03Jan_210314\AddRepo_chrome\AddRepo_chrome_03_Jan_213925.jpg alt='Lamp' width='500' height='400'><br/>
Element is present  xpath: //div[contains(@class,'alert-success undefined')]//p]<br/>
<img src=D:\BuildPiper_Rahul\Reports\03Jan_210314\AddRepo_chrome\AddRepo_chrome_03_Jan_213931.jpg alt='Lamp' width='500' height='400'><br/>
Clicking on element clicks on save button after entering URL<br/>
<img src=D:\BuildPiper_Rahul\Reports\03Jan_210314\AddRepo_chrome\AddRepo_chrome_03_Jan_213931.jpg alt='Lamp' width='500' height='400'><br/>
####### End of Test Case: AddRepo #######<br/>
</div>
</td>
<td><div><pre>org.openqa.selenium.NoSuchElementException: no such element: Unable to locate element: {&quot;method&quot;:&quot;xpath&quot;,&quot;selector&quot;:&quot;//div[contains(@class,&apos;search-bar&apos;)]//input[@name=&apos;name&apos; and @placeholder=&apos;Name&apos;]&quot;}
  (Session info: chrome-headless-shell=120.0.6099.130)
For documentation on this error, please visit: https://www.seleniumhq.org/exceptions/no_such_element.html
Build info: version: &apos;3.141.59&apos;, revision: &apos;e82be7d358&apos;, time: &apos;2018-11-14T08:17:03&apos;
System info: host: &apos;DESKTOP-PTF1H2O&apos;, ip: &apos;192.168.43.163&apos;, os.name: &apos;Windows 10&apos;, os.arch: &apos;amd64&apos;, os.version: &apos;10.0&apos;, java.version: &apos;19.0.1&apos;
Driver info: org.openqa.selenium.chrome.ChromeDriver
Capabilities {acceptInsecureCerts: false, browserName: chrome-headless-shell, browserVersion: 120.0.6099.130, chrome: {chromedriverVersion: 120.0.6099.109 (3419140ab66..., userDataDir: C:\Users\Rahul\AppData\Loca...}, fedcm:accounts: true, goog:chromeOptions: {debuggerAddress: localhost:54074}, javascriptEnabled: true, networkConnectionEnabled: false, pageLoadStrategy: normal, platform: WINDOWS, platformName: WINDOWS, proxy: Proxy(), setWindowRect: true, strictFileInteractability: false, timeouts: {implicit: 0, pageLoad: 300000, script: 30000}, unhandledPromptBehavior: dismiss and notify, webauthn:extension:credBlob: true, webauthn:extension:largeBlob: true, webauthn:extension:minPinLength: true, webauthn:extension:prf: true, webauthn:virtualAuthenticators: true}
Session ID: 036740a6ca54f686949774e3c5fd6b92
*** Element info: {Using=xpath, value=//div[contains(@class,&apos;search-bar&apos;)]//input[@name=&apos;name&apos; and @placeholder=&apos;Name&apos;]}
	at org.openqa.selenium.remote.http.W3CHttpResponseCodec.createException(W3CHttpResponseCodec.java:187)
	at org.openqa.selenium.remote.http.W3CHttpResponseCodec.decode(W3CHttpResponseCodec.java:122)
	at org.openqa.selenium.remote.http.W3CHttpResponseCodec.decode(W3CHttpResponseCodec.java:49)
	at org.openqa.selenium.remote.HttpCommandExecutor.execute(HttpCommandExecutor.java:158)
	at org.openqa.selenium.remote.service.DriverCommandExecutor.execute(DriverCommandExecutor.java:83)
	at org.openqa.selenium.remote.RemoteWebDriver.execute(RemoteWebDriver.java:552)
	at org.openqa.selenium.remote.RemoteWebDriver.findElement(RemoteWebDriver.java:323)
	at org.openqa.selenium.remote.RemoteWebDriver.findElementByXPath(RemoteWebDriver.java:428)
	at org.openqa.selenium.By$ByXPath.findElement(By.java:353)
	at org.openqa.selenium.remote.RemoteWebDriver.findElement(RemoteWebDriver.java:315)
	at org.openqa.selenium.support.pagefactory.DefaultElementLocator.findElement(DefaultElementLocator.java:69)
	at org.openqa.selenium.support.pagefactory.internal.LocatingElementHandler.invoke(LocatingElementHandler.java:38)
	at jdk.proxy2/jdk.proxy2.$Proxy26.isDisplayed(Unknown Source)
	at com.buildpiper.capabilities.UICapability.ui_IsElementDisplay(UICapability.java:193)
	at com.buildpiper.base.Capability.ui_IsElementDisplay(Capability.java:267)
	at com.buildpiper.pages.RepoIntegrationPage.AddRepoOption1(RepoIntegrationPage.java:97)
	at com.buildpiper.testcases.RepoIntegrationTestCases.AddRepo(RepoIntegrationTestCases.java:43)
	at java.base/java.util.ArrayList.forEach(ArrayList.java:1511)
... Removed 28 stack frames</pre></div><a href='#' onClick='toggleBox("stack-trace1399992769", this, "Click to show all stack frames", "Click to hide stack frames")'>Click to show all stack frames</a>
<div class='stack-trace' id='stack-trace1399992769'><pre>org.openqa.selenium.NoSuchElementException: no such element: Unable to locate element: {&quot;method&quot;:&quot;xpath&quot;,&quot;selector&quot;:&quot;//div[contains(@class,&apos;search-bar&apos;)]//input[@name=&apos;name&apos; and @placeholder=&apos;Name&apos;]&quot;}
  (Session info: chrome-headless-shell=120.0.6099.130)
For documentation on this error, please visit: https://www.seleniumhq.org/exceptions/no_such_element.html
Build info: version: &apos;3.141.59&apos;, revision: &apos;e82be7d358&apos;, time: &apos;2018-11-14T08:17:03&apos;
System info: host: &apos;DESKTOP-PTF1H2O&apos;, ip: &apos;192.168.43.163&apos;, os.name: &apos;Windows 10&apos;, os.arch: &apos;amd64&apos;, os.version: &apos;10.0&apos;, java.version: &apos;19.0.1&apos;
Driver info: org.openqa.selenium.chrome.ChromeDriver
Capabilities {acceptInsecureCerts: false, browserName: chrome-headless-shell, browserVersion: 120.0.6099.130, chrome: {chromedriverVersion: 120.0.6099.109 (3419140ab66..., userDataDir: C:\Users\Rahul\AppData\Loca...}, fedcm:accounts: true, goog:chromeOptions: {debuggerAddress: localhost:54074}, javascriptEnabled: true, networkConnectionEnabled: false, pageLoadStrategy: normal, platform: WINDOWS, platformName: WINDOWS, proxy: Proxy(), setWindowRect: true, strictFileInteractability: false, timeouts: {implicit: 0, pageLoad: 300000, script: 30000}, unhandledPromptBehavior: dismiss and notify, webauthn:extension:credBlob: true, webauthn:extension:largeBlob: true, webauthn:extension:minPinLength: true, webauthn:extension:prf: true, webauthn:virtualAuthenticators: true}
Session ID: 036740a6ca54f686949774e3c5fd6b92
*** Element info: {Using=xpath, value=//div[contains(@class,&apos;search-bar&apos;)]//input[@name=&apos;name&apos; and @placeholder=&apos;Name&apos;]}
	at java.base/jdk.internal.reflect.DirectConstructorHandleAccessor.newInstance(DirectConstructorHandleAccessor.java:67)
	at java.base/java.lang.reflect.Constructor.newInstanceWithCaller(Constructor.java:500)
	at java.base/java.lang.reflect.Constructor.newInstance(Constructor.java:484)
	at org.openqa.selenium.remote.http.W3CHttpResponseCodec.createException(W3CHttpResponseCodec.java:187)
	at org.openqa.selenium.remote.http.W3CHttpResponseCodec.decode(W3CHttpResponseCodec.java:122)
	at org.openqa.selenium.remote.http.W3CHttpResponseCodec.decode(W3CHttpResponseCodec.java:49)
	at org.openqa.selenium.remote.HttpCommandExecutor.execute(HttpCommandExecutor.java:158)
	at org.openqa.selenium.remote.service.DriverCommandExecutor.execute(DriverCommandExecutor.java:83)
	at org.openqa.selenium.remote.RemoteWebDriver.execute(RemoteWebDriver.java:552)
	at org.openqa.selenium.remote.RemoteWebDriver.findElement(RemoteWebDriver.java:323)
	at org.openqa.selenium.remote.RemoteWebDriver.findElementByXPath(RemoteWebDriver.java:428)
	at org.openqa.selenium.By$ByXPath.findElement(By.java:353)
	at org.openqa.selenium.remote.RemoteWebDriver.findElement(RemoteWebDriver.java:315)
	at org.openqa.selenium.support.pagefactory.DefaultElementLocator.findElement(DefaultElementLocator.java:69)
	at org.openqa.selenium.support.pagefactory.internal.LocatingElementHandler.invoke(LocatingElementHandler.java:38)
	at jdk.proxy2/jdk.proxy2.$Proxy26.isDisplayed(Unknown Source)
	at com.buildpiper.capabilities.UICapability.ui_IsElementDisplay(UICapability.java:193)
	at com.buildpiper.base.Capability.ui_IsElementDisplay(Capability.java:267)
	at com.buildpiper.pages.RepoIntegrationPage.AddRepoOption1(RepoIntegrationPage.java:97)
	at com.buildpiper.testcases.RepoIntegrationTestCases.AddRepo(RepoIntegrationTestCases.java:43)
	at java.base/jdk.internal.reflect.DirectMethodHandleAccessor.invoke(DirectMethodHandleAccessor.java:104)
	at java.base/java.lang.reflect.Method.invoke(Method.java:578)
	at org.testng.internal.MethodInvocationHelper.invokeMethod(MethodInvocationHelper.java:134)
	at org.testng.internal.TestInvoker.invokeMethod(TestInvoker.java:597)
	at org.testng.internal.TestInvoker.invokeTestMethod(TestInvoker.java:173)
	at org.testng.internal.MethodRunner.runInSequence(MethodRunner.java:46)
	at org.testng.internal.TestInvoker$MethodInvocationAgent.invoke(TestInvoker.java:816)
	at org.testng.internal.TestInvoker.invokeTestMethods(TestInvoker.java:146)
	at org.testng.internal.TestMethodWorker.invokeTestMethods(TestMethodWorker.java:146)
	at org.testng.internal.TestMethodWorker.run(TestMethodWorker.java:128)
	at java.base/java.util.ArrayList.forEach(ArrayList.java:1511)
	at org.testng.TestRunner.privateRun(TestRunner.java:766)
	at org.testng.TestRunner.run(TestRunner.java:587)
	at org.testng.SuiteRunner.runTest(SuiteRunner.java:384)
	at org.testng.SuiteRunner.runSequentially(SuiteRunner.java:378)
	at org.testng.SuiteRunner.privateRun(SuiteRunner.java:337)
	at org.testng.SuiteRunner.run(SuiteRunner.java:286)
	at org.testng.SuiteRunnerWorker.runSuite(SuiteRunnerWorker.java:53)
	at org.testng.SuiteRunnerWorker.run(SuiteRunnerWorker.java:96)
	at org.testng.TestNG.runSuitesSequentially(TestNG.java:1187)
	at org.testng.TestNG.runSuitesLocally(TestNG.java:1109)
	at org.testng.TestNG.runSuites(TestNG.java:1039)
	at org.testng.TestNG.run(TestNG.java:1007)
	at org.testng.remote.AbstractRemoteTestNG.run(AbstractRemoteTestNG.java:115)
	at org.testng.remote.RemoteTestNG.initAndRun(RemoteTestNG.java:251)
	at org.testng.remote.RemoteTestNG.main(RemoteTestNG.java:77)
</pre></div></td>
<td>134</td>
<td>com.buildpiper.testcases.RepoIntegrationTestCases@6e4ea0bd</td></tr>
<tr>
<td title='com.buildpiper.testcases.ServiceCreationTestcases.BuildDeployAlternate()'><b>BuildDeployAlternate</b><br>Test class: com.buildpiper.testcases.ServiceCreationTestcases<br/>
<a href="#Output-809976993" onClick='toggleBox("Output-809976993", this, "Show output", "Hide output");'>Show output</a>

<a href="#Output-809976993" onClick="toggleAllBoxes();">Show all outputs</a>
<div class='log' id="Output-809976993">
checking if driver exist<br/>
<img src=D:\BuildPiper_Rahul\Reports\03Jan_210314\BuildDeployAlternate_chrome\BuildDeployAlternate_chrome_03_Jan_211352.jpg alt='Lamp' width='500' height='400'><br/>
Clicking on element userMenuAppBar<br/>
<img src=D:\BuildPiper_Rahul\Reports\03Jan_210314\BuildDeployAlternate_chrome\BuildDeployAlternate_chrome_03_Jan_211353.jpg alt='Lamp' width='500' height='400'><br/>
Clicking on element clicks on container registry<br/>
<img src=D:\BuildPiper_Rahul\Reports\03Jan_210314\BuildDeployAlternate_chrome\BuildDeployAlternate_chrome_03_Jan_211353.jpg alt='Lamp' width='500' height='400'><br/>
Clicking on element clicks on first container registry test<br/>
<img src=D:\BuildPiper_Rahul\Reports\03Jan_210314\BuildDeployAlternate_chrome\BuildDeployAlternate_chrome_03_Jan_211354.jpg alt='Lamp' width='500' height='400'><br/>
Element is present  xpath: //div[contains(@class,'connected text connected')]]<br/>
<img src=D:\BuildPiper_Rahul\Reports\03Jan_210314\BuildDeployAlternate_chrome\BuildDeployAlternate_chrome_03_Jan_211355.jpg alt='Lamp' width='500' height='400'><br/>
Clicking on element userMenuAppBar<br/>
<img src=D:\BuildPiper_Rahul\Reports\03Jan_210314\BuildDeployAlternate_chrome\BuildDeployAlternate_chrome_03_Jan_211400.jpg alt='Lamp' width='500' height='400'><br/>
Clicking on element switching to user account<br/>
<img src=D:\BuildPiper_Rahul\Reports\03Jan_210314\BuildDeployAlternate_chrome\BuildDeployAlternate_chrome_03_Jan_211401.jpg alt='Lamp' width='500' height='400'><br/>
checking if driver exist<br/>
<img src=D:\BuildPiper_Rahul\Reports\03Jan_210314\BuildDeployAlternate_chrome\BuildDeployAlternate_chrome_03_Jan_211403.jpg alt='Lamp' width='500' height='400'><br/>
Element is present  xpath: //li//button[contains(@class,'main-nav-1')]//span[@title]]<br/>
<img src=D:\BuildPiper_Rahul\Reports\03Jan_210314\BuildDeployAlternate_chrome\BuildDeployAlternate_chrome_03_Jan_211403.jpg alt='Lamp' width='500' height='400'><br/>
Clicking on element Poc_QA buildDeploy<br/>
<img src=D:\BuildPiper_Rahul\Reports\03Jan_210314\BuildDeployAlternate_chrome\BuildDeployAlternate_chrome_03_Jan_211404.jpg alt='Lamp' width='500' height='400'><br/>
####### End of Test Case: BuildDeployAlternate #######<br/>
</div>
</td>
<td><div><pre>org.openqa.selenium.StaleElementReferenceException: stale element reference: stale element not found
  (Session info: chrome-headless-shell=120.0.6099.130)
For documentation on this error, please visit: https://www.seleniumhq.org/exceptions/stale_element_reference.html
Build info: version: &apos;3.141.59&apos;, revision: &apos;e82be7d358&apos;, time: &apos;2018-11-14T08:17:03&apos;
System info: host: &apos;DESKTOP-PTF1H2O&apos;, ip: &apos;192.168.43.163&apos;, os.name: &apos;Windows 10&apos;, os.arch: &apos;amd64&apos;, os.version: &apos;10.0&apos;, java.version: &apos;19.0.1&apos;
Driver info: org.openqa.selenium.chrome.ChromeDriver
Capabilities {acceptInsecureCerts: false, browserName: chrome-headless-shell, browserVersion: 120.0.6099.130, chrome: {chromedriverVersion: 120.0.6099.109 (3419140ab66..., userDataDir: C:\Users\Rahul\AppData\Loca...}, fedcm:accounts: true, goog:chromeOptions: {debuggerAddress: localhost:53587}, javascriptEnabled: true, networkConnectionEnabled: false, pageLoadStrategy: normal, platform: WINDOWS, platformName: WINDOWS, proxy: Proxy(), setWindowRect: true, strictFileInteractability: false, timeouts: {implicit: 0, pageLoad: 300000, script: 30000}, unhandledPromptBehavior: dismiss and notify, webauthn:extension:credBlob: true, webauthn:extension:largeBlob: true, webauthn:extension:minPinLength: true, webauthn:extension:prf: true, webauthn:virtualAuthenticators: true}
Session ID: 0f00bbf088e9e1e84dd7807758158b61
*** Element info: {Using=xpath, value=.//option[normalize-space(.) = &quot;automation-682046mu117xjpt-duplicate&quot;]}
	at org.openqa.selenium.remote.http.W3CHttpResponseCodec.createException(W3CHttpResponseCodec.java:187)
	at org.openqa.selenium.remote.http.W3CHttpResponseCodec.decode(W3CHttpResponseCodec.java:122)
	at org.openqa.selenium.remote.http.W3CHttpResponseCodec.decode(W3CHttpResponseCodec.java:49)
	at org.openqa.selenium.remote.HttpCommandExecutor.execute(HttpCommandExecutor.java:158)
	at org.openqa.selenium.remote.service.DriverCommandExecutor.execute(DriverCommandExecutor.java:83)
	at org.openqa.selenium.remote.RemoteWebDriver.execute(RemoteWebDriver.java:552)
	at org.openqa.selenium.remote.RemoteWebElement.execute(RemoteWebElement.java:285)
	at org.openqa.selenium.remote.RemoteWebElement.findElements(RemoteWebElement.java:204)
	at org.openqa.selenium.remote.RemoteWebElement.findElementsByXPath(RemoteWebElement.java:265)
	at org.openqa.selenium.By$ByXPath.findElements(By.java:348)
	at org.openqa.selenium.remote.RemoteWebElement.findElements(RemoteWebElement.java:177)
	at org.openqa.selenium.support.pagefactory.internal.LocatingElementHandler.invoke(LocatingElementHandler.java:51)
	at jdk.proxy2/jdk.proxy2.$Proxy26.findElements(Unknown Source)
	at org.openqa.selenium.support.ui.Select.selectByVisibleText(Select.java:113)
	at com.buildpiper.pages.BuildDeployAlternatePage.TriggerAlternateMethod(BuildDeployAlternatePage.java:80)
	at com.buildpiper.testcases.ServiceCreationTestcases.BuildDeployAlternate(ServiceCreationTestcases.java:318)
	at java.base/java.util.ArrayList.forEach(ArrayList.java:1511)
... Removed 30 stack frames</pre></div><a href='#' onClick='toggleBox("stack-trace809976993", this, "Click to show all stack frames", "Click to hide stack frames")'>Click to show all stack frames</a>
<div class='stack-trace' id='stack-trace809976993'><pre>org.openqa.selenium.StaleElementReferenceException: stale element reference: stale element not found
  (Session info: chrome-headless-shell=120.0.6099.130)
For documentation on this error, please visit: https://www.seleniumhq.org/exceptions/stale_element_reference.html
Build info: version: &apos;3.141.59&apos;, revision: &apos;e82be7d358&apos;, time: &apos;2018-11-14T08:17:03&apos;
System info: host: &apos;DESKTOP-PTF1H2O&apos;, ip: &apos;192.168.43.163&apos;, os.name: &apos;Windows 10&apos;, os.arch: &apos;amd64&apos;, os.version: &apos;10.0&apos;, java.version: &apos;19.0.1&apos;
Driver info: org.openqa.selenium.chrome.ChromeDriver
Capabilities {acceptInsecureCerts: false, browserName: chrome-headless-shell, browserVersion: 120.0.6099.130, chrome: {chromedriverVersion: 120.0.6099.109 (3419140ab66..., userDataDir: C:\Users\Rahul\AppData\Loca...}, fedcm:accounts: true, goog:chromeOptions: {debuggerAddress: localhost:53587}, javascriptEnabled: true, networkConnectionEnabled: false, pageLoadStrategy: normal, platform: WINDOWS, platformName: WINDOWS, proxy: Proxy(), setWindowRect: true, strictFileInteractability: false, timeouts: {implicit: 0, pageLoad: 300000, script: 30000}, unhandledPromptBehavior: dismiss and notify, webauthn:extension:credBlob: true, webauthn:extension:largeBlob: true, webauthn:extension:minPinLength: true, webauthn:extension:prf: true, webauthn:virtualAuthenticators: true}
Session ID: 0f00bbf088e9e1e84dd7807758158b61
*** Element info: {Using=xpath, value=.//option[normalize-space(.) = &quot;automation-682046mu117xjpt-duplicate&quot;]}
	at java.base/jdk.internal.reflect.DirectConstructorHandleAccessor.newInstance(DirectConstructorHandleAccessor.java:67)
	at java.base/java.lang.reflect.Constructor.newInstanceWithCaller(Constructor.java:500)
	at java.base/java.lang.reflect.Constructor.newInstance(Constructor.java:484)
	at org.openqa.selenium.remote.http.W3CHttpResponseCodec.createException(W3CHttpResponseCodec.java:187)
	at org.openqa.selenium.remote.http.W3CHttpResponseCodec.decode(W3CHttpResponseCodec.java:122)
	at org.openqa.selenium.remote.http.W3CHttpResponseCodec.decode(W3CHttpResponseCodec.java:49)
	at org.openqa.selenium.remote.HttpCommandExecutor.execute(HttpCommandExecutor.java:158)
	at org.openqa.selenium.remote.service.DriverCommandExecutor.execute(DriverCommandExecutor.java:83)
	at org.openqa.selenium.remote.RemoteWebDriver.execute(RemoteWebDriver.java:552)
	at org.openqa.selenium.remote.RemoteWebElement.execute(RemoteWebElement.java:285)
	at org.openqa.selenium.remote.RemoteWebElement.findElements(RemoteWebElement.java:204)
	at org.openqa.selenium.remote.RemoteWebElement.findElementsByXPath(RemoteWebElement.java:265)
	at org.openqa.selenium.By$ByXPath.findElements(By.java:348)
	at org.openqa.selenium.remote.RemoteWebElement.findElements(RemoteWebElement.java:177)
	at java.base/jdk.internal.reflect.DirectMethodHandleAccessor.invoke(DirectMethodHandleAccessor.java:104)
	at java.base/java.lang.reflect.Method.invoke(Method.java:578)
	at org.openqa.selenium.support.pagefactory.internal.LocatingElementHandler.invoke(LocatingElementHandler.java:51)
	at jdk.proxy2/jdk.proxy2.$Proxy26.findElements(Unknown Source)
	at org.openqa.selenium.support.ui.Select.selectByVisibleText(Select.java:113)
	at com.buildpiper.pages.BuildDeployAlternatePage.TriggerAlternateMethod(BuildDeployAlternatePage.java:80)
	at com.buildpiper.testcases.ServiceCreationTestcases.BuildDeployAlternate(ServiceCreationTestcases.java:318)
	at java.base/jdk.internal.reflect.DirectMethodHandleAccessor.invoke(DirectMethodHandleAccessor.java:104)
	at java.base/java.lang.reflect.Method.invoke(Method.java:578)
	at org.testng.internal.MethodInvocationHelper.invokeMethod(MethodInvocationHelper.java:134)
	at org.testng.internal.TestInvoker.invokeMethod(TestInvoker.java:597)
	at org.testng.internal.TestInvoker.invokeTestMethod(TestInvoker.java:173)
	at org.testng.internal.MethodRunner.runInSequence(MethodRunner.java:46)
	at org.testng.internal.TestInvoker$MethodInvocationAgent.invoke(TestInvoker.java:816)
	at org.testng.internal.TestInvoker.invokeTestMethods(TestInvoker.java:146)
	at org.testng.internal.TestMethodWorker.invokeTestMethods(TestMethodWorker.java:146)
	at org.testng.internal.TestMethodWorker.run(TestMethodWorker.java:128)
	at java.base/java.util.ArrayList.forEach(ArrayList.java:1511)
	at org.testng.TestRunner.privateRun(TestRunner.java:766)
	at org.testng.TestRunner.run(TestRunner.java:587)
	at org.testng.SuiteRunner.runTest(SuiteRunner.java:384)
	at org.testng.SuiteRunner.runSequentially(SuiteRunner.java:378)
	at org.testng.SuiteRunner.privateRun(SuiteRunner.java:337)
	at org.testng.SuiteRunner.run(SuiteRunner.java:286)
	at org.testng.SuiteRunnerWorker.runSuite(SuiteRunnerWorker.java:53)
	at org.testng.SuiteRunnerWorker.run(SuiteRunnerWorker.java:96)
	at org.testng.TestNG.runSuitesSequentially(TestNG.java:1187)
	at org.testng.TestNG.runSuitesLocally(TestNG.java:1109)
	at org.testng.TestNG.runSuites(TestNG.java:1039)
	at org.testng.TestNG.run(TestNG.java:1007)
	at org.testng.remote.AbstractRemoteTestNG.run(AbstractRemoteTestNG.java:115)
	at org.testng.remote.RemoteTestNG.initAndRun(RemoteTestNG.java:251)
	at org.testng.remote.RemoteTestNG.main(RemoteTestNG.java:77)
</pre></div></td>
<td>30</td>
<td>com.buildpiper.testcases.ServiceCreationTestcases@4aeaadc1</td></tr>
<tr>
<td title='com.buildpiper.testcases.BuildPiperTestcasesExecutionComprehensiveTests.CreateBasicPipeLine()'><b>CreateBasicPipeLine</b><br>Test class: com.buildpiper.testcases.BuildPiperTestcasesExecutionComprehensiveTests<br/>
<a href="#Output-268416168" onClick='toggleBox("Output-268416168", this, "Show output", "Hide output");'>Show output</a>

<a href="#Output-268416168" onClick="toggleAllBoxes();">Show all outputs</a>
<div class='log' id="Output-268416168">
checking if driver exist<br/>
<img src=D:\BuildPiper_Rahul\Reports\03Jan_210314\CreateBasicPipeLine_chrome\CreateBasicPipeLine_chrome_03_Jan_212455.jpg alt='Lamp' width='500' height='400'><br/>
Clicking on element userMenuAppBar<br/>
<img src=D:\BuildPiper_Rahul\Reports\03Jan_210314\CreateBasicPipeLine_chrome\CreateBasicPipeLine_chrome_03_Jan_212456.jpg alt='Lamp' width='500' height='400'><br/>
Clicking on element clicks on container registry<br/>
<img src=D:\BuildPiper_Rahul\Reports\03Jan_210314\CreateBasicPipeLine_chrome\CreateBasicPipeLine_chrome_03_Jan_212456.jpg alt='Lamp' width='500' height='400'><br/>
Clicking on element clicks on first container registry test<br/>
<img src=D:\BuildPiper_Rahul\Reports\03Jan_210314\CreateBasicPipeLine_chrome\CreateBasicPipeLine_chrome_03_Jan_212457.jpg alt='Lamp' width='500' height='400'><br/>
Element is present  xpath: //div[contains(@class,'connected text connected')]]<br/>
<img src=D:\BuildPiper_Rahul\Reports\03Jan_210314\CreateBasicPipeLine_chrome\CreateBasicPipeLine_chrome_03_Jan_212458.jpg alt='Lamp' width='500' height='400'><br/>
Clicking on element userMenuAppBar<br/>
<img src=D:\BuildPiper_Rahul\Reports\03Jan_210314\CreateBasicPipeLine_chrome\CreateBasicPipeLine_chrome_03_Jan_212503.jpg alt='Lamp' width='500' height='400'><br/>
Clicking on element switching to user account<br/>
<img src=D:\BuildPiper_Rahul\Reports\03Jan_210314\CreateBasicPipeLine_chrome\CreateBasicPipeLine_chrome_03_Jan_212503.jpg alt='Lamp' width='500' height='400'><br/>
checking if driver exist<br/>
<img src=D:\BuildPiper_Rahul\Reports\03Jan_210314\CreateBasicPipeLine_chrome\CreateBasicPipeLine_chrome_03_Jan_212508.jpg alt='Lamp' width='500' height='400'><br/>
Element is present  xpath: //li//button[contains(@class,'main-nav-1')]//span[@title]]<br/>
<img src=D:\BuildPiper_Rahul\Reports\03Jan_210314\CreateBasicPipeLine_chrome\CreateBasicPipeLine_chrome_03_Jan_212514.jpg alt='Lamp' width='500' height='400'><br/>
Clicking on element Poc_QA pipelineOverviewLink<br/>
<img src=D:\BuildPiper_Rahul\Reports\03Jan_210314\CreateBasicPipeLine_chrome\CreateBasicPipeLine_chrome_03_Jan_212514.jpg alt='Lamp' width='500' height='400'><br/>
 Element Proxy element for: DefaultElementLocator 'By.xpath: //a[@class='btn btn-submit' and text()='Add Pipeline']' is not clickable using selenium click<br/>
<img src=D:\BuildPiper_Rahul\Reports\03Jan_210314\CreateBasicPipeLine_chrome\CreateBasicPipeLine_chrome_03_Jan_212546.jpg alt='Lamp' width='500' height='400'><br/>
Clicking on element clicks on add pipeline button<br/>
<img src=D:\BuildPiper_Rahul\Reports\03Jan_210314\CreateBasicPipeLine_chrome\CreateBasicPipeLine_chrome_03_Jan_212546.jpg alt='Lamp' width='500' height='400'><br/>
Setting value on element Gives unique name to pipeline<br/>
<img src=D:\BuildPiper_Rahul\Reports\03Jan_210314\CreateBasicPipeLine_chrome\CreateBasicPipeLine_chrome_03_Jan_212546.jpg alt='Lamp' width='500' height='400'><br/>
Clicking on element clicks on save pipeline button<br/>
<img src=D:\BuildPiper_Rahul\Reports\03Jan_210314\CreateBasicPipeLine_chrome\CreateBasicPipeLine_chrome_03_Jan_212621.jpg alt='Lamp' width='500' height='400'><br/>
####### End of Test Case: CreateBasicPipeLine #######<br/>
</div>
</td>
<td><div><pre>org.openqa.selenium.NoSuchElementException: no such element: Unable to locate element: {&quot;method&quot;:&quot;xpath&quot;,&quot;selector&quot;:&quot;//p[@class=&apos;pipeline-name&apos;]&quot;}
  (Session info: chrome-headless-shell=120.0.6099.130)
For documentation on this error, please visit: https://www.seleniumhq.org/exceptions/no_such_element.html
Build info: version: &apos;3.141.59&apos;, revision: &apos;e82be7d358&apos;, time: &apos;2018-11-14T08:17:03&apos;
System info: host: &apos;DESKTOP-PTF1H2O&apos;, ip: &apos;192.168.43.163&apos;, os.name: &apos;Windows 10&apos;, os.arch: &apos;amd64&apos;, os.version: &apos;10.0&apos;, java.version: &apos;19.0.1&apos;
Driver info: org.openqa.selenium.chrome.ChromeDriver
Capabilities {acceptInsecureCerts: false, browserName: chrome-headless-shell, browserVersion: 120.0.6099.130, chrome: {chromedriverVersion: 120.0.6099.109 (3419140ab66..., userDataDir: C:\Users\Rahul\AppData\Loca...}, fedcm:accounts: true, goog:chromeOptions: {debuggerAddress: localhost:53873}, javascriptEnabled: true, networkConnectionEnabled: false, pageLoadStrategy: normal, platform: WINDOWS, platformName: WINDOWS, proxy: Proxy(), setWindowRect: true, strictFileInteractability: false, timeouts: {implicit: 0, pageLoad: 300000, script: 30000}, unhandledPromptBehavior: dismiss and notify, webauthn:extension:credBlob: true, webauthn:extension:largeBlob: true, webauthn:extension:minPinLength: true, webauthn:extension:prf: true, webauthn:virtualAuthenticators: true}
Session ID: f63b4a089f9a940f6f4aa8d522e8b4c1
*** Element info: {Using=xpath, value=//p[@class=&apos;pipeline-name&apos;]}
	at org.openqa.selenium.remote.http.W3CHttpResponseCodec.createException(W3CHttpResponseCodec.java:187)
	at org.openqa.selenium.remote.http.W3CHttpResponseCodec.decode(W3CHttpResponseCodec.java:122)
	at org.openqa.selenium.remote.http.W3CHttpResponseCodec.decode(W3CHttpResponseCodec.java:49)
	at org.openqa.selenium.remote.HttpCommandExecutor.execute(HttpCommandExecutor.java:158)
	at org.openqa.selenium.remote.service.DriverCommandExecutor.execute(DriverCommandExecutor.java:83)
	at org.openqa.selenium.remote.RemoteWebDriver.execute(RemoteWebDriver.java:552)
	at org.openqa.selenium.remote.RemoteWebDriver.findElement(RemoteWebDriver.java:323)
	at org.openqa.selenium.remote.RemoteWebDriver.findElementByXPath(RemoteWebDriver.java:428)
	at org.openqa.selenium.By$ByXPath.findElement(By.java:353)
	at org.openqa.selenium.remote.RemoteWebDriver.findElement(RemoteWebDriver.java:315)
	at org.openqa.selenium.support.pagefactory.DefaultElementLocator.findElement(DefaultElementLocator.java:69)
	at org.openqa.selenium.support.pagefactory.internal.LocatingElementHandler.invoke(LocatingElementHandler.java:38)
	at jdk.proxy2/jdk.proxy2.$Proxy26.isDisplayed(Unknown Source)
	at com.buildpiper.capabilities.UICapability.ui_IsElementDisplay(UICapability.java:193)
	at com.buildpiper.base.Capability.ui_IsElementDisplay(Capability.java:267)
	at com.buildpiper.pages.BuildPipeLinePage.createBasicPipeline(BuildPipeLinePage.java:406)
	at com.buildpiper.testcases.BuildPiperTestcasesExecutionComprehensiveTests.CreateBasicPipeLine(BuildPiperTestcasesExecutionComprehensiveTests.java:61)
	at java.base/java.util.ArrayList.forEach(ArrayList.java:1511)
... Removed 28 stack frames</pre></div><a href='#' onClick='toggleBox("stack-trace268416168", this, "Click to show all stack frames", "Click to hide stack frames")'>Click to show all stack frames</a>
<div class='stack-trace' id='stack-trace268416168'><pre>org.openqa.selenium.NoSuchElementException: no such element: Unable to locate element: {&quot;method&quot;:&quot;xpath&quot;,&quot;selector&quot;:&quot;//p[@class=&apos;pipeline-name&apos;]&quot;}
  (Session info: chrome-headless-shell=120.0.6099.130)
For documentation on this error, please visit: https://www.seleniumhq.org/exceptions/no_such_element.html
Build info: version: &apos;3.141.59&apos;, revision: &apos;e82be7d358&apos;, time: &apos;2018-11-14T08:17:03&apos;
System info: host: &apos;DESKTOP-PTF1H2O&apos;, ip: &apos;192.168.43.163&apos;, os.name: &apos;Windows 10&apos;, os.arch: &apos;amd64&apos;, os.version: &apos;10.0&apos;, java.version: &apos;19.0.1&apos;
Driver info: org.openqa.selenium.chrome.ChromeDriver
Capabilities {acceptInsecureCerts: false, browserName: chrome-headless-shell, browserVersion: 120.0.6099.130, chrome: {chromedriverVersion: 120.0.6099.109 (3419140ab66..., userDataDir: C:\Users\Rahul\AppData\Loca...}, fedcm:accounts: true, goog:chromeOptions: {debuggerAddress: localhost:53873}, javascriptEnabled: true, networkConnectionEnabled: false, pageLoadStrategy: normal, platform: WINDOWS, platformName: WINDOWS, proxy: Proxy(), setWindowRect: true, strictFileInteractability: false, timeouts: {implicit: 0, pageLoad: 300000, script: 30000}, unhandledPromptBehavior: dismiss and notify, webauthn:extension:credBlob: true, webauthn:extension:largeBlob: true, webauthn:extension:minPinLength: true, webauthn:extension:prf: true, webauthn:virtualAuthenticators: true}
Session ID: f63b4a089f9a940f6f4aa8d522e8b4c1
*** Element info: {Using=xpath, value=//p[@class=&apos;pipeline-name&apos;]}
	at java.base/jdk.internal.reflect.DirectConstructorHandleAccessor.newInstance(DirectConstructorHandleAccessor.java:67)
	at java.base/java.lang.reflect.Constructor.newInstanceWithCaller(Constructor.java:500)
	at java.base/java.lang.reflect.Constructor.newInstance(Constructor.java:484)
	at org.openqa.selenium.remote.http.W3CHttpResponseCodec.createException(W3CHttpResponseCodec.java:187)
	at org.openqa.selenium.remote.http.W3CHttpResponseCodec.decode(W3CHttpResponseCodec.java:122)
	at org.openqa.selenium.remote.http.W3CHttpResponseCodec.decode(W3CHttpResponseCodec.java:49)
	at org.openqa.selenium.remote.HttpCommandExecutor.execute(HttpCommandExecutor.java:158)
	at org.openqa.selenium.remote.service.DriverCommandExecutor.execute(DriverCommandExecutor.java:83)
	at org.openqa.selenium.remote.RemoteWebDriver.execute(RemoteWebDriver.java:552)
	at org.openqa.selenium.remote.RemoteWebDriver.findElement(RemoteWebDriver.java:323)
	at org.openqa.selenium.remote.RemoteWebDriver.findElementByXPath(RemoteWebDriver.java:428)
	at org.openqa.selenium.By$ByXPath.findElement(By.java:353)
	at org.openqa.selenium.remote.RemoteWebDriver.findElement(RemoteWebDriver.java:315)
	at org.openqa.selenium.support.pagefactory.DefaultElementLocator.findElement(DefaultElementLocator.java:69)
	at org.openqa.selenium.support.pagefactory.internal.LocatingElementHandler.invoke(LocatingElementHandler.java:38)
	at jdk.proxy2/jdk.proxy2.$Proxy26.isDisplayed(Unknown Source)
	at com.buildpiper.capabilities.UICapability.ui_IsElementDisplay(UICapability.java:193)
	at com.buildpiper.base.Capability.ui_IsElementDisplay(Capability.java:267)
	at com.buildpiper.pages.BuildPipeLinePage.createBasicPipeline(BuildPipeLinePage.java:406)
	at com.buildpiper.testcases.BuildPiperTestcasesExecutionComprehensiveTests.CreateBasicPipeLine(BuildPiperTestcasesExecutionComprehensiveTests.java:61)
	at java.base/jdk.internal.reflect.DirectMethodHandleAccessor.invoke(DirectMethodHandleAccessor.java:104)
	at java.base/java.lang.reflect.Method.invoke(Method.java:578)
	at org.testng.internal.MethodInvocationHelper.invokeMethod(MethodInvocationHelper.java:134)
	at org.testng.internal.TestInvoker.invokeMethod(TestInvoker.java:597)
	at org.testng.internal.TestInvoker.invokeTestMethod(TestInvoker.java:173)
	at org.testng.internal.MethodRunner.runInSequence(MethodRunner.java:46)
	at org.testng.internal.TestInvoker$MethodInvocationAgent.invoke(TestInvoker.java:816)
	at org.testng.internal.TestInvoker.invokeTestMethods(TestInvoker.java:146)
	at org.testng.internal.TestMethodWorker.invokeTestMethods(TestMethodWorker.java:146)
	at org.testng.internal.TestMethodWorker.run(TestMethodWorker.java:128)
	at java.base/java.util.ArrayList.forEach(ArrayList.java:1511)
	at org.testng.TestRunner.privateRun(TestRunner.java:766)
	at org.testng.TestRunner.run(TestRunner.java:587)
	at org.testng.SuiteRunner.runTest(SuiteRunner.java:384)
	at org.testng.SuiteRunner.runSequentially(SuiteRunner.java:378)
	at org.testng.SuiteRunner.privateRun(SuiteRunner.java:337)
	at org.testng.SuiteRunner.run(SuiteRunner.java:286)
	at org.testng.SuiteRunnerWorker.runSuite(SuiteRunnerWorker.java:53)
	at org.testng.SuiteRunnerWorker.run(SuiteRunnerWorker.java:96)
	at org.testng.TestNG.runSuitesSequentially(TestNG.java:1187)
	at org.testng.TestNG.runSuitesLocally(TestNG.java:1109)
	at org.testng.TestNG.runSuites(TestNG.java:1039)
	at org.testng.TestNG.run(TestNG.java:1007)
	at org.testng.remote.AbstractRemoteTestNG.run(AbstractRemoteTestNG.java:115)
	at org.testng.remote.RemoteTestNG.initAndRun(RemoteTestNG.java:251)
	at org.testng.remote.RemoteTestNG.main(RemoteTestNG.java:77)
</pre></div></td>
<td>176</td>
<td>com.buildpiper.testcases.BuildPiperTestcasesExecutionComprehensiveTests@7daa61f3</td></tr>
<tr>
<td title='com.buildpiper.testcases.EnvironmentTestcasesExecution.CreateEnvironment()'><b>CreateEnvironment</b><br>Test class: com.buildpiper.testcases.EnvironmentTestcasesExecution<br/>
<a href="#Output-1944213376" onClick='toggleBox("Output-1944213376", this, "Show output", "Hide output");'>Show output</a>

<a href="#Output-1944213376" onClick="toggleAllBoxes();">Show all outputs</a>
<div class='log' id="Output-1944213376">
checking if driver exist<br/>
<img src=D:\BuildPiper_Rahul\Reports\03Jan_210314\CreateEnvironment_chrome\CreateEnvironment_chrome_03_Jan_211914.jpg alt='Lamp' width='500' height='400'><br/>
Clicking on element userMenuAppBar<br/>
<img src=D:\BuildPiper_Rahul\Reports\03Jan_210314\CreateEnvironment_chrome\CreateEnvironment_chrome_03_Jan_211914.jpg alt='Lamp' width='500' height='400'><br/>
Clicking on element switching to user account<br/>
<img src=D:\BuildPiper_Rahul\Reports\03Jan_210314\CreateEnvironment_chrome\CreateEnvironment_chrome_03_Jan_211915.jpg alt='Lamp' width='500' height='400'><br/>
checking if driver exist<br/>
<img src=D:\BuildPiper_Rahul\Reports\03Jan_210314\CreateEnvironment_chrome\CreateEnvironment_chrome_03_Jan_211920.jpg alt='Lamp' width='500' height='400'><br/>
Element is present  xpath: //li//button[contains(@class,'main-nav-1')]//span[@title]]<br/>
<img src=D:\BuildPiper_Rahul\Reports\03Jan_210314\CreateEnvironment_chrome\CreateEnvironment_chrome_03_Jan_211925.jpg alt='Lamp' width='500' height='400'><br/>
Element is present  xpath: //button//span[2][@class='flaticon-expand-arrow']/../..//div//span[@title='Environment Overview']]<br/>
<img src=D:\BuildPiper_Rahul\Reports\03Jan_210314\CreateEnvironment_chrome\CreateEnvironment_chrome_03_Jan_211925.jpg alt='Lamp' width='500' height='400'><br/>
Clicking on element clicks on environment overview tab under applicartion name<br/>
<img src=D:\BuildPiper_Rahul\Reports\03Jan_210314\CreateEnvironment_chrome\CreateEnvironment_chrome_03_Jan_211926.jpg alt='Lamp' width='500' height='400'><br/>
Element is present  xpath: //a[text()='New Environment']]<br/>
<img src=D:\BuildPiper_Rahul\Reports\03Jan_210314\CreateEnvironment_chrome\CreateEnvironment_chrome_03_Jan_211927.jpg alt='Lamp' width='500' height='400'><br/>
Clicking on element clicks on add new environment button<br/>
<img src=D:\BuildPiper_Rahul\Reports\03Jan_210314\CreateEnvironment_chrome\CreateEnvironment_chrome_03_Jan_211927.jpg alt='Lamp' width='500' height='400'><br/>
Element is present  xpath: //input[@placeholder='Environment Name']]<br/>
<img src=D:\BuildPiper_Rahul\Reports\03Jan_210314\CreateEnvironment_chrome\CreateEnvironment_chrome_03_Jan_211929.jpg alt='Lamp' width='500' height='400'><br/>
Setting value on element <br/>
<img src=D:\BuildPiper_Rahul\Reports\03Jan_210314\CreateEnvironment_chrome\CreateEnvironment_chrome_03_Jan_211929.jpg alt='Lamp' width='500' height='400'><br/>
####### End of Test Case: CreateEnvironment #######<br/>
</div>
</td>
<td><div><pre>org.openqa.selenium.StaleElementReferenceException: stale element reference: stale element not found
  (Session info: chrome-headless-shell=120.0.6099.130)
For documentation on this error, please visit: https://www.seleniumhq.org/exceptions/stale_element_reference.html
Build info: version: &apos;3.141.59&apos;, revision: &apos;e82be7d358&apos;, time: &apos;2018-11-14T08:17:03&apos;
System info: host: &apos;DESKTOP-PTF1H2O&apos;, ip: &apos;192.168.43.163&apos;, os.name: &apos;Windows 10&apos;, os.arch: &apos;amd64&apos;, os.version: &apos;10.0&apos;, java.version: &apos;19.0.1&apos;
Driver info: org.openqa.selenium.chrome.ChromeDriver
Capabilities {acceptInsecureCerts: false, browserName: chrome-headless-shell, browserVersion: 120.0.6099.130, chrome: {chromedriverVersion: 120.0.6099.109 (3419140ab66..., userDataDir: C:\Users\Rahul\AppData\Loca...}, fedcm:accounts: true, goog:chromeOptions: {debuggerAddress: localhost:53730}, javascriptEnabled: true, networkConnectionEnabled: false, pageLoadStrategy: normal, platform: WINDOWS, platformName: WINDOWS, proxy: Proxy(), setWindowRect: true, strictFileInteractability: false, timeouts: {implicit: 0, pageLoad: 300000, script: 30000}, unhandledPromptBehavior: dismiss and notify, webauthn:extension:credBlob: true, webauthn:extension:largeBlob: true, webauthn:extension:minPinLength: true, webauthn:extension:prf: true, webauthn:virtualAuthenticators: true}
Session ID: 1fedba996c65c4b94ddf98eba2b39843
	at org.openqa.selenium.remote.http.W3CHttpResponseCodec.createException(W3CHttpResponseCodec.java:187)
	at org.openqa.selenium.remote.http.W3CHttpResponseCodec.decode(W3CHttpResponseCodec.java:122)
	at org.openqa.selenium.remote.http.W3CHttpResponseCodec.decode(W3CHttpResponseCodec.java:49)
	at org.openqa.selenium.remote.HttpCommandExecutor.execute(HttpCommandExecutor.java:158)
	at org.openqa.selenium.remote.service.DriverCommandExecutor.execute(DriverCommandExecutor.java:83)
	at org.openqa.selenium.remote.RemoteWebDriver.execute(RemoteWebDriver.java:552)
	at org.openqa.selenium.remote.RemoteWebElement.execute(RemoteWebElement.java:285)
	at org.openqa.selenium.remote.RemoteWebElement.click(RemoteWebElement.java:84)
	at com.buildpiper.pages.EnvironmentCreationPage.CreateAndValidateEnvironment(EnvironmentCreationPage.java:139)
	at com.buildpiper.testcases.EnvironmentTestcasesExecution.CreateEnvironment(EnvironmentTestcasesExecution.java:70)
	at java.base/java.util.ArrayList.forEach(ArrayList.java:1511)
... Removed 28 stack frames</pre></div><a href='#' onClick='toggleBox("stack-trace1944213376", this, "Click to show all stack frames", "Click to hide stack frames")'>Click to show all stack frames</a>
<div class='stack-trace' id='stack-trace1944213376'><pre>org.openqa.selenium.StaleElementReferenceException: stale element reference: stale element not found
  (Session info: chrome-headless-shell=120.0.6099.130)
For documentation on this error, please visit: https://www.seleniumhq.org/exceptions/stale_element_reference.html
Build info: version: &apos;3.141.59&apos;, revision: &apos;e82be7d358&apos;, time: &apos;2018-11-14T08:17:03&apos;
System info: host: &apos;DESKTOP-PTF1H2O&apos;, ip: &apos;192.168.43.163&apos;, os.name: &apos;Windows 10&apos;, os.arch: &apos;amd64&apos;, os.version: &apos;10.0&apos;, java.version: &apos;19.0.1&apos;
Driver info: org.openqa.selenium.chrome.ChromeDriver
Capabilities {acceptInsecureCerts: false, browserName: chrome-headless-shell, browserVersion: 120.0.6099.130, chrome: {chromedriverVersion: 120.0.6099.109 (3419140ab66..., userDataDir: C:\Users\Rahul\AppData\Loca...}, fedcm:accounts: true, goog:chromeOptions: {debuggerAddress: localhost:53730}, javascriptEnabled: true, networkConnectionEnabled: false, pageLoadStrategy: normal, platform: WINDOWS, platformName: WINDOWS, proxy: Proxy(), setWindowRect: true, strictFileInteractability: false, timeouts: {implicit: 0, pageLoad: 300000, script: 30000}, unhandledPromptBehavior: dismiss and notify, webauthn:extension:credBlob: true, webauthn:extension:largeBlob: true, webauthn:extension:minPinLength: true, webauthn:extension:prf: true, webauthn:virtualAuthenticators: true}
Session ID: 1fedba996c65c4b94ddf98eba2b39843
	at java.base/jdk.internal.reflect.DirectConstructorHandleAccessor.newInstance(DirectConstructorHandleAccessor.java:67)
	at java.base/java.lang.reflect.Constructor.newInstanceWithCaller(Constructor.java:500)
	at java.base/java.lang.reflect.Constructor.newInstance(Constructor.java:484)
	at org.openqa.selenium.remote.http.W3CHttpResponseCodec.createException(W3CHttpResponseCodec.java:187)
	at org.openqa.selenium.remote.http.W3CHttpResponseCodec.decode(W3CHttpResponseCodec.java:122)
	at org.openqa.selenium.remote.http.W3CHttpResponseCodec.decode(W3CHttpResponseCodec.java:49)
	at org.openqa.selenium.remote.HttpCommandExecutor.execute(HttpCommandExecutor.java:158)
	at org.openqa.selenium.remote.service.DriverCommandExecutor.execute(DriverCommandExecutor.java:83)
	at org.openqa.selenium.remote.RemoteWebDriver.execute(RemoteWebDriver.java:552)
	at org.openqa.selenium.remote.RemoteWebElement.execute(RemoteWebElement.java:285)
	at org.openqa.selenium.remote.RemoteWebElement.click(RemoteWebElement.java:84)
	at com.buildpiper.pages.EnvironmentCreationPage.CreateAndValidateEnvironment(EnvironmentCreationPage.java:139)
	at com.buildpiper.testcases.EnvironmentTestcasesExecution.CreateEnvironment(EnvironmentTestcasesExecution.java:70)
	at java.base/jdk.internal.reflect.DirectMethodHandleAccessor.invoke(DirectMethodHandleAccessor.java:104)
	at java.base/java.lang.reflect.Method.invoke(Method.java:578)
	at org.testng.internal.MethodInvocationHelper.invokeMethod(MethodInvocationHelper.java:134)
	at org.testng.internal.TestInvoker.invokeMethod(TestInvoker.java:597)
	at org.testng.internal.TestInvoker.invokeTestMethod(TestInvoker.java:173)
	at org.testng.internal.MethodRunner.runInSequence(MethodRunner.java:46)
	at org.testng.internal.TestInvoker$MethodInvocationAgent.invoke(TestInvoker.java:816)
	at org.testng.internal.TestInvoker.invokeTestMethods(TestInvoker.java:146)
	at org.testng.internal.TestMethodWorker.invokeTestMethods(TestMethodWorker.java:146)
	at org.testng.internal.TestMethodWorker.run(TestMethodWorker.java:128)
	at java.base/java.util.ArrayList.forEach(ArrayList.java:1511)
	at org.testng.TestRunner.privateRun(TestRunner.java:766)
	at org.testng.TestRunner.run(TestRunner.java:587)
	at org.testng.SuiteRunner.runTest(SuiteRunner.java:384)
	at org.testng.SuiteRunner.runSequentially(SuiteRunner.java:378)
	at org.testng.SuiteRunner.privateRun(SuiteRunner.java:337)
	at org.testng.SuiteRunner.run(SuiteRunner.java:286)
	at org.testng.SuiteRunnerWorker.runSuite(SuiteRunnerWorker.java:53)
	at org.testng.SuiteRunnerWorker.run(SuiteRunnerWorker.java:96)
	at org.testng.TestNG.runSuitesSequentially(TestNG.java:1187)
	at org.testng.TestNG.runSuitesLocally(TestNG.java:1109)
	at org.testng.TestNG.runSuites(TestNG.java:1039)
	at org.testng.TestNG.run(TestNG.java:1007)
	at org.testng.remote.AbstractRemoteTestNG.run(AbstractRemoteTestNG.java:115)
	at org.testng.remote.RemoteTestNG.initAndRun(RemoteTestNG.java:251)
	at org.testng.remote.RemoteTestNG.main(RemoteTestNG.java:77)
</pre></div></td>
<td>15</td>
<td>com.buildpiper.testcases.EnvironmentTestcasesExecution@1f14f20c</td></tr>
<tr>
<td title='com.buildpiper.testcases.BuildPiperTestcasesExecutionComprehensiveTests.CreateJiraPipeLine()'><b>CreateJiraPipeLine</b><br>Test class: com.buildpiper.testcases.BuildPiperTestcasesExecutionComprehensiveTests<br/>
<a href="#Output-862678675" onClick='toggleBox("Output-862678675", this, "Show output", "Hide output");'>Show output</a>

<a href="#Output-862678675" onClick="toggleAllBoxes();">Show all outputs</a>
<div class='log' id="Output-862678675">
checking if driver exist<br/>
<img src=D:\BuildPiper_Rahul\Reports\03Jan_210314\CreateJiraPipeLine_chrome\CreateJiraPipeLine_chrome_03_Jan_212844.jpg alt='Lamp' width='500' height='400'><br/>
Clicking on element userMenuAppBar<br/>
<img src=D:\BuildPiper_Rahul\Reports\03Jan_210314\CreateJiraPipeLine_chrome\CreateJiraPipeLine_chrome_03_Jan_212844.jpg alt='Lamp' width='500' height='400'><br/>
Clicking on element clicks on container registry<br/>
<img src=D:\BuildPiper_Rahul\Reports\03Jan_210314\CreateJiraPipeLine_chrome\CreateJiraPipeLine_chrome_03_Jan_212844.jpg alt='Lamp' width='500' height='400'><br/>
Clicking on element clicks on first container registry test<br/>
<img src=D:\BuildPiper_Rahul\Reports\03Jan_210314\CreateJiraPipeLine_chrome\CreateJiraPipeLine_chrome_03_Jan_212845.jpg alt='Lamp' width='500' height='400'><br/>
Element is present  xpath: //div[contains(@class,'connected text connected')]]<br/>
<img src=D:\BuildPiper_Rahul\Reports\03Jan_210314\CreateJiraPipeLine_chrome\CreateJiraPipeLine_chrome_03_Jan_212846.jpg alt='Lamp' width='500' height='400'><br/>
Clicking on element userMenuAppBar<br/>
<img src=D:\BuildPiper_Rahul\Reports\03Jan_210314\CreateJiraPipeLine_chrome\CreateJiraPipeLine_chrome_03_Jan_212851.jpg alt='Lamp' width='500' height='400'><br/>
Clicking on element switching to user account<br/>
<img src=D:\BuildPiper_Rahul\Reports\03Jan_210314\CreateJiraPipeLine_chrome\CreateJiraPipeLine_chrome_03_Jan_212852.jpg alt='Lamp' width='500' height='400'><br/>
checking if driver exist<br/>
<img src=D:\BuildPiper_Rahul\Reports\03Jan_210314\CreateJiraPipeLine_chrome\CreateJiraPipeLine_chrome_03_Jan_212857.jpg alt='Lamp' width='500' height='400'><br/>
Element is present  xpath: //li//button[contains(@class,'main-nav-1')]//span[@title]]<br/>
<img src=D:\BuildPiper_Rahul\Reports\03Jan_210314\CreateJiraPipeLine_chrome\CreateJiraPipeLine_chrome_03_Jan_212857.jpg alt='Lamp' width='500' height='400'><br/>
Clicking on element Poc_QA pipelineOverviewLink<br/>
<img src=D:\BuildPiper_Rahul\Reports\03Jan_210314\CreateJiraPipeLine_chrome\CreateJiraPipeLine_chrome_03_Jan_212903.jpg alt='Lamp' width='500' height='400'><br/>
 Element Proxy element for: DefaultElementLocator 'By.xpath: //a[@class='btn btn-submit' and text()='Add Pipeline']' is not clickable using selenium click<br/>
<img src=D:\BuildPiper_Rahul\Reports\03Jan_210314\CreateJiraPipeLine_chrome\CreateJiraPipeLine_chrome_03_Jan_212934.jpg alt='Lamp' width='500' height='400'><br/>
Clicking on element clicks on add pipeline button<br/>
<img src=D:\BuildPiper_Rahul\Reports\03Jan_210314\CreateJiraPipeLine_chrome\CreateJiraPipeLine_chrome_03_Jan_212934.jpg alt='Lamp' width='500' height='400'><br/>
Setting value on element Gives unique name to pipeline<br/>
<img src=D:\BuildPiper_Rahul\Reports\03Jan_210314\CreateJiraPipeLine_chrome\CreateJiraPipeLine_chrome_03_Jan_212935.jpg alt='Lamp' width='500' height='400'><br/>
Clicking on element clicks on save pipeline button<br/>
<img src=D:\BuildPiper_Rahul\Reports\03Jan_210314\CreateJiraPipeLine_chrome\CreateJiraPipeLine_chrome_03_Jan_213010.jpg alt='Lamp' width='500' height='400'><br/>
####### End of Test Case: CreateJiraPipeLine #######<br/>
</div>
</td>
<td><div><pre>org.openqa.selenium.NoSuchElementException: no such element: Unable to locate element: {&quot;method&quot;:&quot;xpath&quot;,&quot;selector&quot;:&quot;//p[@class=&apos;pipeline-name&apos;]&quot;}
  (Session info: chrome-headless-shell=120.0.6099.130)
For documentation on this error, please visit: https://www.seleniumhq.org/exceptions/no_such_element.html
Build info: version: &apos;3.141.59&apos;, revision: &apos;e82be7d358&apos;, time: &apos;2018-11-14T08:17:03&apos;
System info: host: &apos;DESKTOP-PTF1H2O&apos;, ip: &apos;192.168.43.163&apos;, os.name: &apos;Windows 10&apos;, os.arch: &apos;amd64&apos;, os.version: &apos;10.0&apos;, java.version: &apos;19.0.1&apos;
Driver info: org.openqa.selenium.chrome.ChromeDriver
Capabilities {acceptInsecureCerts: false, browserName: chrome-headless-shell, browserVersion: 120.0.6099.130, chrome: {chromedriverVersion: 120.0.6099.109 (3419140ab66..., userDataDir: C:\Users\Rahul\AppData\Loca...}, fedcm:accounts: true, goog:chromeOptions: {debuggerAddress: localhost:53931}, javascriptEnabled: true, networkConnectionEnabled: false, pageLoadStrategy: normal, platform: WINDOWS, platformName: WINDOWS, proxy: Proxy(), setWindowRect: true, strictFileInteractability: false, timeouts: {implicit: 0, pageLoad: 300000, script: 30000}, unhandledPromptBehavior: dismiss and notify, webauthn:extension:credBlob: true, webauthn:extension:largeBlob: true, webauthn:extension:minPinLength: true, webauthn:extension:prf: true, webauthn:virtualAuthenticators: true}
Session ID: e6ced8cbf877d1a1ca3aa21217c18f45
*** Element info: {Using=xpath, value=//p[@class=&apos;pipeline-name&apos;]}
	at org.openqa.selenium.remote.http.W3CHttpResponseCodec.createException(W3CHttpResponseCodec.java:187)
	at org.openqa.selenium.remote.http.W3CHttpResponseCodec.decode(W3CHttpResponseCodec.java:122)
	at org.openqa.selenium.remote.http.W3CHttpResponseCodec.decode(W3CHttpResponseCodec.java:49)
	at org.openqa.selenium.remote.HttpCommandExecutor.execute(HttpCommandExecutor.java:158)
	at org.openqa.selenium.remote.service.DriverCommandExecutor.execute(DriverCommandExecutor.java:83)
	at org.openqa.selenium.remote.RemoteWebDriver.execute(RemoteWebDriver.java:552)
	at org.openqa.selenium.remote.RemoteWebDriver.findElement(RemoteWebDriver.java:323)
	at org.openqa.selenium.remote.RemoteWebDriver.findElementByXPath(RemoteWebDriver.java:428)
	at org.openqa.selenium.By$ByXPath.findElement(By.java:353)
	at org.openqa.selenium.remote.RemoteWebDriver.findElement(RemoteWebDriver.java:315)
	at org.openqa.selenium.support.pagefactory.DefaultElementLocator.findElement(DefaultElementLocator.java:69)
	at org.openqa.selenium.support.pagefactory.internal.LocatingElementHandler.invoke(LocatingElementHandler.java:38)
	at jdk.proxy2/jdk.proxy2.$Proxy26.isDisplayed(Unknown Source)
	at com.buildpiper.capabilities.UICapability.ui_IsElementDisplay(UICapability.java:193)
	at com.buildpiper.base.Capability.ui_IsElementDisplay(Capability.java:267)
	at com.buildpiper.pages.BuildPipeLinePage.createJiraPipeline(BuildPipeLinePage.java:1540)
	at com.buildpiper.testcases.BuildPiperTestcasesExecutionComprehensiveTests.CreateJiraPipeLine(BuildPiperTestcasesExecutionComprehensiveTests.java:83)
	at java.base/java.util.ArrayList.forEach(ArrayList.java:1511)
... Removed 28 stack frames</pre></div><a href='#' onClick='toggleBox("stack-trace862678675", this, "Click to show all stack frames", "Click to hide stack frames")'>Click to show all stack frames</a>
<div class='stack-trace' id='stack-trace862678675'><pre>org.openqa.selenium.NoSuchElementException: no such element: Unable to locate element: {&quot;method&quot;:&quot;xpath&quot;,&quot;selector&quot;:&quot;//p[@class=&apos;pipeline-name&apos;]&quot;}
  (Session info: chrome-headless-shell=120.0.6099.130)
For documentation on this error, please visit: https://www.seleniumhq.org/exceptions/no_such_element.html
Build info: version: &apos;3.141.59&apos;, revision: &apos;e82be7d358&apos;, time: &apos;2018-11-14T08:17:03&apos;
System info: host: &apos;DESKTOP-PTF1H2O&apos;, ip: &apos;192.168.43.163&apos;, os.name: &apos;Windows 10&apos;, os.arch: &apos;amd64&apos;, os.version: &apos;10.0&apos;, java.version: &apos;19.0.1&apos;
Driver info: org.openqa.selenium.chrome.ChromeDriver
Capabilities {acceptInsecureCerts: false, browserName: chrome-headless-shell, browserVersion: 120.0.6099.130, chrome: {chromedriverVersion: 120.0.6099.109 (3419140ab66..., userDataDir: C:\Users\Rahul\AppData\Loca...}, fedcm:accounts: true, goog:chromeOptions: {debuggerAddress: localhost:53931}, javascriptEnabled: true, networkConnectionEnabled: false, pageLoadStrategy: normal, platform: WINDOWS, platformName: WINDOWS, proxy: Proxy(), setWindowRect: true, strictFileInteractability: false, timeouts: {implicit: 0, pageLoad: 300000, script: 30000}, unhandledPromptBehavior: dismiss and notify, webauthn:extension:credBlob: true, webauthn:extension:largeBlob: true, webauthn:extension:minPinLength: true, webauthn:extension:prf: true, webauthn:virtualAuthenticators: true}
Session ID: e6ced8cbf877d1a1ca3aa21217c18f45
*** Element info: {Using=xpath, value=//p[@class=&apos;pipeline-name&apos;]}
	at java.base/jdk.internal.reflect.DirectConstructorHandleAccessor.newInstance(DirectConstructorHandleAccessor.java:67)
	at java.base/java.lang.reflect.Constructor.newInstanceWithCaller(Constructor.java:500)
	at java.base/java.lang.reflect.Constructor.newInstance(Constructor.java:484)
	at org.openqa.selenium.remote.http.W3CHttpResponseCodec.createException(W3CHttpResponseCodec.java:187)
	at org.openqa.selenium.remote.http.W3CHttpResponseCodec.decode(W3CHttpResponseCodec.java:122)
	at org.openqa.selenium.remote.http.W3CHttpResponseCodec.decode(W3CHttpResponseCodec.java:49)
	at org.openqa.selenium.remote.HttpCommandExecutor.execute(HttpCommandExecutor.java:158)
	at org.openqa.selenium.remote.service.DriverCommandExecutor.execute(DriverCommandExecutor.java:83)
	at org.openqa.selenium.remote.RemoteWebDriver.execute(RemoteWebDriver.java:552)
	at org.openqa.selenium.remote.RemoteWebDriver.findElement(RemoteWebDriver.java:323)
	at org.openqa.selenium.remote.RemoteWebDriver.findElementByXPath(RemoteWebDriver.java:428)
	at org.openqa.selenium.By$ByXPath.findElement(By.java:353)
	at org.openqa.selenium.remote.RemoteWebDriver.findElement(RemoteWebDriver.java:315)
	at org.openqa.selenium.support.pagefactory.DefaultElementLocator.findElement(DefaultElementLocator.java:69)
	at org.openqa.selenium.support.pagefactory.internal.LocatingElementHandler.invoke(LocatingElementHandler.java:38)
	at jdk.proxy2/jdk.proxy2.$Proxy26.isDisplayed(Unknown Source)
	at com.buildpiper.capabilities.UICapability.ui_IsElementDisplay(UICapability.java:193)
	at com.buildpiper.base.Capability.ui_IsElementDisplay(Capability.java:267)
	at com.buildpiper.pages.BuildPipeLinePage.createJiraPipeline(BuildPipeLinePage.java:1540)
	at com.buildpiper.testcases.BuildPiperTestcasesExecutionComprehensiveTests.CreateJiraPipeLine(BuildPiperTestcasesExecutionComprehensiveTests.java:83)
	at java.base/jdk.internal.reflect.DirectMethodHandleAccessor.invoke(DirectMethodHandleAccessor.java:104)
	at java.base/java.lang.reflect.Method.invoke(Method.java:578)
	at org.testng.internal.MethodInvocationHelper.invokeMethod(MethodInvocationHelper.java:134)
	at org.testng.internal.TestInvoker.invokeMethod(TestInvoker.java:597)
	at org.testng.internal.TestInvoker.invokeTestMethod(TestInvoker.java:173)
	at org.testng.internal.MethodRunner.runInSequence(MethodRunner.java:46)
	at org.testng.internal.TestInvoker$MethodInvocationAgent.invoke(TestInvoker.java:816)
	at org.testng.internal.TestInvoker.invokeTestMethods(TestInvoker.java:146)
	at org.testng.internal.TestMethodWorker.invokeTestMethods(TestMethodWorker.java:146)
	at org.testng.internal.TestMethodWorker.run(TestMethodWorker.java:128)
	at java.base/java.util.ArrayList.forEach(ArrayList.java:1511)
	at org.testng.TestRunner.privateRun(TestRunner.java:766)
	at org.testng.TestRunner.run(TestRunner.java:587)
	at org.testng.SuiteRunner.runTest(SuiteRunner.java:384)
	at org.testng.SuiteRunner.runSequentially(SuiteRunner.java:378)
	at org.testng.SuiteRunner.privateRun(SuiteRunner.java:337)
	at org.testng.SuiteRunner.run(SuiteRunner.java:286)
	at org.testng.SuiteRunnerWorker.runSuite(SuiteRunnerWorker.java:53)
	at org.testng.SuiteRunnerWorker.run(SuiteRunnerWorker.java:96)
	at org.testng.TestNG.runSuitesSequentially(TestNG.java:1187)
	at org.testng.TestNG.runSuitesLocally(TestNG.java:1109)
	at org.testng.TestNG.runSuites(TestNG.java:1039)
	at org.testng.TestNG.run(TestNG.java:1007)
	at org.testng.remote.AbstractRemoteTestNG.run(AbstractRemoteTestNG.java:115)
	at org.testng.remote.RemoteTestNG.initAndRun(RemoteTestNG.java:251)
	at org.testng.remote.RemoteTestNG.main(RemoteTestNG.java:77)
</pre></div></td>
<td>176</td>
<td>com.buildpiper.testcases.BuildPiperTestcasesExecutionComprehensiveTests@7daa61f3</td></tr>
<tr>
<td title='com.buildpiper.testcases.EnvironmentTestcasesExecution.DeleteEnvironment()'><b>DeleteEnvironment</b><br>Test class: com.buildpiper.testcases.EnvironmentTestcasesExecution<br/>
<a href="#Output-1617891184" onClick='toggleBox("Output-1617891184", this, "Show output", "Hide output");'>Show output</a>

<a href="#Output-1617891184" onClick="toggleAllBoxes();">Show all outputs</a>
<div class='log' id="Output-1617891184">
checking if driver exist<br/>
<img src=D:\BuildPiper_Rahul\Reports\03Jan_210314\DeleteEnvironment_chrome\DeleteEnvironment_chrome_03_Jan_212016.jpg alt='Lamp' width='500' height='400'><br/>
Clicking on element userMenuAppBar<br/>
<img src=D:\BuildPiper_Rahul\Reports\03Jan_210314\DeleteEnvironment_chrome\DeleteEnvironment_chrome_03_Jan_212018.jpg alt='Lamp' width='500' height='400'><br/>
Clicking on element switching to user account<br/>
<img src=D:\BuildPiper_Rahul\Reports\03Jan_210314\DeleteEnvironment_chrome\DeleteEnvironment_chrome_03_Jan_212018.jpg alt='Lamp' width='500' height='400'><br/>
checking if driver exist<br/>
<img src=D:\BuildPiper_Rahul\Reports\03Jan_210314\DeleteEnvironment_chrome\DeleteEnvironment_chrome_03_Jan_212023.jpg alt='Lamp' width='500' height='400'><br/>
Element is present  xpath: //li//button[contains(@class,'main-nav-1')]//span[@title]]<br/>
<img src=D:\BuildPiper_Rahul\Reports\03Jan_210314\DeleteEnvironment_chrome\DeleteEnvironment_chrome_03_Jan_212023.jpg alt='Lamp' width='500' height='400'><br/>
Element is present  xpath: //button//span[2][@class='flaticon-expand-arrow']/../..//div//span[@title='Environment Overview']]<br/>
<img src=D:\BuildPiper_Rahul\Reports\03Jan_210314\DeleteEnvironment_chrome\DeleteEnvironment_chrome_03_Jan_212024.jpg alt='Lamp' width='500' height='400'><br/>
Clicking on element clicks on environment overview tab under applicartion name<br/>
<img src=D:\BuildPiper_Rahul\Reports\03Jan_210314\DeleteEnvironment_chrome\DeleteEnvironment_chrome_03_Jan_212024.jpg alt='Lamp' width='500' height='400'><br/>
Element is present  xpath: //a[text()='New Environment']]<br/>
<img src=D:\BuildPiper_Rahul\Reports\03Jan_210314\DeleteEnvironment_chrome\DeleteEnvironment_chrome_03_Jan_212025.jpg alt='Lamp' width='500' height='400'><br/>
Clicking on element clicks on add new environment button<br/>
<img src=D:\BuildPiper_Rahul\Reports\03Jan_210314\DeleteEnvironment_chrome\DeleteEnvironment_chrome_03_Jan_212025.jpg alt='Lamp' width='500' height='400'><br/>
Element is present  xpath: //input[@placeholder='Environment Name']]<br/>
<img src=D:\BuildPiper_Rahul\Reports\03Jan_210314\DeleteEnvironment_chrome\DeleteEnvironment_chrome_03_Jan_212026.jpg alt='Lamp' width='500' height='400'><br/>
Setting value on element <br/>
<img src=D:\BuildPiper_Rahul\Reports\03Jan_210314\DeleteEnvironment_chrome\DeleteEnvironment_chrome_03_Jan_212027.jpg alt='Lamp' width='500' height='400'><br/>
Element is present  xpath: //button[contains(@class,'btn btn-submit')][contains(text(),'Save')]]<br/>
<img src=D:\BuildPiper_Rahul\Reports\03Jan_210314\DeleteEnvironment_chrome\DeleteEnvironment_chrome_03_Jan_212030.jpg alt='Lamp' width='500' height='400'><br/>
Clicking on element user clicks save button<br/>
<img src=D:\BuildPiper_Rahul\Reports\03Jan_210314\DeleteEnvironment_chrome\DeleteEnvironment_chrome_03_Jan_212030.jpg alt='Lamp' width='500' height='400'><br/>
####### End of Test Case: DeleteEnvironment #######<br/>
</div>
</td>
<td><div><pre>org.openqa.selenium.NoSuchElementException: no such element: Unable to locate element: {&quot;method&quot;:&quot;xpath&quot;,&quot;selector&quot;:&quot;//input[@name=&apos;name&apos; and @placeholder=&apos;Name&apos;]&quot;}
  (Session info: chrome-headless-shell=120.0.6099.130)
For documentation on this error, please visit: https://www.seleniumhq.org/exceptions/no_such_element.html
Build info: version: &apos;3.141.59&apos;, revision: &apos;e82be7d358&apos;, time: &apos;2018-11-14T08:17:03&apos;
System info: host: &apos;DESKTOP-PTF1H2O&apos;, ip: &apos;192.168.43.163&apos;, os.name: &apos;Windows 10&apos;, os.arch: &apos;amd64&apos;, os.version: &apos;10.0&apos;, java.version: &apos;19.0.1&apos;
Driver info: org.openqa.selenium.chrome.ChromeDriver
Capabilities {acceptInsecureCerts: false, browserName: chrome-headless-shell, browserVersion: 120.0.6099.130, chrome: {chromedriverVersion: 120.0.6099.109 (3419140ab66..., userDataDir: C:\Users\Rahul\AppData\Loca...}, fedcm:accounts: true, goog:chromeOptions: {debuggerAddress: localhost:53772}, javascriptEnabled: true, networkConnectionEnabled: false, pageLoadStrategy: normal, platform: WINDOWS, platformName: WINDOWS, proxy: Proxy(), setWindowRect: true, strictFileInteractability: false, timeouts: {implicit: 0, pageLoad: 300000, script: 30000}, unhandledPromptBehavior: dismiss and notify, webauthn:extension:credBlob: true, webauthn:extension:largeBlob: true, webauthn:extension:minPinLength: true, webauthn:extension:prf: true, webauthn:virtualAuthenticators: true}
Session ID: 5a9f0b6cfa6a826112b3b32604088b93
*** Element info: {Using=xpath, value=//input[@name=&apos;name&apos; and @placeholder=&apos;Name&apos;]}
	at org.openqa.selenium.remote.http.W3CHttpResponseCodec.createException(W3CHttpResponseCodec.java:187)
	at org.openqa.selenium.remote.http.W3CHttpResponseCodec.decode(W3CHttpResponseCodec.java:122)
	at org.openqa.selenium.remote.http.W3CHttpResponseCodec.decode(W3CHttpResponseCodec.java:49)
	at org.openqa.selenium.remote.HttpCommandExecutor.execute(HttpCommandExecutor.java:158)
	at org.openqa.selenium.remote.service.DriverCommandExecutor.execute(DriverCommandExecutor.java:83)
	at org.openqa.selenium.remote.RemoteWebDriver.execute(RemoteWebDriver.java:552)
	at org.openqa.selenium.remote.RemoteWebDriver.findElement(RemoteWebDriver.java:323)
	at org.openqa.selenium.remote.RemoteWebDriver.findElementByXPath(RemoteWebDriver.java:428)
	at org.openqa.selenium.By$ByXPath.findElement(By.java:353)
	at org.openqa.selenium.remote.RemoteWebDriver.findElement(RemoteWebDriver.java:315)
	at org.openqa.selenium.support.pagefactory.DefaultElementLocator.findElement(DefaultElementLocator.java:69)
	at org.openqa.selenium.support.pagefactory.internal.LocatingElementHandler.invoke(LocatingElementHandler.java:38)
	at jdk.proxy2/jdk.proxy2.$Proxy26.sendKeys(Unknown Source)
	at com.buildpiper.capabilities.UICapability.ui_clearUsingJavaScript(UICapability.java:610)
	at com.buildpiper.capabilities.UICapability.ui_clearText(UICapability.java:563)
	at com.buildpiper.capabilities.UICapability.ui_clearAndSetValue(UICapability.java:551)
	at com.buildpiper.base.Capability.ui_clearAndSetValue(Capability.java:348)
	at com.buildpiper.pages.EnvironmentCreationPage.DeleteEmptyEnvironment(EnvironmentCreationPage.java:406)
	at com.buildpiper.testcases.EnvironmentTestcasesExecution.DeleteEnvironment(EnvironmentTestcasesExecution.java:278)
	at java.base/java.util.ArrayList.forEach(ArrayList.java:1511)
... Removed 28 stack frames</pre></div><a href='#' onClick='toggleBox("stack-trace1617891184", this, "Click to show all stack frames", "Click to hide stack frames")'>Click to show all stack frames</a>
<div class='stack-trace' id='stack-trace1617891184'><pre>org.openqa.selenium.NoSuchElementException: no such element: Unable to locate element: {&quot;method&quot;:&quot;xpath&quot;,&quot;selector&quot;:&quot;//input[@name=&apos;name&apos; and @placeholder=&apos;Name&apos;]&quot;}
  (Session info: chrome-headless-shell=120.0.6099.130)
For documentation on this error, please visit: https://www.seleniumhq.org/exceptions/no_such_element.html
Build info: version: &apos;3.141.59&apos;, revision: &apos;e82be7d358&apos;, time: &apos;2018-11-14T08:17:03&apos;
System info: host: &apos;DESKTOP-PTF1H2O&apos;, ip: &apos;192.168.43.163&apos;, os.name: &apos;Windows 10&apos;, os.arch: &apos;amd64&apos;, os.version: &apos;10.0&apos;, java.version: &apos;19.0.1&apos;
Driver info: org.openqa.selenium.chrome.ChromeDriver
Capabilities {acceptInsecureCerts: false, browserName: chrome-headless-shell, browserVersion: 120.0.6099.130, chrome: {chromedriverVersion: 120.0.6099.109 (3419140ab66..., userDataDir: C:\Users\Rahul\AppData\Loca...}, fedcm:accounts: true, goog:chromeOptions: {debuggerAddress: localhost:53772}, javascriptEnabled: true, networkConnectionEnabled: false, pageLoadStrategy: normal, platform: WINDOWS, platformName: WINDOWS, proxy: Proxy(), setWindowRect: true, strictFileInteractability: false, timeouts: {implicit: 0, pageLoad: 300000, script: 30000}, unhandledPromptBehavior: dismiss and notify, webauthn:extension:credBlob: true, webauthn:extension:largeBlob: true, webauthn:extension:minPinLength: true, webauthn:extension:prf: true, webauthn:virtualAuthenticators: true}
Session ID: 5a9f0b6cfa6a826112b3b32604088b93
*** Element info: {Using=xpath, value=//input[@name=&apos;name&apos; and @placeholder=&apos;Name&apos;]}
	at java.base/jdk.internal.reflect.DirectConstructorHandleAccessor.newInstance(DirectConstructorHandleAccessor.java:67)
	at java.base/java.lang.reflect.Constructor.newInstanceWithCaller(Constructor.java:500)
	at java.base/java.lang.reflect.Constructor.newInstance(Constructor.java:484)
	at org.openqa.selenium.remote.http.W3CHttpResponseCodec.createException(W3CHttpResponseCodec.java:187)
	at org.openqa.selenium.remote.http.W3CHttpResponseCodec.decode(W3CHttpResponseCodec.java:122)
	at org.openqa.selenium.remote.http.W3CHttpResponseCodec.decode(W3CHttpResponseCodec.java:49)
	at org.openqa.selenium.remote.HttpCommandExecutor.execute(HttpCommandExecutor.java:158)
	at org.openqa.selenium.remote.service.DriverCommandExecutor.execute(DriverCommandExecutor.java:83)
	at org.openqa.selenium.remote.RemoteWebDriver.execute(RemoteWebDriver.java:552)
	at org.openqa.selenium.remote.RemoteWebDriver.findElement(RemoteWebDriver.java:323)
	at org.openqa.selenium.remote.RemoteWebDriver.findElementByXPath(RemoteWebDriver.java:428)
	at org.openqa.selenium.By$ByXPath.findElement(By.java:353)
	at org.openqa.selenium.remote.RemoteWebDriver.findElement(RemoteWebDriver.java:315)
	at org.openqa.selenium.support.pagefactory.DefaultElementLocator.findElement(DefaultElementLocator.java:69)
	at org.openqa.selenium.support.pagefactory.internal.LocatingElementHandler.invoke(LocatingElementHandler.java:38)
	at jdk.proxy2/jdk.proxy2.$Proxy26.sendKeys(Unknown Source)
	at com.buildpiper.capabilities.UICapability.ui_clearUsingJavaScript(UICapability.java:610)
	at com.buildpiper.capabilities.UICapability.ui_clearText(UICapability.java:563)
	at com.buildpiper.capabilities.UICapability.ui_clearAndSetValue(UICapability.java:551)
	at com.buildpiper.base.Capability.ui_clearAndSetValue(Capability.java:348)
	at com.buildpiper.pages.EnvironmentCreationPage.DeleteEmptyEnvironment(EnvironmentCreationPage.java:406)
	at com.buildpiper.testcases.EnvironmentTestcasesExecution.DeleteEnvironment(EnvironmentTestcasesExecution.java:278)
	at java.base/jdk.internal.reflect.DirectMethodHandleAccessor.invoke(DirectMethodHandleAccessor.java:104)
	at java.base/java.lang.reflect.Method.invoke(Method.java:578)
	at org.testng.internal.MethodInvocationHelper.invokeMethod(MethodInvocationHelper.java:134)
	at org.testng.internal.TestInvoker.invokeMethod(TestInvoker.java:597)
	at org.testng.internal.TestInvoker.invokeTestMethod(TestInvoker.java:173)
	at org.testng.internal.MethodRunner.runInSequence(MethodRunner.java:46)
	at org.testng.internal.TestInvoker$MethodInvocationAgent.invoke(TestInvoker.java:816)
	at org.testng.internal.TestInvoker.invokeTestMethods(TestInvoker.java:146)
	at org.testng.internal.TestMethodWorker.invokeTestMethods(TestMethodWorker.java:146)
	at org.testng.internal.TestMethodWorker.run(TestMethodWorker.java:128)
	at java.base/java.util.ArrayList.forEach(ArrayList.java:1511)
	at org.testng.TestRunner.privateRun(TestRunner.java:766)
	at org.testng.TestRunner.run(TestRunner.java:587)
	at org.testng.SuiteRunner.runTest(SuiteRunner.java:384)
	at org.testng.SuiteRunner.runSequentially(SuiteRunner.java:378)
	at org.testng.SuiteRunner.privateRun(SuiteRunner.java:337)
	at org.testng.SuiteRunner.run(SuiteRunner.java:286)
	at org.testng.SuiteRunnerWorker.runSuite(SuiteRunnerWorker.java:53)
	at org.testng.SuiteRunnerWorker.run(SuiteRunnerWorker.java:96)
	at org.testng.TestNG.runSuitesSequentially(TestNG.java:1187)
	at org.testng.TestNG.runSuitesLocally(TestNG.java:1109)
	at org.testng.TestNG.runSuites(TestNG.java:1039)
	at org.testng.TestNG.run(TestNG.java:1007)
	at org.testng.remote.AbstractRemoteTestNG.run(AbstractRemoteTestNG.java:115)
	at org.testng.remote.RemoteTestNG.initAndRun(RemoteTestNG.java:251)
	at org.testng.remote.RemoteTestNG.main(RemoteTestNG.java:77)
</pre></div></td>
<td>139</td>
<td>com.buildpiper.testcases.EnvironmentTestcasesExecution@1f14f20c</td></tr>
<tr>
<td title='com.buildpiper.testcases.ServiceCreationTestcases.EditandDeleteService()'><b>EditandDeleteService</b><br>Test class: com.buildpiper.testcases.ServiceCreationTestcases<br/>
<a href="#Output-1510312933" onClick='toggleBox("Output-1510312933", this, "Show output", "Hide output");'>Show output</a>

<a href="#Output-1510312933" onClick="toggleAllBoxes();">Show all outputs</a>
<div class='log' id="Output-1510312933">
checking if driver exist<br/>
<img src=D:\BuildPiper_Rahul\Reports\03Jan_210314\EditandDeleteService_chrome\EditandDeleteService_chrome_03_Jan_210516.jpg alt='Lamp' width='500' height='400'><br/>
checking if driver exist<br/>
<img src=D:\BuildPiper_Rahul\Reports\03Jan_210314\EditandDeleteService_chrome\EditandDeleteService_chrome_03_Jan_210516.jpg alt='Lamp' width='500' height='400'><br/>
Clicking on element userMenuAppBar<br/>
<img src=D:\BuildPiper_Rahul\Reports\03Jan_210314\EditandDeleteService_chrome\EditandDeleteService_chrome_03_Jan_210516.jpg alt='Lamp' width='500' height='400'><br/>
Clicking on element switching to user account<br/>
<img src=D:\BuildPiper_Rahul\Reports\03Jan_210314\EditandDeleteService_chrome\EditandDeleteService_chrome_03_Jan_210517.jpg alt='Lamp' width='500' height='400'><br/>
Element is present  xpath: //li//button[contains(@class,'main-nav-1')]//span[1][@title]]<br/>
<img src=D:\BuildPiper_Rahul\Reports\03Jan_210314\EditandDeleteService_chrome\EditandDeleteService_chrome_03_Jan_210526.jpg alt='Lamp' width='500' height='400'><br/>
Element is present  xpath: //button//span[2][@class='flaticon-expand-arrow']/../..//div//span[@title='Service Overview']/span]<br/>
<img src=D:\BuildPiper_Rahul\Reports\03Jan_210314\EditandDeleteService_chrome\EditandDeleteService_chrome_03_Jan_210529.jpg alt='Lamp' width='500' height='400'><br/>
Element is present  xpath: //a[@class='btn btn-submit']]<br/>
<img src=D:\BuildPiper_Rahul\Reports\03Jan_210314\EditandDeleteService_chrome\EditandDeleteService_chrome_03_Jan_210530.jpg alt='Lamp' width='500' height='400'><br/>
Clicking on element Poc_QA addServiceBtn<br/>
<img src=D:\BuildPiper_Rahul\Reports\03Jan_210314\EditandDeleteService_chrome\EditandDeleteService_chrome_03_Jan_210531.jpg alt='Lamp' width='500' height='400'><br/>
Element is present  xpath: //h1[@class='main-heading']]<br/>
<img src=D:\BuildPiper_Rahul\Reports\03Jan_210314\EditandDeleteService_chrome\EditandDeleteService_chrome_03_Jan_210532.jpg alt='Lamp' width='500' height='400'><br/>
Element is present  xpath: //p[(@class='hint-text-main-heading')]]<br/>
<img src=D:\BuildPiper_Rahul\Reports\03Jan_210314\EditandDeleteService_chrome\EditandDeleteService_chrome_03_Jan_210532.jpg alt='Lamp' width='500' height='400'><br/>
Setting value on element sets service name<br/>
<img src=D:\BuildPiper_Rahul\Reports\03Jan_210314\EditandDeleteService_chrome\EditandDeleteService_chrome_03_Jan_210532.jpg alt='Lamp' width='500' height='400'><br/>
Setting value on element sets external name<br/>
<img src=D:\BuildPiper_Rahul\Reports\03Jan_210314\EditandDeleteService_chrome\EditandDeleteService_chrome_03_Jan_210536.jpg alt='Lamp' width='500' height='400'><br/>
Clicking on element Poc_QA selectEveryRadioBtn<br/>
<img src=D:\BuildPiper_Rahul\Reports\03Jan_210314\EditandDeleteService_chrome\EditandDeleteService_chrome_03_Jan_210536.jpg alt='Lamp' width='500' height='400'><br/>
Clicking on element Poc_QA SubmitCreatePage<br/>
<img src=D:\BuildPiper_Rahul\Reports\03Jan_210314\EditandDeleteService_chrome\EditandDeleteService_chrome_03_Jan_210536.jpg alt='Lamp' width='500' height='400'><br/>
####### End of Test Case: EditandDeleteService #######<br/>
</div>
</td>
<td><div><pre>org.openqa.selenium.NoSuchElementException: no such element: Unable to locate element: {&quot;method&quot;:&quot;xpath&quot;,&quot;selector&quot;:&quot;//h1[@class=&apos;h1&apos; and contains(.,&apos;Create a Environment&apos;)]&quot;}
  (Session info: chrome-headless-shell=120.0.6099.130)
For documentation on this error, please visit: https://www.seleniumhq.org/exceptions/no_such_element.html
Build info: version: &apos;3.141.59&apos;, revision: &apos;e82be7d358&apos;, time: &apos;2018-11-14T08:17:03&apos;
System info: host: &apos;DESKTOP-PTF1H2O&apos;, ip: &apos;192.168.43.163&apos;, os.name: &apos;Windows 10&apos;, os.arch: &apos;amd64&apos;, os.version: &apos;10.0&apos;, java.version: &apos;19.0.1&apos;
Driver info: org.openqa.selenium.chrome.ChromeDriver
Capabilities {acceptInsecureCerts: false, browserName: chrome-headless-shell, browserVersion: 120.0.6099.130, chrome: {chromedriverVersion: 120.0.6099.109 (3419140ab66..., userDataDir: C:\Users\Rahul\AppData\Loca...}, fedcm:accounts: true, goog:chromeOptions: {debuggerAddress: localhost:53297}, javascriptEnabled: true, networkConnectionEnabled: false, pageLoadStrategy: normal, platform: WINDOWS, platformName: WINDOWS, proxy: Proxy(), setWindowRect: true, strictFileInteractability: false, timeouts: {implicit: 0, pageLoad: 300000, script: 30000}, unhandledPromptBehavior: dismiss and notify, webauthn:extension:credBlob: true, webauthn:extension:largeBlob: true, webauthn:extension:minPinLength: true, webauthn:extension:prf: true, webauthn:virtualAuthenticators: true}
Session ID: 356da538a9627cfdfb70dd732e8d1b4f
*** Element info: {Using=xpath, value=//h1[@class=&apos;h1&apos; and contains(.,&apos;Create a Environment&apos;)]}
	at org.openqa.selenium.remote.http.W3CHttpResponseCodec.createException(W3CHttpResponseCodec.java:187)
	at org.openqa.selenium.remote.http.W3CHttpResponseCodec.decode(W3CHttpResponseCodec.java:122)
	at org.openqa.selenium.remote.http.W3CHttpResponseCodec.decode(W3CHttpResponseCodec.java:49)
	at org.openqa.selenium.remote.HttpCommandExecutor.execute(HttpCommandExecutor.java:158)
	at org.openqa.selenium.remote.service.DriverCommandExecutor.execute(DriverCommandExecutor.java:83)
	at org.openqa.selenium.remote.RemoteWebDriver.execute(RemoteWebDriver.java:552)
	at org.openqa.selenium.remote.RemoteWebDriver.findElement(RemoteWebDriver.java:323)
	at org.openqa.selenium.remote.RemoteWebDriver.findElementByXPath(RemoteWebDriver.java:428)
	at org.openqa.selenium.By$ByXPath.findElement(By.java:353)
	at org.openqa.selenium.remote.RemoteWebDriver.findElement(RemoteWebDriver.java:315)
	at org.openqa.selenium.support.pagefactory.DefaultElementLocator.findElement(DefaultElementLocator.java:69)
	at org.openqa.selenium.support.pagefactory.internal.LocatingElementHandler.invoke(LocatingElementHandler.java:38)
	at jdk.proxy2/jdk.proxy2.$Proxy26.isDisplayed(Unknown Source)
	at com.buildpiper.capabilities.UICapability.ui_IsElementDisplay(UICapability.java:193)
	at com.buildpiper.base.Capability.ui_IsElementDisplay(Capability.java:267)
	at com.buildpiper.pages.ServiceCreationPage.buildAndValidateService(ServiceCreationPage.java:586)
	at com.buildpiper.testcases.ServiceCreationTestcases.EditandDeleteService(ServiceCreationTestcases.java:186)
	at java.base/java.util.ArrayList.forEach(ArrayList.java:1511)
... Removed 28 stack frames</pre></div><a href='#' onClick='toggleBox("stack-trace1510312933", this, "Click to show all stack frames", "Click to hide stack frames")'>Click to show all stack frames</a>
<div class='stack-trace' id='stack-trace1510312933'><pre>org.openqa.selenium.NoSuchElementException: no such element: Unable to locate element: {&quot;method&quot;:&quot;xpath&quot;,&quot;selector&quot;:&quot;//h1[@class=&apos;h1&apos; and contains(.,&apos;Create a Environment&apos;)]&quot;}
  (Session info: chrome-headless-shell=120.0.6099.130)
For documentation on this error, please visit: https://www.seleniumhq.org/exceptions/no_such_element.html
Build info: version: &apos;3.141.59&apos;, revision: &apos;e82be7d358&apos;, time: &apos;2018-11-14T08:17:03&apos;
System info: host: &apos;DESKTOP-PTF1H2O&apos;, ip: &apos;192.168.43.163&apos;, os.name: &apos;Windows 10&apos;, os.arch: &apos;amd64&apos;, os.version: &apos;10.0&apos;, java.version: &apos;19.0.1&apos;
Driver info: org.openqa.selenium.chrome.ChromeDriver
Capabilities {acceptInsecureCerts: false, browserName: chrome-headless-shell, browserVersion: 120.0.6099.130, chrome: {chromedriverVersion: 120.0.6099.109 (3419140ab66..., userDataDir: C:\Users\Rahul\AppData\Loca...}, fedcm:accounts: true, goog:chromeOptions: {debuggerAddress: localhost:53297}, javascriptEnabled: true, networkConnectionEnabled: false, pageLoadStrategy: normal, platform: WINDOWS, platformName: WINDOWS, proxy: Proxy(), setWindowRect: true, strictFileInteractability: false, timeouts: {implicit: 0, pageLoad: 300000, script: 30000}, unhandledPromptBehavior: dismiss and notify, webauthn:extension:credBlob: true, webauthn:extension:largeBlob: true, webauthn:extension:minPinLength: true, webauthn:extension:prf: true, webauthn:virtualAuthenticators: true}
Session ID: 356da538a9627cfdfb70dd732e8d1b4f
*** Element info: {Using=xpath, value=//h1[@class=&apos;h1&apos; and contains(.,&apos;Create a Environment&apos;)]}
	at java.base/jdk.internal.reflect.DirectConstructorHandleAccessor.newInstance(DirectConstructorHandleAccessor.java:67)
	at java.base/java.lang.reflect.Constructor.newInstanceWithCaller(Constructor.java:500)
	at java.base/java.lang.reflect.Constructor.newInstance(Constructor.java:484)
	at org.openqa.selenium.remote.http.W3CHttpResponseCodec.createException(W3CHttpResponseCodec.java:187)
	at org.openqa.selenium.remote.http.W3CHttpResponseCodec.decode(W3CHttpResponseCodec.java:122)
	at org.openqa.selenium.remote.http.W3CHttpResponseCodec.decode(W3CHttpResponseCodec.java:49)
	at org.openqa.selenium.remote.HttpCommandExecutor.execute(HttpCommandExecutor.java:158)
	at org.openqa.selenium.remote.service.DriverCommandExecutor.execute(DriverCommandExecutor.java:83)
	at org.openqa.selenium.remote.RemoteWebDriver.execute(RemoteWebDriver.java:552)
	at org.openqa.selenium.remote.RemoteWebDriver.findElement(RemoteWebDriver.java:323)
	at org.openqa.selenium.remote.RemoteWebDriver.findElementByXPath(RemoteWebDriver.java:428)
	at org.openqa.selenium.By$ByXPath.findElement(By.java:353)
	at org.openqa.selenium.remote.RemoteWebDriver.findElement(RemoteWebDriver.java:315)
	at org.openqa.selenium.support.pagefactory.DefaultElementLocator.findElement(DefaultElementLocator.java:69)
	at org.openqa.selenium.support.pagefactory.internal.LocatingElementHandler.invoke(LocatingElementHandler.java:38)
	at jdk.proxy2/jdk.proxy2.$Proxy26.isDisplayed(Unknown Source)
	at com.buildpiper.capabilities.UICapability.ui_IsElementDisplay(UICapability.java:193)
	at com.buildpiper.base.Capability.ui_IsElementDisplay(Capability.java:267)
	at com.buildpiper.pages.ServiceCreationPage.buildAndValidateService(ServiceCreationPage.java:586)
	at com.buildpiper.testcases.ServiceCreationTestcases.EditandDeleteService(ServiceCreationTestcases.java:186)
	at java.base/jdk.internal.reflect.DirectMethodHandleAccessor.invoke(DirectMethodHandleAccessor.java:104)
	at java.base/java.lang.reflect.Method.invoke(Method.java:578)
	at org.testng.internal.MethodInvocationHelper.invokeMethod(MethodInvocationHelper.java:134)
	at org.testng.internal.TestInvoker.invokeMethod(TestInvoker.java:597)
	at org.testng.internal.TestInvoker.invokeTestMethod(TestInvoker.java:173)
	at org.testng.internal.MethodRunner.runInSequence(MethodRunner.java:46)
	at org.testng.internal.TestInvoker$MethodInvocationAgent.invoke(TestInvoker.java:816)
	at org.testng.internal.TestInvoker.invokeTestMethods(TestInvoker.java:146)
	at org.testng.internal.TestMethodWorker.invokeTestMethods(TestMethodWorker.java:146)
	at org.testng.internal.TestMethodWorker.run(TestMethodWorker.java:128)
	at java.base/java.util.ArrayList.forEach(ArrayList.java:1511)
	at org.testng.TestRunner.privateRun(TestRunner.java:766)
	at org.testng.TestRunner.run(TestRunner.java:587)
	at org.testng.SuiteRunner.runTest(SuiteRunner.java:384)
	at org.testng.SuiteRunner.runSequentially(SuiteRunner.java:378)
	at org.testng.SuiteRunner.privateRun(SuiteRunner.java:337)
	at org.testng.SuiteRunner.run(SuiteRunner.java:286)
	at org.testng.SuiteRunnerWorker.runSuite(SuiteRunnerWorker.java:53)
	at org.testng.SuiteRunnerWorker.run(SuiteRunnerWorker.java:96)
	at org.testng.TestNG.runSuitesSequentially(TestNG.java:1187)
	at org.testng.TestNG.runSuitesLocally(TestNG.java:1109)
	at org.testng.TestNG.runSuites(TestNG.java:1039)
	at org.testng.TestNG.run(TestNG.java:1007)
	at org.testng.remote.AbstractRemoteTestNG.run(AbstractRemoteTestNG.java:115)
	at org.testng.remote.RemoteTestNG.initAndRun(RemoteTestNG.java:251)
	at org.testng.remote.RemoteTestNG.main(RemoteTestNG.java:77)
</pre></div></td>
<td>110</td>
<td>com.buildpiper.testcases.ServiceCreationTestcases@4aeaadc1</td></tr>
<tr>
<td title='com.buildpiper.testcases.ServiceCreationTestcases.EditandDeleteServiceEnvironment()'><b>EditandDeleteServiceEnvironment</b><br>Test class: com.buildpiper.testcases.ServiceCreationTestcases<br/>
<a href="#Output-1414411897" onClick='toggleBox("Output-1414411897", this, "Show output", "Hide output");'>Show output</a>

<a href="#Output-1414411897" onClick="toggleAllBoxes();">Show all outputs</a>
<div class='log' id="Output-1414411897">
checking if driver exist<br/>
<img src=D:\BuildPiper_Rahul\Reports\03Jan_210314\EditandDeleteServiceEnvironment_chrome\EditandDeleteServiceEnvironment_chrome_03_Jan_210734.jpg alt='Lamp' width='500' height='400'><br/>
checking if driver exist<br/>
<img src=D:\BuildPiper_Rahul\Reports\03Jan_210314\EditandDeleteServiceEnvironment_chrome\EditandDeleteServiceEnvironment_chrome_03_Jan_210735.jpg alt='Lamp' width='500' height='400'><br/>
checking if driver exist<br/>
<img src=D:\BuildPiper_Rahul\Reports\03Jan_210314\EditandDeleteServiceEnvironment_chrome\EditandDeleteServiceEnvironment_chrome_03_Jan_210735.jpg alt='Lamp' width='500' height='400'><br/>
checking if driver exist<br/>
<img src=D:\BuildPiper_Rahul\Reports\03Jan_210314\EditandDeleteServiceEnvironment_chrome\EditandDeleteServiceEnvironment_chrome_03_Jan_210735.jpg alt='Lamp' width='500' height='400'><br/>
Clicking on element userMenuAppBar<br/>
<img src=D:\BuildPiper_Rahul\Reports\03Jan_210314\EditandDeleteServiceEnvironment_chrome\EditandDeleteServiceEnvironment_chrome_03_Jan_210735.jpg alt='Lamp' width='500' height='400'><br/>
Clicking on element switching to user account<br/>
<img src=D:\BuildPiper_Rahul\Reports\03Jan_210314\EditandDeleteServiceEnvironment_chrome\EditandDeleteServiceEnvironment_chrome_03_Jan_210736.jpg alt='Lamp' width='500' height='400'><br/>
Element is present  xpath: //li//button[contains(@class,'main-nav-1')]//span[1][@title]]<br/>
<img src=D:\BuildPiper_Rahul\Reports\03Jan_210314\EditandDeleteServiceEnvironment_chrome\EditandDeleteServiceEnvironment_chrome_03_Jan_210745.jpg alt='Lamp' width='500' height='400'><br/>
Element is present  xpath: //button//span[2][@class='flaticon-expand-arrow']/../..//div//span[@title='Service Overview']/span]<br/>
<img src=D:\BuildPiper_Rahul\Reports\03Jan_210314\EditandDeleteServiceEnvironment_chrome\EditandDeleteServiceEnvironment_chrome_03_Jan_210748.jpg alt='Lamp' width='500' height='400'><br/>
Element is present  xpath: //a[@class='btn btn-submit']]<br/>
<img src=D:\BuildPiper_Rahul\Reports\03Jan_210314\EditandDeleteServiceEnvironment_chrome\EditandDeleteServiceEnvironment_chrome_03_Jan_210749.jpg alt='Lamp' width='500' height='400'><br/>
 Element Proxy element for: DefaultElementLocator 'By.xpath: //a[@class='btn btn-submit']' is not clickable using selenium click<br/>
<img src=D:\BuildPiper_Rahul\Reports\03Jan_210314\EditandDeleteServiceEnvironment_chrome\EditandDeleteServiceEnvironment_chrome_03_Jan_210820.jpg alt='Lamp' width='500' height='400'><br/>
Clicking on element Poc_QA addServiceBtn<br/>
<img src=D:\BuildPiper_Rahul\Reports\03Jan_210314\EditandDeleteServiceEnvironment_chrome\EditandDeleteServiceEnvironment_chrome_03_Jan_210821.jpg alt='Lamp' width='500' height='400'><br/>
Element is present  xpath: //h1[@class='main-heading']]<br/>
<img src=D:\BuildPiper_Rahul\Reports\03Jan_210314\EditandDeleteServiceEnvironment_chrome\EditandDeleteServiceEnvironment_chrome_03_Jan_210821.jpg alt='Lamp' width='500' height='400'><br/>
Element is present  xpath: //p[(@class='hint-text-main-heading')]]<br/>
<img src=D:\BuildPiper_Rahul\Reports\03Jan_210314\EditandDeleteServiceEnvironment_chrome\EditandDeleteServiceEnvironment_chrome_03_Jan_210821.jpg alt='Lamp' width='500' height='400'><br/>
Setting value on element sets service name<br/>
<img src=D:\BuildPiper_Rahul\Reports\03Jan_210314\EditandDeleteServiceEnvironment_chrome\EditandDeleteServiceEnvironment_chrome_03_Jan_210822.jpg alt='Lamp' width='500' height='400'><br/>
Setting value on element sets external name<br/>
<img src=D:\BuildPiper_Rahul\Reports\03Jan_210314\EditandDeleteServiceEnvironment_chrome\EditandDeleteServiceEnvironment_chrome_03_Jan_210825.jpg alt='Lamp' width='500' height='400'><br/>
Clicking on element Poc_QA selectEveryRadioBtn<br/>
<img src=D:\BuildPiper_Rahul\Reports\03Jan_210314\EditandDeleteServiceEnvironment_chrome\EditandDeleteServiceEnvironment_chrome_03_Jan_210825.jpg alt='Lamp' width='500' height='400'><br/>
Clicking on element Poc_QA SubmitCreatePage<br/>
<img src=D:\BuildPiper_Rahul\Reports\03Jan_210314\EditandDeleteServiceEnvironment_chrome\EditandDeleteServiceEnvironment_chrome_03_Jan_210826.jpg alt='Lamp' width='500' height='400'><br/>
####### End of Test Case: EditandDeleteServiceEnvironment #######<br/>
</div>
</td>
<td><div><pre>org.openqa.selenium.NoSuchElementException: no such element: Unable to locate element: {&quot;method&quot;:&quot;xpath&quot;,&quot;selector&quot;:&quot;//h1[@class=&apos;h1&apos; and contains(.,&apos;Create a Environment&apos;)]&quot;}
  (Session info: chrome-headless-shell=120.0.6099.130)
For documentation on this error, please visit: https://www.seleniumhq.org/exceptions/no_such_element.html
Build info: version: &apos;3.141.59&apos;, revision: &apos;e82be7d358&apos;, time: &apos;2018-11-14T08:17:03&apos;
System info: host: &apos;DESKTOP-PTF1H2O&apos;, ip: &apos;192.168.43.163&apos;, os.name: &apos;Windows 10&apos;, os.arch: &apos;amd64&apos;, os.version: &apos;10.0&apos;, java.version: &apos;19.0.1&apos;
Driver info: org.openqa.selenium.chrome.ChromeDriver
Capabilities {acceptInsecureCerts: false, browserName: chrome-headless-shell, browserVersion: 120.0.6099.130, chrome: {chromedriverVersion: 120.0.6099.109 (3419140ab66..., userDataDir: C:\Users\Rahul\AppData\Loca...}, fedcm:accounts: true, goog:chromeOptions: {debuggerAddress: localhost:53444}, javascriptEnabled: true, networkConnectionEnabled: false, pageLoadStrategy: normal, platform: WINDOWS, platformName: WINDOWS, proxy: Proxy(), setWindowRect: true, strictFileInteractability: false, timeouts: {implicit: 0, pageLoad: 300000, script: 30000}, unhandledPromptBehavior: dismiss and notify, webauthn:extension:credBlob: true, webauthn:extension:largeBlob: true, webauthn:extension:minPinLength: true, webauthn:extension:prf: true, webauthn:virtualAuthenticators: true}
Session ID: 59c0e10e2fec946a2c8f10c0ccc076d1
*** Element info: {Using=xpath, value=//h1[@class=&apos;h1&apos; and contains(.,&apos;Create a Environment&apos;)]}
	at org.openqa.selenium.remote.http.W3CHttpResponseCodec.createException(W3CHttpResponseCodec.java:187)
	at org.openqa.selenium.remote.http.W3CHttpResponseCodec.decode(W3CHttpResponseCodec.java:122)
	at org.openqa.selenium.remote.http.W3CHttpResponseCodec.decode(W3CHttpResponseCodec.java:49)
	at org.openqa.selenium.remote.HttpCommandExecutor.execute(HttpCommandExecutor.java:158)
	at org.openqa.selenium.remote.service.DriverCommandExecutor.execute(DriverCommandExecutor.java:83)
	at org.openqa.selenium.remote.RemoteWebDriver.execute(RemoteWebDriver.java:552)
	at org.openqa.selenium.remote.RemoteWebDriver.findElement(RemoteWebDriver.java:323)
	at org.openqa.selenium.remote.RemoteWebDriver.findElementByXPath(RemoteWebDriver.java:428)
	at org.openqa.selenium.By$ByXPath.findElement(By.java:353)
	at org.openqa.selenium.remote.RemoteWebDriver.findElement(RemoteWebDriver.java:315)
	at org.openqa.selenium.support.pagefactory.DefaultElementLocator.findElement(DefaultElementLocator.java:69)
	at org.openqa.selenium.support.pagefactory.internal.LocatingElementHandler.invoke(LocatingElementHandler.java:38)
	at jdk.proxy2/jdk.proxy2.$Proxy26.isDisplayed(Unknown Source)
	at com.buildpiper.capabilities.UICapability.ui_IsElementDisplay(UICapability.java:193)
	at com.buildpiper.base.Capability.ui_IsElementDisplay(Capability.java:267)
	at com.buildpiper.pages.ServiceCreationPage.buildAndValidateService(ServiceCreationPage.java:586)
	at com.buildpiper.testcases.ServiceCreationTestcases.EditandDeleteServiceEnvironment(ServiceCreationTestcases.java:221)
	at java.base/java.util.ArrayList.forEach(ArrayList.java:1511)
... Removed 28 stack frames</pre></div><a href='#' onClick='toggleBox("stack-trace1414411897", this, "Click to show all stack frames", "Click to hide stack frames")'>Click to show all stack frames</a>
<div class='stack-trace' id='stack-trace1414411897'><pre>org.openqa.selenium.NoSuchElementException: no such element: Unable to locate element: {&quot;method&quot;:&quot;xpath&quot;,&quot;selector&quot;:&quot;//h1[@class=&apos;h1&apos; and contains(.,&apos;Create a Environment&apos;)]&quot;}
  (Session info: chrome-headless-shell=120.0.6099.130)
For documentation on this error, please visit: https://www.seleniumhq.org/exceptions/no_such_element.html
Build info: version: &apos;3.141.59&apos;, revision: &apos;e82be7d358&apos;, time: &apos;2018-11-14T08:17:03&apos;
System info: host: &apos;DESKTOP-PTF1H2O&apos;, ip: &apos;192.168.43.163&apos;, os.name: &apos;Windows 10&apos;, os.arch: &apos;amd64&apos;, os.version: &apos;10.0&apos;, java.version: &apos;19.0.1&apos;
Driver info: org.openqa.selenium.chrome.ChromeDriver
Capabilities {acceptInsecureCerts: false, browserName: chrome-headless-shell, browserVersion: 120.0.6099.130, chrome: {chromedriverVersion: 120.0.6099.109 (3419140ab66..., userDataDir: C:\Users\Rahul\AppData\Loca...}, fedcm:accounts: true, goog:chromeOptions: {debuggerAddress: localhost:53444}, javascriptEnabled: true, networkConnectionEnabled: false, pageLoadStrategy: normal, platform: WINDOWS, platformName: WINDOWS, proxy: Proxy(), setWindowRect: true, strictFileInteractability: false, timeouts: {implicit: 0, pageLoad: 300000, script: 30000}, unhandledPromptBehavior: dismiss and notify, webauthn:extension:credBlob: true, webauthn:extension:largeBlob: true, webauthn:extension:minPinLength: true, webauthn:extension:prf: true, webauthn:virtualAuthenticators: true}
Session ID: 59c0e10e2fec946a2c8f10c0ccc076d1
*** Element info: {Using=xpath, value=//h1[@class=&apos;h1&apos; and contains(.,&apos;Create a Environment&apos;)]}
	at java.base/jdk.internal.reflect.DirectConstructorHandleAccessor.newInstance(DirectConstructorHandleAccessor.java:67)
	at java.base/java.lang.reflect.Constructor.newInstanceWithCaller(Constructor.java:500)
	at java.base/java.lang.reflect.Constructor.newInstance(Constructor.java:484)
	at org.openqa.selenium.remote.http.W3CHttpResponseCodec.createException(W3CHttpResponseCodec.java:187)
	at org.openqa.selenium.remote.http.W3CHttpResponseCodec.decode(W3CHttpResponseCodec.java:122)
	at org.openqa.selenium.remote.http.W3CHttpResponseCodec.decode(W3CHttpResponseCodec.java:49)
	at org.openqa.selenium.remote.HttpCommandExecutor.execute(HttpCommandExecutor.java:158)
	at org.openqa.selenium.remote.service.DriverCommandExecutor.execute(DriverCommandExecutor.java:83)
	at org.openqa.selenium.remote.RemoteWebDriver.execute(RemoteWebDriver.java:552)
	at org.openqa.selenium.remote.RemoteWebDriver.findElement(RemoteWebDriver.java:323)
	at org.openqa.selenium.remote.RemoteWebDriver.findElementByXPath(RemoteWebDriver.java:428)
	at org.openqa.selenium.By$ByXPath.findElement(By.java:353)
	at org.openqa.selenium.remote.RemoteWebDriver.findElement(RemoteWebDriver.java:315)
	at org.openqa.selenium.support.pagefactory.DefaultElementLocator.findElement(DefaultElementLocator.java:69)
	at org.openqa.selenium.support.pagefactory.internal.LocatingElementHandler.invoke(LocatingElementHandler.java:38)
	at jdk.proxy2/jdk.proxy2.$Proxy26.isDisplayed(Unknown Source)
	at com.buildpiper.capabilities.UICapability.ui_IsElementDisplay(UICapability.java:193)
	at com.buildpiper.base.Capability.ui_IsElementDisplay(Capability.java:267)
	at com.buildpiper.pages.ServiceCreationPage.buildAndValidateService(ServiceCreationPage.java:586)
	at com.buildpiper.testcases.ServiceCreationTestcases.EditandDeleteServiceEnvironment(ServiceCreationTestcases.java:221)
	at java.base/jdk.internal.reflect.DirectMethodHandleAccessor.invoke(DirectMethodHandleAccessor.java:104)
	at java.base/java.lang.reflect.Method.invoke(Method.java:578)
	at org.testng.internal.MethodInvocationHelper.invokeMethod(MethodInvocationHelper.java:134)
	at org.testng.internal.TestInvoker.invokeMethod(TestInvoker.java:597)
	at org.testng.internal.TestInvoker.invokeTestMethod(TestInvoker.java:173)
	at org.testng.internal.MethodRunner.runInSequence(MethodRunner.java:46)
	at org.testng.internal.TestInvoker$MethodInvocationAgent.invoke(TestInvoker.java:816)
	at org.testng.internal.TestInvoker.invokeTestMethods(TestInvoker.java:146)
	at org.testng.internal.TestMethodWorker.invokeTestMethods(TestMethodWorker.java:146)
	at org.testng.internal.TestMethodWorker.run(TestMethodWorker.java:128)
	at java.base/java.util.ArrayList.forEach(ArrayList.java:1511)
	at org.testng.TestRunner.privateRun(TestRunner.java:766)
	at org.testng.TestRunner.run(TestRunner.java:587)
	at org.testng.SuiteRunner.runTest(SuiteRunner.java:384)
	at org.testng.SuiteRunner.runSequentially(SuiteRunner.java:378)
	at org.testng.SuiteRunner.privateRun(SuiteRunner.java:337)
	at org.testng.SuiteRunner.run(SuiteRunner.java:286)
	at org.testng.SuiteRunnerWorker.runSuite(SuiteRunnerWorker.java:53)
	at org.testng.SuiteRunnerWorker.run(SuiteRunnerWorker.java:96)
	at org.testng.TestNG.runSuitesSequentially(TestNG.java:1187)
	at org.testng.TestNG.runSuitesLocally(TestNG.java:1109)
	at org.testng.TestNG.runSuites(TestNG.java:1039)
	at org.testng.TestNG.run(TestNG.java:1007)
	at org.testng.remote.AbstractRemoteTestNG.run(AbstractRemoteTestNG.java:115)
	at org.testng.remote.RemoteTestNG.initAndRun(RemoteTestNG.java:251)
	at org.testng.remote.RemoteTestNG.main(RemoteTestNG.java:77)
</pre></div></td>
<td>141</td>
<td>com.buildpiper.testcases.ServiceCreationTestcases@4aeaadc1</td></tr>
<tr>
<td title='com.buildpiper.testcases.ServiceCreationTestcases.createServ()'><b>createServ</b><br>Test class: com.buildpiper.testcases.ServiceCreationTestcases<br/>
<a href="#Output-2041386868" onClick='toggleBox("Output-2041386868", this, "Show output", "Hide output");'>Show output</a>

<a href="#Output-2041386868" onClick="toggleAllBoxes();">Show all outputs</a>
<div class='log' id="Output-2041386868">
checking if driver exist<br/>
<img src=D:\BuildPiper_Rahul\Reports\03Jan_210314\createServ_chrome\createServ_chrome_03_Jan_211038.jpg alt='Lamp' width='500' height='400'><br/>
Clicking on element userMenuAppBar<br/>
<img src=D:\BuildPiper_Rahul\Reports\03Jan_210314\createServ_chrome\createServ_chrome_03_Jan_211038.jpg alt='Lamp' width='500' height='400'><br/>
Clicking on element switching to user account<br/>
<img src=D:\BuildPiper_Rahul\Reports\03Jan_210314\createServ_chrome\createServ_chrome_03_Jan_211038.jpg alt='Lamp' width='500' height='400'><br/>
checking if driver exist<br/>
<img src=D:\BuildPiper_Rahul\Reports\03Jan_210314\createServ_chrome\createServ_chrome_03_Jan_211043.jpg alt='Lamp' width='500' height='400'><br/>
Element is present  xpath: //li//button[contains(@class,'main-nav-1')]//span[1][@title]]<br/>
<img src=D:\BuildPiper_Rahul\Reports\03Jan_210314\createServ_chrome\createServ_chrome_03_Jan_211048.jpg alt='Lamp' width='500' height='400'><br/>
Element is present  xpath: //button//span[2][@class='flaticon-expand-arrow']/../..//div//span[@title='Service Overview']/span]<br/>
<img src=D:\BuildPiper_Rahul\Reports\03Jan_210314\createServ_chrome\createServ_chrome_03_Jan_211051.jpg alt='Lamp' width='500' height='400'><br/>
Element is present  xpath: //a[@class='btn btn-submit']]<br/>
<img src=D:\BuildPiper_Rahul\Reports\03Jan_210314\createServ_chrome\createServ_chrome_03_Jan_211052.jpg alt='Lamp' width='500' height='400'><br/>
 Element Proxy element for: DefaultElementLocator 'By.xpath: //a[@class='btn btn-submit']' is not clickable using selenium click<br/>
<img src=D:\BuildPiper_Rahul\Reports\03Jan_210314\createServ_chrome\createServ_chrome_03_Jan_211123.jpg alt='Lamp' width='500' height='400'><br/>
Clicking on element Poc_QA addServiceBtn<br/>
<img src=D:\BuildPiper_Rahul\Reports\03Jan_210314\createServ_chrome\createServ_chrome_03_Jan_211123.jpg alt='Lamp' width='500' height='400'><br/>
Element is present  xpath: //h1[@class='main-heading']]<br/>
<img src=D:\BuildPiper_Rahul\Reports\03Jan_210314\createServ_chrome\createServ_chrome_03_Jan_211124.jpg alt='Lamp' width='500' height='400'><br/>
Element is present  xpath: //p[(@class='hint-text-main-heading')]]<br/>
<img src=D:\BuildPiper_Rahul\Reports\03Jan_210314\createServ_chrome\createServ_chrome_03_Jan_211124.jpg alt='Lamp' width='500' height='400'><br/>
Setting value on element sets service name<br/>
<img src=D:\BuildPiper_Rahul\Reports\03Jan_210314\createServ_chrome\createServ_chrome_03_Jan_211124.jpg alt='Lamp' width='500' height='400'><br/>
Setting value on element sets external name<br/>
<img src=D:\BuildPiper_Rahul\Reports\03Jan_210314\createServ_chrome\createServ_chrome_03_Jan_211128.jpg alt='Lamp' width='500' height='400'><br/>
Clicking on element Poc_QA selectEveryRadioBtn<br/>
<img src=D:\BuildPiper_Rahul\Reports\03Jan_210314\createServ_chrome\createServ_chrome_03_Jan_211128.jpg alt='Lamp' width='500' height='400'><br/>
Clicking on element Poc_QA SubmitCreatePage<br/>
<img src=D:\BuildPiper_Rahul\Reports\03Jan_210314\createServ_chrome\createServ_chrome_03_Jan_211128.jpg alt='Lamp' width='500' height='400'><br/>
####### End of Test Case: createServ #######<br/>
</div>
</td>
<td><div><pre>org.openqa.selenium.NoSuchElementException: no such element: Unable to locate element: {&quot;method&quot;:&quot;xpath&quot;,&quot;selector&quot;:&quot;//h1[@class=&apos;h1&apos; and contains(.,&apos;Create a Environment&apos;)]&quot;}
  (Session info: chrome-headless-shell=120.0.6099.130)
For documentation on this error, please visit: https://www.seleniumhq.org/exceptions/no_such_element.html
Build info: version: &apos;3.141.59&apos;, revision: &apos;e82be7d358&apos;, time: &apos;2018-11-14T08:17:03&apos;
System info: host: &apos;DESKTOP-PTF1H2O&apos;, ip: &apos;192.168.43.163&apos;, os.name: &apos;Windows 10&apos;, os.arch: &apos;amd64&apos;, os.version: &apos;10.0&apos;, java.version: &apos;19.0.1&apos;
Driver info: org.openqa.selenium.chrome.ChromeDriver
Capabilities {acceptInsecureCerts: false, browserName: chrome-headless-shell, browserVersion: 120.0.6099.130, chrome: {chromedriverVersion: 120.0.6099.109 (3419140ab66..., userDataDir: C:\Users\Rahul\AppData\Loca...}, fedcm:accounts: true, goog:chromeOptions: {debuggerAddress: localhost:53529}, javascriptEnabled: true, networkConnectionEnabled: false, pageLoadStrategy: normal, platform: WINDOWS, platformName: WINDOWS, proxy: Proxy(), setWindowRect: true, strictFileInteractability: false, timeouts: {implicit: 0, pageLoad: 300000, script: 30000}, unhandledPromptBehavior: dismiss and notify, webauthn:extension:credBlob: true, webauthn:extension:largeBlob: true, webauthn:extension:minPinLength: true, webauthn:extension:prf: true, webauthn:virtualAuthenticators: true}
Session ID: 724100d42abc5fddd5e480dfd7e39008
*** Element info: {Using=xpath, value=//h1[@class=&apos;h1&apos; and contains(.,&apos;Create a Environment&apos;)]}
	at org.openqa.selenium.remote.http.W3CHttpResponseCodec.createException(W3CHttpResponseCodec.java:187)
	at org.openqa.selenium.remote.http.W3CHttpResponseCodec.decode(W3CHttpResponseCodec.java:122)
	at org.openqa.selenium.remote.http.W3CHttpResponseCodec.decode(W3CHttpResponseCodec.java:49)
	at org.openqa.selenium.remote.HttpCommandExecutor.execute(HttpCommandExecutor.java:158)
	at org.openqa.selenium.remote.service.DriverCommandExecutor.execute(DriverCommandExecutor.java:83)
	at org.openqa.selenium.remote.RemoteWebDriver.execute(RemoteWebDriver.java:552)
	at org.openqa.selenium.remote.RemoteWebDriver.findElement(RemoteWebDriver.java:323)
	at org.openqa.selenium.remote.RemoteWebDriver.findElementByXPath(RemoteWebDriver.java:428)
	at org.openqa.selenium.By$ByXPath.findElement(By.java:353)
	at org.openqa.selenium.remote.RemoteWebDriver.findElement(RemoteWebDriver.java:315)
	at org.openqa.selenium.support.pagefactory.DefaultElementLocator.findElement(DefaultElementLocator.java:69)
	at org.openqa.selenium.support.pagefactory.internal.LocatingElementHandler.invoke(LocatingElementHandler.java:38)
	at jdk.proxy2/jdk.proxy2.$Proxy26.isDisplayed(Unknown Source)
	at com.buildpiper.capabilities.UICapability.ui_IsElementDisplay(UICapability.java:193)
	at com.buildpiper.base.Capability.ui_IsElementDisplay(Capability.java:267)
	at com.buildpiper.pages.ServiceCreationPage.buildAndValidateService(ServiceCreationPage.java:586)
	at com.buildpiper.testcases.ServiceCreationTestcases.createServ(ServiceCreationTestcases.java:112)
	at java.base/java.util.ArrayList.forEach(ArrayList.java:1511)
... Removed 28 stack frames</pre></div><a href='#' onClick='toggleBox("stack-trace2041386868", this, "Click to show all stack frames", "Click to hide stack frames")'>Click to show all stack frames</a>
<div class='stack-trace' id='stack-trace2041386868'><pre>org.openqa.selenium.NoSuchElementException: no such element: Unable to locate element: {&quot;method&quot;:&quot;xpath&quot;,&quot;selector&quot;:&quot;//h1[@class=&apos;h1&apos; and contains(.,&apos;Create a Environment&apos;)]&quot;}
  (Session info: chrome-headless-shell=120.0.6099.130)
For documentation on this error, please visit: https://www.seleniumhq.org/exceptions/no_such_element.html
Build info: version: &apos;3.141.59&apos;, revision: &apos;e82be7d358&apos;, time: &apos;2018-11-14T08:17:03&apos;
System info: host: &apos;DESKTOP-PTF1H2O&apos;, ip: &apos;192.168.43.163&apos;, os.name: &apos;Windows 10&apos;, os.arch: &apos;amd64&apos;, os.version: &apos;10.0&apos;, java.version: &apos;19.0.1&apos;
Driver info: org.openqa.selenium.chrome.ChromeDriver
Capabilities {acceptInsecureCerts: false, browserName: chrome-headless-shell, browserVersion: 120.0.6099.130, chrome: {chromedriverVersion: 120.0.6099.109 (3419140ab66..., userDataDir: C:\Users\Rahul\AppData\Loca...}, fedcm:accounts: true, goog:chromeOptions: {debuggerAddress: localhost:53529}, javascriptEnabled: true, networkConnectionEnabled: false, pageLoadStrategy: normal, platform: WINDOWS, platformName: WINDOWS, proxy: Proxy(), setWindowRect: true, strictFileInteractability: false, timeouts: {implicit: 0, pageLoad: 300000, script: 30000}, unhandledPromptBehavior: dismiss and notify, webauthn:extension:credBlob: true, webauthn:extension:largeBlob: true, webauthn:extension:minPinLength: true, webauthn:extension:prf: true, webauthn:virtualAuthenticators: true}
Session ID: 724100d42abc5fddd5e480dfd7e39008
*** Element info: {Using=xpath, value=//h1[@class=&apos;h1&apos; and contains(.,&apos;Create a Environment&apos;)]}
	at java.base/jdk.internal.reflect.DirectConstructorHandleAccessor.newInstance(DirectConstructorHandleAccessor.java:67)
	at java.base/java.lang.reflect.Constructor.newInstanceWithCaller(Constructor.java:500)
	at java.base/java.lang.reflect.Constructor.newInstance(Constructor.java:484)
	at org.openqa.selenium.remote.http.W3CHttpResponseCodec.createException(W3CHttpResponseCodec.java:187)
	at org.openqa.selenium.remote.http.W3CHttpResponseCodec.decode(W3CHttpResponseCodec.java:122)
	at org.openqa.selenium.remote.http.W3CHttpResponseCodec.decode(W3CHttpResponseCodec.java:49)
	at org.openqa.selenium.remote.HttpCommandExecutor.execute(HttpCommandExecutor.java:158)
	at org.openqa.selenium.remote.service.DriverCommandExecutor.execute(DriverCommandExecutor.java:83)
	at org.openqa.selenium.remote.RemoteWebDriver.execute(RemoteWebDriver.java:552)
	at org.openqa.selenium.remote.RemoteWebDriver.findElement(RemoteWebDriver.java:323)
	at org.openqa.selenium.remote.RemoteWebDriver.findElementByXPath(RemoteWebDriver.java:428)
	at org.openqa.selenium.By$ByXPath.findElement(By.java:353)
	at org.openqa.selenium.remote.RemoteWebDriver.findElement(RemoteWebDriver.java:315)
	at org.openqa.selenium.support.pagefactory.DefaultElementLocator.findElement(DefaultElementLocator.java:69)
	at org.openqa.selenium.support.pagefactory.internal.LocatingElementHandler.invoke(LocatingElementHandler.java:38)
	at jdk.proxy2/jdk.proxy2.$Proxy26.isDisplayed(Unknown Source)
	at com.buildpiper.capabilities.UICapability.ui_IsElementDisplay(UICapability.java:193)
	at com.buildpiper.base.Capability.ui_IsElementDisplay(Capability.java:267)
	at com.buildpiper.pages.ServiceCreationPage.buildAndValidateService(ServiceCreationPage.java:586)
	at com.buildpiper.testcases.ServiceCreationTestcases.createServ(ServiceCreationTestcases.java:112)
	at java.base/jdk.internal.reflect.DirectMethodHandleAccessor.invoke(DirectMethodHandleAccessor.java:104)
	at java.base/java.lang.reflect.Method.invoke(Method.java:578)
	at org.testng.internal.MethodInvocationHelper.invokeMethod(MethodInvocationHelper.java:134)
	at org.testng.internal.TestInvoker.invokeMethod(TestInvoker.java:597)
	at org.testng.internal.TestInvoker.invokeTestMethod(TestInvoker.java:173)
	at org.testng.internal.MethodRunner.runInSequence(MethodRunner.java:46)
	at org.testng.internal.TestInvoker$MethodInvocationAgent.invoke(TestInvoker.java:816)
	at org.testng.internal.TestInvoker.invokeTestMethods(TestInvoker.java:146)
	at org.testng.internal.TestMethodWorker.invokeTestMethods(TestMethodWorker.java:146)
	at org.testng.internal.TestMethodWorker.run(TestMethodWorker.java:128)
	at java.base/java.util.ArrayList.forEach(ArrayList.java:1511)
	at org.testng.TestRunner.privateRun(TestRunner.java:766)
	at org.testng.TestRunner.run(TestRunner.java:587)
	at org.testng.SuiteRunner.runTest(SuiteRunner.java:384)
	at org.testng.SuiteRunner.runSequentially(SuiteRunner.java:378)
	at org.testng.SuiteRunner.privateRun(SuiteRunner.java:337)
	at org.testng.SuiteRunner.run(SuiteRunner.java:286)
	at org.testng.SuiteRunnerWorker.runSuite(SuiteRunnerWorker.java:53)
	at org.testng.SuiteRunnerWorker.run(SuiteRunnerWorker.java:96)
	at org.testng.TestNG.runSuitesSequentially(TestNG.java:1187)
	at org.testng.TestNG.runSuitesLocally(TestNG.java:1109)
	at org.testng.TestNG.runSuites(TestNG.java:1039)
	at org.testng.TestNG.run(TestNG.java:1007)
	at org.testng.remote.AbstractRemoteTestNG.run(AbstractRemoteTestNG.java:115)
	at org.testng.remote.RemoteTestNG.initAndRun(RemoteTestNG.java:251)
	at org.testng.remote.RemoteTestNG.main(RemoteTestNG.java:77)
</pre></div></td>
<td>141</td>
<td>com.buildpiper.testcases.ServiceCreationTestcases@4aeaadc1</td></tr>
<tr>
<td title='com.buildpiper.testcases.ServiceCreationComprehensiveTestCases.serviceOverview_Promote()'><b>serviceOverview_Promote</b><br>Test class: com.buildpiper.testcases.ServiceCreationComprehensiveTestCases<br/>
<a href="#Output-2022055326" onClick='toggleBox("Output-2022055326", this, "Show output", "Hide output");'>Show output</a>

<a href="#Output-2022055326" onClick="toggleAllBoxes();">Show all outputs</a>
<div class='log' id="Output-2022055326">
checking if driver exist<br/>
<img src=D:\BuildPiper_Rahul\Reports\03Jan_210314\serviceOverview_Promote_chrome\serviceOverview_Promote_chrome_03_Jan_211545.jpg alt='Lamp' width='500' height='400'><br/>
checking if driver exist<br/>
<img src=D:\BuildPiper_Rahul\Reports\03Jan_210314\serviceOverview_Promote_chrome\serviceOverview_Promote_chrome_03_Jan_211545.jpg alt='Lamp' width='500' height='400'><br/>
checking if driver exist<br/>
<img src=D:\BuildPiper_Rahul\Reports\03Jan_210314\serviceOverview_Promote_chrome\serviceOverview_Promote_chrome_03_Jan_211546.jpg alt='Lamp' width='500' height='400'><br/>
checking if driver exist<br/>
<img src=D:\BuildPiper_Rahul\Reports\03Jan_210314\serviceOverview_Promote_chrome\serviceOverview_Promote_chrome_03_Jan_211546.jpg alt='Lamp' width='500' height='400'><br/>
Clicking on element userMenuAppBar<br/>
<img src=D:\BuildPiper_Rahul\Reports\03Jan_210314\serviceOverview_Promote_chrome\serviceOverview_Promote_chrome_03_Jan_211547.jpg alt='Lamp' width='500' height='400'><br/>
Clicking on element switching to user account<br/>
<img src=D:\BuildPiper_Rahul\Reports\03Jan_210314\serviceOverview_Promote_chrome\serviceOverview_Promote_chrome_03_Jan_211547.jpg alt='Lamp' width='500' height='400'><br/>
Element is present  xpath: //li//button[contains(@class,'main-nav-1')]//span[1][@title]]<br/>
<img src=D:\BuildPiper_Rahul\Reports\03Jan_210314\serviceOverview_Promote_chrome\serviceOverview_Promote_chrome_03_Jan_211557.jpg alt='Lamp' width='500' height='400'><br/>
Element is present  xpath: //button//span[2][@class='flaticon-expand-arrow']/../..//div//span[@title='Service Overview']/span]<br/>
<img src=D:\BuildPiper_Rahul\Reports\03Jan_210314\serviceOverview_Promote_chrome\serviceOverview_Promote_chrome_03_Jan_211601.jpg alt='Lamp' width='500' height='400'><br/>
Element is present  xpath: //a[@class='btn btn-submit']]<br/>
<img src=D:\BuildPiper_Rahul\Reports\03Jan_210314\serviceOverview_Promote_chrome\serviceOverview_Promote_chrome_03_Jan_211601.jpg alt='Lamp' width='500' height='400'><br/>
 Element Proxy element for: DefaultElementLocator 'By.xpath: //a[@class='btn btn-submit']' is not clickable using selenium click<br/>
<img src=D:\BuildPiper_Rahul\Reports\03Jan_210314\serviceOverview_Promote_chrome\serviceOverview_Promote_chrome_03_Jan_211633.jpg alt='Lamp' width='500' height='400'><br/>
Clicking on element Poc_QA addServiceBtn<br/>
<img src=D:\BuildPiper_Rahul\Reports\03Jan_210314\serviceOverview_Promote_chrome\serviceOverview_Promote_chrome_03_Jan_211633.jpg alt='Lamp' width='500' height='400'><br/>
Element is present  xpath: //h1[@class='main-heading']]<br/>
<img src=D:\BuildPiper_Rahul\Reports\03Jan_210314\serviceOverview_Promote_chrome\serviceOverview_Promote_chrome_03_Jan_211633.jpg alt='Lamp' width='500' height='400'><br/>
Element is present  xpath: //p[(@class='hint-text-main-heading')]]<br/>
<img src=D:\BuildPiper_Rahul\Reports\03Jan_210314\serviceOverview_Promote_chrome\serviceOverview_Promote_chrome_03_Jan_211634.jpg alt='Lamp' width='500' height='400'><br/>
Setting value on element sets service name<br/>
<img src=D:\BuildPiper_Rahul\Reports\03Jan_210314\serviceOverview_Promote_chrome\serviceOverview_Promote_chrome_03_Jan_211634.jpg alt='Lamp' width='500' height='400'><br/>
Setting value on element sets external name<br/>
<img src=D:\BuildPiper_Rahul\Reports\03Jan_210314\serviceOverview_Promote_chrome\serviceOverview_Promote_chrome_03_Jan_211637.jpg alt='Lamp' width='500' height='400'><br/>
Clicking on element Poc_QA selectEveryRadioBtn<br/>
<img src=D:\BuildPiper_Rahul\Reports\03Jan_210314\serviceOverview_Promote_chrome\serviceOverview_Promote_chrome_03_Jan_211638.jpg alt='Lamp' width='500' height='400'><br/>
Clicking on element Poc_QA SubmitCreatePage<br/>
<img src=D:\BuildPiper_Rahul\Reports\03Jan_210314\serviceOverview_Promote_chrome\serviceOverview_Promote_chrome_03_Jan_211638.jpg alt='Lamp' width='500' height='400'><br/>
####### End of Test Case: serviceOverview_Promote #######<br/>
</div>
</td>
<td><div><pre>org.openqa.selenium.NoSuchElementException: no such element: Unable to locate element: {&quot;method&quot;:&quot;xpath&quot;,&quot;selector&quot;:&quot;//h1[@class=&apos;h1&apos; and contains(.,&apos;Create a Environment&apos;)]&quot;}
  (Session info: chrome-headless-shell=120.0.6099.130)
For documentation on this error, please visit: https://www.seleniumhq.org/exceptions/no_such_element.html
Build info: version: &apos;3.141.59&apos;, revision: &apos;e82be7d358&apos;, time: &apos;2018-11-14T08:17:03&apos;
System info: host: &apos;DESKTOP-PTF1H2O&apos;, ip: &apos;192.168.43.163&apos;, os.name: &apos;Windows 10&apos;, os.arch: &apos;amd64&apos;, os.version: &apos;10.0&apos;, java.version: &apos;19.0.1&apos;
Driver info: org.openqa.selenium.chrome.ChromeDriver
Capabilities {acceptInsecureCerts: false, browserName: chrome-headless-shell, browserVersion: 120.0.6099.130, chrome: {chromedriverVersion: 120.0.6099.109 (3419140ab66..., userDataDir: C:\Users\Rahul\AppData\Loca...}, fedcm:accounts: true, goog:chromeOptions: {debuggerAddress: localhost:53631}, javascriptEnabled: true, networkConnectionEnabled: false, pageLoadStrategy: normal, platform: WINDOWS, platformName: WINDOWS, proxy: Proxy(), setWindowRect: true, strictFileInteractability: false, timeouts: {implicit: 0, pageLoad: 300000, script: 30000}, unhandledPromptBehavior: dismiss and notify, webauthn:extension:credBlob: true, webauthn:extension:largeBlob: true, webauthn:extension:minPinLength: true, webauthn:extension:prf: true, webauthn:virtualAuthenticators: true}
Session ID: ee9dad78c4ee9fe2c5e4ae758dbd1bfa
*** Element info: {Using=xpath, value=//h1[@class=&apos;h1&apos; and contains(.,&apos;Create a Environment&apos;)]}
	at org.openqa.selenium.remote.http.W3CHttpResponseCodec.createException(W3CHttpResponseCodec.java:187)
	at org.openqa.selenium.remote.http.W3CHttpResponseCodec.decode(W3CHttpResponseCodec.java:122)
	at org.openqa.selenium.remote.http.W3CHttpResponseCodec.decode(W3CHttpResponseCodec.java:49)
	at org.openqa.selenium.remote.HttpCommandExecutor.execute(HttpCommandExecutor.java:158)
	at org.openqa.selenium.remote.service.DriverCommandExecutor.execute(DriverCommandExecutor.java:83)
	at org.openqa.selenium.remote.RemoteWebDriver.execute(RemoteWebDriver.java:552)
	at org.openqa.selenium.remote.RemoteWebDriver.findElement(RemoteWebDriver.java:323)
	at org.openqa.selenium.remote.RemoteWebDriver.findElementByXPath(RemoteWebDriver.java:428)
	at org.openqa.selenium.By$ByXPath.findElement(By.java:353)
	at org.openqa.selenium.remote.RemoteWebDriver.findElement(RemoteWebDriver.java:315)
	at org.openqa.selenium.support.pagefactory.DefaultElementLocator.findElement(DefaultElementLocator.java:69)
	at org.openqa.selenium.support.pagefactory.internal.LocatingElementHandler.invoke(LocatingElementHandler.java:38)
	at jdk.proxy2/jdk.proxy2.$Proxy26.isDisplayed(Unknown Source)
	at com.buildpiper.capabilities.UICapability.ui_IsElementDisplay(UICapability.java:193)
	at com.buildpiper.base.Capability.ui_IsElementDisplay(Capability.java:267)
	at com.buildpiper.pages.ServiceCreationPage.buildAndValidateService(ServiceCreationPage.java:586)
	at com.buildpiper.testcases.ServiceCreationComprehensiveTestCases.serviceOverview_Promote(ServiceCreationComprehensiveTestCases.java:222)
	at java.base/java.util.ArrayList.forEach(ArrayList.java:1511)
... Removed 28 stack frames</pre></div><a href='#' onClick='toggleBox("stack-trace2022055326", this, "Click to show all stack frames", "Click to hide stack frames")'>Click to show all stack frames</a>
<div class='stack-trace' id='stack-trace2022055326'><pre>org.openqa.selenium.NoSuchElementException: no such element: Unable to locate element: {&quot;method&quot;:&quot;xpath&quot;,&quot;selector&quot;:&quot;//h1[@class=&apos;h1&apos; and contains(.,&apos;Create a Environment&apos;)]&quot;}
  (Session info: chrome-headless-shell=120.0.6099.130)
For documentation on this error, please visit: https://www.seleniumhq.org/exceptions/no_such_element.html
Build info: version: &apos;3.141.59&apos;, revision: &apos;e82be7d358&apos;, time: &apos;2018-11-14T08:17:03&apos;
System info: host: &apos;DESKTOP-PTF1H2O&apos;, ip: &apos;192.168.43.163&apos;, os.name: &apos;Windows 10&apos;, os.arch: &apos;amd64&apos;, os.version: &apos;10.0&apos;, java.version: &apos;19.0.1&apos;
Driver info: org.openqa.selenium.chrome.ChromeDriver
Capabilities {acceptInsecureCerts: false, browserName: chrome-headless-shell, browserVersion: 120.0.6099.130, chrome: {chromedriverVersion: 120.0.6099.109 (3419140ab66..., userDataDir: C:\Users\Rahul\AppData\Loca...}, fedcm:accounts: true, goog:chromeOptions: {debuggerAddress: localhost:53631}, javascriptEnabled: true, networkConnectionEnabled: false, pageLoadStrategy: normal, platform: WINDOWS, platformName: WINDOWS, proxy: Proxy(), setWindowRect: true, strictFileInteractability: false, timeouts: {implicit: 0, pageLoad: 300000, script: 30000}, unhandledPromptBehavior: dismiss and notify, webauthn:extension:credBlob: true, webauthn:extension:largeBlob: true, webauthn:extension:minPinLength: true, webauthn:extension:prf: true, webauthn:virtualAuthenticators: true}
Session ID: ee9dad78c4ee9fe2c5e4ae758dbd1bfa
*** Element info: {Using=xpath, value=//h1[@class=&apos;h1&apos; and contains(.,&apos;Create a Environment&apos;)]}
	at java.base/jdk.internal.reflect.DirectConstructorHandleAccessor.newInstance(DirectConstructorHandleAccessor.java:67)
	at java.base/java.lang.reflect.Constructor.newInstanceWithCaller(Constructor.java:500)
	at java.base/java.lang.reflect.Constructor.newInstance(Constructor.java:484)
	at org.openqa.selenium.remote.http.W3CHttpResponseCodec.createException(W3CHttpResponseCodec.java:187)
	at org.openqa.selenium.remote.http.W3CHttpResponseCodec.decode(W3CHttpResponseCodec.java:122)
	at org.openqa.selenium.remote.http.W3CHttpResponseCodec.decode(W3CHttpResponseCodec.java:49)
	at org.openqa.selenium.remote.HttpCommandExecutor.execute(HttpCommandExecutor.java:158)
	at org.openqa.selenium.remote.service.DriverCommandExecutor.execute(DriverCommandExecutor.java:83)
	at org.openqa.selenium.remote.RemoteWebDriver.execute(RemoteWebDriver.java:552)
	at org.openqa.selenium.remote.RemoteWebDriver.findElement(RemoteWebDriver.java:323)
	at org.openqa.selenium.remote.RemoteWebDriver.findElementByXPath(RemoteWebDriver.java:428)
	at org.openqa.selenium.By$ByXPath.findElement(By.java:353)
	at org.openqa.selenium.remote.RemoteWebDriver.findElement(RemoteWebDriver.java:315)
	at org.openqa.selenium.support.pagefactory.DefaultElementLocator.findElement(DefaultElementLocator.java:69)
	at org.openqa.selenium.support.pagefactory.internal.LocatingElementHandler.invoke(LocatingElementHandler.java:38)
	at jdk.proxy2/jdk.proxy2.$Proxy26.isDisplayed(Unknown Source)
	at com.buildpiper.capabilities.UICapability.ui_IsElementDisplay(UICapability.java:193)
	at com.buildpiper.base.Capability.ui_IsElementDisplay(Capability.java:267)
	at com.buildpiper.pages.ServiceCreationPage.buildAndValidateService(ServiceCreationPage.java:586)
	at com.buildpiper.testcases.ServiceCreationComprehensiveTestCases.serviceOverview_Promote(ServiceCreationComprehensiveTestCases.java:222)
	at java.base/jdk.internal.reflect.DirectMethodHandleAccessor.invoke(DirectMethodHandleAccessor.java:104)
	at java.base/java.lang.reflect.Method.invoke(Method.java:578)
	at org.testng.internal.MethodInvocationHelper.invokeMethod(MethodInvocationHelper.java:134)
	at org.testng.internal.TestInvoker.invokeMethod(TestInvoker.java:597)
	at org.testng.internal.TestInvoker.invokeTestMethod(TestInvoker.java:173)
	at org.testng.internal.MethodRunner.runInSequence(MethodRunner.java:46)
	at org.testng.internal.TestInvoker$MethodInvocationAgent.invoke(TestInvoker.java:816)
	at org.testng.internal.TestInvoker.invokeTestMethods(TestInvoker.java:146)
	at org.testng.internal.TestMethodWorker.invokeTestMethods(TestMethodWorker.java:146)
	at org.testng.internal.TestMethodWorker.run(TestMethodWorker.java:128)
	at java.base/java.util.ArrayList.forEach(ArrayList.java:1511)
	at org.testng.TestRunner.privateRun(TestRunner.java:766)
	at org.testng.TestRunner.run(TestRunner.java:587)
	at org.testng.SuiteRunner.runTest(SuiteRunner.java:384)
	at org.testng.SuiteRunner.runSequentially(SuiteRunner.java:378)
	at org.testng.SuiteRunner.privateRun(SuiteRunner.java:337)
	at org.testng.SuiteRunner.run(SuiteRunner.java:286)
	at org.testng.SuiteRunnerWorker.runSuite(SuiteRunnerWorker.java:53)
	at org.testng.SuiteRunnerWorker.run(SuiteRunnerWorker.java:96)
	at org.testng.TestNG.runSuitesSequentially(TestNG.java:1187)
	at org.testng.TestNG.runSuitesLocally(TestNG.java:1109)
	at org.testng.TestNG.runSuites(TestNG.java:1039)
	at org.testng.TestNG.run(TestNG.java:1007)
	at org.testng.remote.AbstractRemoteTestNG.run(AbstractRemoteTestNG.java:115)
	at org.testng.remote.RemoteTestNG.initAndRun(RemoteTestNG.java:251)
	at org.testng.remote.RemoteTestNG.main(RemoteTestNG.java:77)
</pre></div></td>
<td>143</td>
<td>com.buildpiper.testcases.ServiceCreationComprehensiveTestCases@263558c9</td></tr>
</table><p>
<table width='100%' border='1' class='invocation-passed'>
<tr><td colspan='4' align='center'><b>PASSED TESTS</b></td></tr>
<tr><td><b>Test method</b></td>
<td width="30%"><b>Exception</b></td>
<td width="10%"><b>Time (seconds)</b></td>
<td><b>Instance</b></td>
</tr>
<tr>
<td title='com.buildpiper.testcases.RepoIntegrationTestCases.AddSecretsOnAddRepoPage()'><b>AddSecretsOnAddRepoPage</b><br>Test class: com.buildpiper.testcases.RepoIntegrationTestCases<br/>
<a href="#Output-802651677" onClick='toggleBox("Output-802651677", this, "Show output", "Hide output");'>Show output</a>

<a href="#Output-802651677" onClick="toggleAllBoxes();">Show all outputs</a>
<div class='log' id="Output-802651677">
checking if driver exist<br/>
<img src=D:\BuildPiper_Rahul\Reports\03Jan_210314\AddSecretsOnAddRepoPage_chrome\AddSecretsOnAddRepoPage_chrome_03_Jan_214308.jpg alt='Lamp' width='500' height='400'><br/>
Clicking on element Integration button under side bar<br/>
<img src=D:\BuildPiper_Rahul\Reports\03Jan_210314\AddSecretsOnAddRepoPage_chrome\AddSecretsOnAddRepoPage_chrome_03_Jan_214312.jpg alt='Lamp' width='500' height='400'><br/>
Clicking on element Repo Integration button under Integration button<br/>
<img src=D:\BuildPiper_Rahul\Reports\03Jan_210314\AddSecretsOnAddRepoPage_chrome\AddSecretsOnAddRepoPage_chrome_03_Jan_214312.jpg alt='Lamp' width='500' height='400'><br/>
Element is present  xpath: //button[contains(@class,'btn btn-primary-v2')][text()=' Add Repo']]<br/>
<img src=D:\BuildPiper_Rahul\Reports\03Jan_210314\AddSecretsOnAddRepoPage_chrome\AddSecretsOnAddRepoPage_chrome_03_Jan_214314.jpg alt='Lamp' width='500' height='400'><br/>
Clicking on element clicks on add repo button<br/>
<img src=D:\BuildPiper_Rahul\Reports\03Jan_210314\AddSecretsOnAddRepoPage_chrome\AddSecretsOnAddRepoPage_chrome_03_Jan_214314.jpg alt='Lamp' width='500' height='400'><br/>
Clicking on element adds new secret<br/>
<img src=D:\BuildPiper_Rahul\Reports\03Jan_210314\AddSecretsOnAddRepoPage_chrome\AddSecretsOnAddRepoPage_chrome_03_Jan_214346.jpg alt='Lamp' width='500' height='400'><br/>
####### End of Test Case: AddSecretsOnAddRepoPage #######<br/>
</div>
</td>
<td></td>
<td>46</td>
<td>com.buildpiper.testcases.RepoIntegrationTestCases@6e4ea0bd</td></tr>
<tr>
<td title='com.buildpiper.testcases.BuildPiperTestcasesExecution.BuildPipeLine()'><b>BuildPipeLine</b><br>Test class: com.buildpiper.testcases.BuildPiperTestcasesExecution<br/>
<a href="#Output-1723960219" onClick='toggleBox("Output-1723960219", this, "Show output", "Hide output");'>Show output</a>

<a href="#Output-1723960219" onClick="toggleAllBoxes();">Show all outputs</a>
<div class='log' id="Output-1723960219">
checking if driver exist<br/>
<img src=D:\BuildPiper_Rahul\Reports\03Jan_210314\BuildPipeLine_chrome\BuildPipeLine_chrome_03_Jan_213238.jpg alt='Lamp' width='500' height='400'><br/>
Clicking on element userMenuAppBar<br/>
<img src=D:\BuildPiper_Rahul\Reports\03Jan_210314\BuildPipeLine_chrome\BuildPipeLine_chrome_03_Jan_213239.jpg alt='Lamp' width='500' height='400'><br/>
Clicking on element clicks on container registry<br/>
<img src=D:\BuildPiper_Rahul\Reports\03Jan_210314\BuildPipeLine_chrome\BuildPipeLine_chrome_03_Jan_213239.jpg alt='Lamp' width='500' height='400'><br/>
Clicking on element clicks on first container registry test<br/>
<img src=D:\BuildPiper_Rahul\Reports\03Jan_210314\BuildPipeLine_chrome\BuildPipeLine_chrome_03_Jan_213241.jpg alt='Lamp' width='500' height='400'><br/>
Element is present  xpath: //div[contains(@class,'connected text connected')]]<br/>
<img src=D:\BuildPiper_Rahul\Reports\03Jan_210314\BuildPipeLine_chrome\BuildPipeLine_chrome_03_Jan_213241.jpg alt='Lamp' width='500' height='400'><br/>
Clicking on element userMenuAppBar<br/>
<img src=D:\BuildPiper_Rahul\Reports\03Jan_210314\BuildPipeLine_chrome\BuildPipeLine_chrome_03_Jan_213247.jpg alt='Lamp' width='500' height='400'><br/>
Clicking on element switching to user account<br/>
<img src=D:\BuildPiper_Rahul\Reports\03Jan_210314\BuildPipeLine_chrome\BuildPipeLine_chrome_03_Jan_213247.jpg alt='Lamp' width='500' height='400'><br/>
checking if driver exist<br/>
<img src=D:\BuildPiper_Rahul\Reports\03Jan_210314\BuildPipeLine_chrome\BuildPipeLine_chrome_03_Jan_213247.jpg alt='Lamp' width='500' height='400'><br/>
Element is present  xpath: //li//button[contains(@class,'main-nav-1')]//span[@title]]<br/>
<img src=D:\BuildPiper_Rahul\Reports\03Jan_210314\BuildPipeLine_chrome\BuildPipeLine_chrome_03_Jan_213253.jpg alt='Lamp' width='500' height='400'><br/>
Clicking on element Poc_QA pipelineOverviewLink<br/>
<img src=D:\BuildPiper_Rahul\Reports\03Jan_210314\BuildPipeLine_chrome\BuildPipeLine_chrome_03_Jan_213253.jpg alt='Lamp' width='500' height='400'><br/>
Element is present  xpath: //div[@class='input-component']//input[@name='name' and @placeholder='Name']]<br/>
<img src=D:\BuildPiper_Rahul\Reports\03Jan_210314\BuildPipeLine_chrome\BuildPipeLine_chrome_03_Jan_213253.jpg alt='Lamp' width='500' height='400'><br/>
Clicking on element view pipeline excution history<br/>
<img src=D:\BuildPiper_Rahul\Reports\03Jan_210314\BuildPipeLine_chrome\BuildPipeLine_chrome_03_Jan_213258.jpg alt='Lamp' width='500' height='400'><br/>
Element is present  xpath: //button[@title='Replay Pipeline']]<br/>
<img src=D:\BuildPiper_Rahul\Reports\03Jan_210314\BuildPipeLine_chrome\BuildPipeLine_chrome_03_Jan_213259.jpg alt='Lamp' width='500' height='400'><br/>
Clicking on element view pipeline re-excution history<br/>
<img src=D:\BuildPiper_Rahul\Reports\03Jan_210314\BuildPipeLine_chrome\BuildPipeLine_chrome_03_Jan_213300.jpg alt='Lamp' width='500' height='400'><br/>
Element is present  xpath: //a[contains(@href,'/application/')][contains(@href,'/pipeline/')][contains(@href,'/execution/')]]<br/>
<img src=D:\BuildPiper_Rahul\Reports\03Jan_210314\BuildPipeLine_chrome\BuildPipeLine_chrome_03_Jan_213305.jpg alt='Lamp' width='500' height='400'><br/>
 Element Proxy element for: DefaultElementLocator 'By.xpath: //a[contains(@href,'/application/')][contains(@href,'/pipeline/')][contains(@href,'/execution/')]' is not clickable using selenium click<br/>
<img src=D:\BuildPiper_Rahul\Reports\03Jan_210314\BuildPipeLine_chrome\BuildPipeLine_chrome_03_Jan_213336.jpg alt='Lamp' width='500' height='400'><br/>
Clicking on element Poc_QA execution Start<br/>
<img src=D:\BuildPiper_Rahul\Reports\03Jan_210314\BuildPipeLine_chrome\BuildPipeLine_chrome_03_Jan_213337.jpg alt='Lamp' width='500' height='400'><br/>
Clicking on element Expend Build<br/>
<img src=D:\BuildPiper_Rahul\Reports\03Jan_210314\BuildPipeLine_chrome\BuildPipeLine_chrome_03_Jan_213337.jpg alt='Lamp' width='500' height='400'><br/>
Element is present  xpath: //a[@title='view logs']]<br/>
<img src=D:\BuildPiper_Rahul\Reports\03Jan_210314\BuildPipeLine_chrome\BuildPipeLine_chrome_03_Jan_213338.jpg alt='Lamp' width='500' height='400'><br/>
Clicking on element Poc_QA click on View Logs<br/>
<img src=D:\BuildPiper_Rahul\Reports\03Jan_210314\BuildPipeLine_chrome\BuildPipeLine_chrome_03_Jan_213338.jpg alt='Lamp' width='500' height='400'><br/>
####### End of Test Case: BuildPipeLine #######<br/>
</div>
</td>
<td></td>
<td>62</td>
<td>com.buildpiper.testcases.BuildPiperTestcasesExecution@62315f22</td></tr>
<tr>
<td title='com.buildpiper.testcases.EnvironmentTestcasesExecution.EnvironmentLevelSearch()'><b>EnvironmentLevelSearch</b><br>Test class: com.buildpiper.testcases.EnvironmentTestcasesExecution<br/>
<a href="#Output-1660891176" onClick='toggleBox("Output-1660891176", this, "Show output", "Hide output");'>Show output</a>

<a href="#Output-1660891176" onClick="toggleAllBoxes();">Show all outputs</a>
<div class='log' id="Output-1660891176">
checking if driver exist<br/>
<img src=D:\BuildPiper_Rahul\Reports\03Jan_210314\EnvironmentLevelSearch_chrome\EnvironmentLevelSearch_chrome_03_Jan_212337.jpg alt='Lamp' width='500' height='400'><br/>
Clicking on element userMenuAppBar<br/>
<img src=D:\BuildPiper_Rahul\Reports\03Jan_210314\EnvironmentLevelSearch_chrome\EnvironmentLevelSearch_chrome_03_Jan_212347.jpg alt='Lamp' width='500' height='400'><br/>
Clicking on element switching to user account<br/>
<img src=D:\BuildPiper_Rahul\Reports\03Jan_210314\EnvironmentLevelSearch_chrome\EnvironmentLevelSearch_chrome_03_Jan_212348.jpg alt='Lamp' width='500' height='400'><br/>
checking if driver exist<br/>
<img src=D:\BuildPiper_Rahul\Reports\03Jan_210314\EnvironmentLevelSearch_chrome\EnvironmentLevelSearch_chrome_03_Jan_212353.jpg alt='Lamp' width='500' height='400'><br/>
Element is present  xpath: //li//button[contains(@class,'main-nav-1')]//span[@title]]<br/>
<img src=D:\BuildPiper_Rahul\Reports\03Jan_210314\EnvironmentLevelSearch_chrome\EnvironmentLevelSearch_chrome_03_Jan_212353.jpg alt='Lamp' width='500' height='400'><br/>
Element is present  xpath: //button//span[2][@class='flaticon-expand-arrow']/../..//div//span[@title='Environment Overview']]<br/>
<img src=D:\BuildPiper_Rahul\Reports\03Jan_210314\EnvironmentLevelSearch_chrome\EnvironmentLevelSearch_chrome_03_Jan_212354.jpg alt='Lamp' width='500' height='400'><br/>
Clicking on element clicks on environment overview tab under applicartion name<br/>
<img src=D:\BuildPiper_Rahul\Reports\03Jan_210314\EnvironmentLevelSearch_chrome\EnvironmentLevelSearch_chrome_03_Jan_212354.jpg alt='Lamp' width='500' height='400'><br/>
Clicking on element click on Close search Environment<br/>
<img src=D:\BuildPiper_Rahul\Reports\03Jan_210314\EnvironmentLevelSearch_chrome\EnvironmentLevelSearch_chrome_03_Jan_212407.jpg alt='Lamp' width='500' height='400'><br/>
####### End of Test Case: EnvironmentLevelSearch #######<br/>
</div>
</td>
<td></td>
<td>36</td>
<td>com.buildpiper.testcases.EnvironmentTestcasesExecution@1f14f20c</td></tr>
<tr>
<td title='com.buildpiper.testcases.JobExecutionActivityTestcases.PaginationCheck()'><b>PaginationCheck</b><br>Test class: com.buildpiper.testcases.JobExecutionActivityTestcases<br/>
<a href="#Output-27692044" onClick='toggleBox("Output-27692044", this, "Show output", "Hide output");'>Show output</a>

<a href="#Output-27692044" onClick="toggleAllBoxes();">Show all outputs</a>
<div class='log' id="Output-27692044">
checking if driver exist<br/>
<img src=D:\BuildPiper_Rahul\Reports\03Jan_210314\PaginationCheck_chrome\PaginationCheck_chrome_03_Jan_214727.jpg alt='Lamp' width='500' height='400'><br/>
Clicking on element userMenuAppBar<br/>
<img src=D:\BuildPiper_Rahul\Reports\03Jan_210314\PaginationCheck_chrome\PaginationCheck_chrome_03_Jan_214728.jpg alt='Lamp' width='500' height='400'><br/>
Clicking on element select Job Execution Activity Menu<br/>
<img src=D:\BuildPiper_Rahul\Reports\03Jan_210314\PaginationCheck_chrome\PaginationCheck_chrome_03_Jan_214728.jpg alt='Lamp' width='500' height='400'><br/>
checking if driver exist<br/>
<img src=D:\BuildPiper_Rahul\Reports\03Jan_210314\PaginationCheck_chrome\PaginationCheck_chrome_03_Jan_214731.jpg alt='Lamp' width='500' height='400'><br/>
Element is present  xpath: //li//button[contains(@class,'main-nav-1')]//span[1][@title]]<br/>
<img src=D:\BuildPiper_Rahul\Reports\03Jan_210314\PaginationCheck_chrome\PaginationCheck_chrome_03_Jan_214736.jpg alt='Lamp' width='500' height='400'><br/>
Element is present  xpath: //button[contains(@class,'btn btn-with-icon pagination-btn btn-not-allowed btn-round cursor-not-allowed text-grey-')]]<br/>
<img src=D:\BuildPiper_Rahul\Reports\03Jan_210314\PaginationCheck_chrome\PaginationCheck_chrome_03_Jan_214737.jpg alt='Lamp' width='500' height='400'><br/>
Element is present  xpath: //input[@name='page_number']]<br/>
<img src=D:\BuildPiper_Rahul\Reports\03Jan_210314\PaginationCheck_chrome\PaginationCheck_chrome_03_Jan_214807.jpg alt='Lamp' width='500' height='400'><br/>
Element is present  xpath: //button[contains(@class,'btn btn-with-icon pagination-btn btn-not-allowed btn-round cursor-not-allowed text-grey-')]]<br/>
<img src=D:\BuildPiper_Rahul\Reports\03Jan_210314\PaginationCheck_chrome\PaginationCheck_chrome_03_Jan_214848.jpg alt='Lamp' width='500' height='400'><br/>
####### End of Test Case: PaginationCheck #######<br/>
</div>
</td>
<td></td>
<td>111</td>
<td>com.buildpiper.testcases.JobExecutionActivityTestcases@56f2bbea</td></tr>
<tr>
<td title='com.buildpiper.testcases.BuildPiperTestcasesExecution.managePopupTest()'><b>managePopupTest</b><br>Test class: com.buildpiper.testcases.BuildPiperTestcasesExecution<br/>
<a href="#Output-1196199234" onClick='toggleBox("Output-1196199234", this, "Show output", "Hide output");'>Show output</a>

<a href="#Output-1196199234" onClick="toggleAllBoxes();">Show all outputs</a>
<div class='log' id="Output-1196199234">
checking if driver exist<br/>
<img src=D:\BuildPiper_Rahul\Reports\03Jan_210314\managePopupTest_chrome\managePopupTest_chrome_03_Jan_213512.jpg alt='Lamp' width='500' height='400'><br/>
 Element [[ChromeDriver: chrome-headless-shell on WINDOWS (7e852fd6155a20f822421f786a0737f8)] -> xpath: //button[@type='button' and @aria-controls='menu-appbar']//div//div] is not clickable using selenium click<br/>
<img src=D:\BuildPiper_Rahul\Reports\03Jan_210314\managePopupTest_chrome\managePopupTest_chrome_03_Jan_213528.jpg alt='Lamp' width='500' height='400'><br/>
Clicking on element userMenuAppBar<br/>
<img src=D:\BuildPiper_Rahul\Reports\03Jan_210314\managePopupTest_chrome\managePopupTest_chrome_03_Jan_213529.jpg alt='Lamp' width='500' height='400'><br/>
 Element Proxy element for: DefaultElementLocator 'By.xpath: //button[contains(@class,'btn-link-green')][text()=' Switch to User Portal']' is not clickable using selenium click<br/>
<img src=D:\BuildPiper_Rahul\Reports\03Jan_210314\managePopupTest_chrome\managePopupTest_chrome_03_Jan_213600.jpg alt='Lamp' width='500' height='400'><br/>
Clicking on element switching to user account<br/>
<img src=D:\BuildPiper_Rahul\Reports\03Jan_210314\managePopupTest_chrome\managePopupTest_chrome_03_Jan_213600.jpg alt='Lamp' width='500' height='400'><br/>
Element is present  xpath: //li//button[contains(@class,'main-nav-1')]//span[@title]]<br/>
<img src=D:\BuildPiper_Rahul\Reports\03Jan_210314\managePopupTest_chrome\managePopupTest_chrome_03_Jan_213606.jpg alt='Lamp' width='500' height='400'><br/>
Clicking on element Poc_QA pipelineOverviewLink<br/>
<img src=D:\BuildPiper_Rahul\Reports\03Jan_210314\managePopupTest_chrome\managePopupTest_chrome_03_Jan_213606.jpg alt='Lamp' width='500' height='400'><br/>
Element is present  xpath: //div[@class='input-component']//input[@name='name' and @placeholder='Name']]<br/>
<img src=D:\BuildPiper_Rahul\Reports\03Jan_210314\managePopupTest_chrome\managePopupTest_chrome_03_Jan_213607.jpg alt='Lamp' width='500' height='400'><br/>
Clicking on element view pipeline excution history<br/>
<img src=D:\BuildPiper_Rahul\Reports\03Jan_210314\managePopupTest_chrome\managePopupTest_chrome_03_Jan_213608.jpg alt='Lamp' width='500' height='400'><br/>
Element is present  xpath: //button[@title='Replay Pipeline']]<br/>
<img src=D:\BuildPiper_Rahul\Reports\03Jan_210314\managePopupTest_chrome\managePopupTest_chrome_03_Jan_213608.jpg alt='Lamp' width='500' height='400'><br/>
Clicking on element view pipeline re-excution history<br/>
<img src=D:\BuildPiper_Rahul\Reports\03Jan_210314\managePopupTest_chrome\managePopupTest_chrome_03_Jan_213609.jpg alt='Lamp' width='500' height='400'><br/>
Element is present  xpath: //a[contains(@href,'/application/')][contains(@href,'/pipeline/')][contains(@href,'/execution/')]]<br/>
<img src=D:\BuildPiper_Rahul\Reports\03Jan_210314\managePopupTest_chrome\managePopupTest_chrome_03_Jan_213614.jpg alt='Lamp' width='500' height='400'><br/>
 Element Proxy element for: DefaultElementLocator 'By.xpath: //a[contains(@href,'/application/')][contains(@href,'/pipeline/')][contains(@href,'/execution/')]' is not clickable using selenium click<br/>
<img src=D:\BuildPiper_Rahul\Reports\03Jan_210314\managePopupTest_chrome\managePopupTest_chrome_03_Jan_213646.jpg alt='Lamp' width='500' height='400'><br/>
Clicking on element Poc_QA execution Start<br/>
<img src=D:\BuildPiper_Rahul\Reports\03Jan_210314\managePopupTest_chrome\managePopupTest_chrome_03_Jan_213646.jpg alt='Lamp' width='500' height='400'><br/>
Element is present  xpath: //button[contains(@class,'btn btn-danger')]//span[contains(text(),'Manage Failures')]]<br/>
<img src=D:\BuildPiper_Rahul\Reports\03Jan_210314\managePopupTest_chrome\managePopupTest_chrome_03_Jan_213646.jpg alt='Lamp' width='500' height='400'><br/>
Clicking on element manage Failure PopUp<br/>
<img src=D:\BuildPiper_Rahul\Reports\03Jan_210314\managePopupTest_chrome\managePopupTest_chrome_03_Jan_213646.jpg alt='Lamp' width='500' height='400'><br/>
####### End of Test Case: managePopupTest #######<br/>
</div>
</td>
<td></td>
<td>94</td>
<td>com.buildpiper.testcases.BuildPiperTestcasesExecution@62315f22</td></tr>
</table><p>
</body>
</html>